INFO: 2024-05-23 15:36:38,252: main() 'Using profile folder /home/amro/.config/variety/'
INFO: 2024-05-23 15:36:38,254: perform_upgrade() 'Last run version was 0.8.12 or earlier, current version is 0.8.12'
INFO: 2024-05-23 15:36:38,329: process_command() 'Received command: []'
INFO: 2024-05-23 15:36:38,331: start() 'Using data_path /usr/share/variety'
INFO: 2024-05-23 15:36:38,331: load() 'Jumble loading'
INFO: 2024-05-23 15:36:38,331: _walk_modules() 'Jumble loading module in __init__ from /usr/lib/python3.12/site-packages/variety/plugins/builtin/__init__.py'
INFO: 2024-05-23 15:36:38,331: _walk_modules() 'Jumble loading module in GnomeDisplayModesPlugin from /usr/lib/python3.12/site-packages/variety/plugins/builtin/display_modes/GnomeDisplayModesPlugin.py'
INFO: 2024-05-23 15:36:38,331: load() 'Jumble found plugin class: <class 'GnomeDisplayModesPlugin.GnomeDisplayModesPlugin'>: {'name': 'GnomeDisplayModesPlugin', 'description': 'Display modes relying on the underlying desktop environment', 'version': '1.0', 'author': 'Peter Levi'}'
INFO: 2024-05-23 15:36:38,332: _walk_modules() 'Jumble loading module in LegacyDisplayModesPlugin from /usr/lib/python3.12/site-packages/variety/plugins/builtin/display_modes/LegacyDisplayModesPlugin.py'
INFO: 2024-05-23 15:36:38,332: load() 'Jumble found plugin class: <class 'LegacyDisplayModesPlugin.LegacyDisplayModesPlugin'>: {'name': 'LegacyDisplayModesPlugin', 'description': 'Legacy display mode for compatibility with past Variety versions', 'version': '1.0', 'author': 'Peter Levi'}'
INFO: 2024-05-23 15:36:38,332: _walk_modules() 'Jumble loading module in ResizingDisplayModesPlugin from /usr/lib/python3.12/site-packages/variety/plugins/builtin/display_modes/ResizingDisplayModesPlugin.py'
INFO: 2024-05-23 15:36:38,332: load() 'Jumble found plugin class: <class 'ResizingDisplayModesPlugin.ResizingDisplayModesPlugin'>: {'name': 'ResizingDisplayModesPlugin', 'description': 'Display modes that use image resizing within Variety', 'version': '1.0', 'author': 'Peter Levi'}'
INFO: 2024-05-23 15:36:38,332: _walk_modules() 'Jumble loading module in __init__ from /usr/lib/python3.12/site-packages/variety/plugins/builtin/display_modes/__init__.py'
INFO: 2024-05-23 15:36:38,332: _walk_modules() 'Jumble loading module in APODDownloader from /usr/lib/python3.12/site-packages/variety/plugins/builtin/downloaders/APODDownloader.py'
INFO: 2024-05-23 15:36:38,333: load() 'Jumble found plugin class: <class 'APODDownloader.APODDownloader'>: {'name': 'APODDownloader', 'description': 'NASA Astro Pic of the Day', 'author': 'Peter Levi', 'version': '0.1'}'
INFO: 2024-05-23 15:36:38,333: _walk_modules() 'Jumble loading module in ArtStationDownloader from /usr/lib/python3.12/site-packages/variety/plugins/builtin/downloaders/ArtStationDownloader.py'
INFO: 2024-05-23 15:36:38,333: _walk_modules() 'Jumble loading module in ArtStationSource from /usr/lib/python3.12/site-packages/variety/plugins/builtin/downloaders/ArtStationSource.py'
INFO: 2024-05-23 15:36:38,334: load() 'Jumble found plugin class: <class 'ArtStationSource.ArtStationSource'>: {'name': 'ArtStationSource', 'description': 'Configurable source for fetching images from ArtStation', 'author': 'Denis Gordeev', 'version': '0.1'}'
INFO: 2024-05-23 15:36:38,335: _walk_modules() 'Jumble loading module in BingDownloader from /usr/lib/python3.12/site-packages/variety/plugins/builtin/downloaders/BingDownloader.py'
INFO: 2024-05-23 15:36:38,335: load() 'Jumble found plugin class: <class 'BingDownloader.BingDownloader'>: {'name': 'BingDownloader', 'description': 'Bing Photo of the Day', 'author': 'Peter Levi', 'version': '0.1'}'
INFO: 2024-05-23 15:36:38,335: _walk_modules() 'Jumble loading module in EarthviewDownloader from /usr/lib/python3.12/site-packages/variety/plugins/builtin/downloaders/EarthviewDownloader.py'
INFO: 2024-05-23 15:36:38,336: load() 'Jumble found plugin class: <class 'EarthviewDownloader.EarthviewDownloader'>: {'name': 'EarthviewDownloader', 'description': 'Google Earth View Wallpapers', 'author': 'Peter Levi', 'version': '0.1'}'
INFO: 2024-05-23 15:36:38,336: _walk_modules() 'Jumble loading module in MediaRSSDownloader from /usr/lib/python3.12/site-packages/variety/plugins/builtin/downloaders/MediaRSSDownloader.py'
INFO: 2024-05-23 15:36:38,336: _walk_modules() 'Jumble loading module in MediaRSSSource from /usr/lib/python3.12/site-packages/variety/plugins/builtin/downloaders/MediaRSSSource.py'
INFO: 2024-05-23 15:36:38,337: load() 'Jumble found plugin class: <class 'MediaRSSSource.MediaRSSSource'>: {'name': 'MediaRSSSource', 'description': 'Configurable source for fetching images from MediaRSS feeds', 'author': 'Peter Levi', 'version': '0.1'}'
INFO: 2024-05-23 15:36:38,337: _walk_modules() 'Jumble loading module in NationalGeographicDownloader from /usr/lib/python3.12/site-packages/variety/plugins/builtin/downloaders/NationalGeographicDownloader.py'
INFO: 2024-05-23 15:36:38,337: load() 'Jumble found plugin class: <class 'NationalGeographicDownloader.NationalGeographicDownloader'>: {'name': 'NationalGeographicDownloader', 'description': "National Geographic's photo of the day", 'author': 'Eric RÃ¶sch', 'version': '0.1'}'
INFO: 2024-05-23 15:36:38,337: _walk_modules() 'Jumble loading module in RedditDownloader from /usr/lib/python3.12/site-packages/variety/plugins/builtin/downloaders/RedditDownloader.py'
INFO: 2024-05-23 15:36:38,338: _walk_modules() 'Jumble loading module in RedditSource from /usr/lib/python3.12/site-packages/variety/plugins/builtin/downloaders/RedditSource.py'
INFO: 2024-05-23 15:36:38,338: load() 'Jumble found plugin class: <class 'RedditSource.RedditSource'>: {'name': 'RedditSource', 'description': 'Configurable source for fetching images from Reddit', 'author': 'Peter Levi', 'version': '0.1'}'
INFO: 2024-05-23 15:36:38,338: _walk_modules() 'Jumble loading module in UnsplashConfigurableSource from /usr/lib/python3.12/site-packages/variety/plugins/builtin/downloaders/UnsplashConfigurableSource.py'
INFO: 2024-05-23 15:36:38,339: load() 'Jumble found plugin class: <class 'UnsplashConfigurableSource.UnsplashConfigurableSource'>: {'name': 'UnsplashConfigurableSource', 'description': 'Configurable source for fetching photos from Unsplash.com', 'author': 'Peter Levi', 'version': '0.1'}'
INFO: 2024-05-23 15:36:38,339: _walk_modules() 'Jumble loading module in UnsplashDownloader from /usr/lib/python3.12/site-packages/variety/plugins/builtin/downloaders/UnsplashDownloader.py'
INFO: 2024-05-23 15:36:38,340: load() 'Jumble found plugin class: <class 'UnsplashDownloader.UnsplashDownloader'>: {'name': 'UnsplashDownloader', 'description': 'High-resolution photos from Unsplash.com', 'author': 'Peter Levi', 'version': '0.1'}'
INFO: 2024-05-23 15:36:38,340: _walk_modules() 'Jumble loading module in WallhavenDownloader from /usr/lib/python3.12/site-packages/variety/plugins/builtin/downloaders/WallhavenDownloader.py'
INFO: 2024-05-23 15:36:38,341: _walk_modules() 'Jumble loading module in WallhavenLegacyDownloader from /usr/lib/python3.12/site-packages/variety/plugins/builtin/downloaders/WallhavenLegacyDownloader.py'
INFO: 2024-05-23 15:36:38,341: _walk_modules() 'Jumble loading module in WallhavenSource from /usr/lib/python3.12/site-packages/variety/plugins/builtin/downloaders/WallhavenSource.py'
INFO: 2024-05-23 15:36:38,342: load() 'Jumble found plugin class: <class 'WallhavenSource.WallhavenSource'>: {'name': 'WallhavenSource', 'description': 'Configurable source for fetching images from Wallhaven.cc', 'author': 'Peter Levi', 'version': '0.1'}'
INFO: 2024-05-23 15:36:38,342: _walk_modules() 'Jumble loading module in __init__ from /usr/lib/python3.12/site-packages/variety/plugins/builtin/downloaders/__init__.py'
INFO: 2024-05-23 15:36:38,342: _walk_modules() 'Jumble loading module in FortuneSource from /usr/lib/python3.12/site-packages/variety/plugins/builtin/quotes/FortuneSource.py'
INFO: 2024-05-23 15:36:38,343: load() 'Jumble found plugin class: <class 'FortuneSource.FortuneSource'>: {'name': 'UNIX fortune program', 'description': 'Displays quotes using the UNIX fortune program. You may want to install additional fortune packs, e.g. fortunes-bofh-excuses.', 'author': 'Dan Jones', 'version': '0.1'}'
INFO: 2024-05-23 15:36:38,343: _walk_modules() 'Jumble loading module in GoodreadsSource from /usr/lib/python3.12/site-packages/variety/plugins/builtin/quotes/GoodreadsSource.py'
INFO: 2024-05-23 15:36:38,371: load() 'Jumble found plugin class: <class 'GoodreadsSource.GoodreadsSource'>: {'name': 'Goodreads', 'description': 'Fetches quotes from Goodreads.com', 'author': 'Peter Levi', 'version': '0.1'}'
INFO: 2024-05-23 15:36:38,371: _walk_modules() 'Jumble loading module in LocalFilesSource from /usr/lib/python3.12/site-packages/variety/plugins/builtin/quotes/LocalFilesSource.py'
INFO: 2024-05-23 15:36:38,372: load() 'Jumble found plugin class: <class 'LocalFilesSource.LocalFilesSource'>: {'name': 'Local text files', 'description': 'Displays quotes, defined in local text files.\nPut your own txt files in: ~/.config/variety/pluginconfig/quotes/.\nThe file format is:\n\nquote -- author\n.\nsecond quote -- another author\n.\netc...\n\nExample: http://rvelthuis.de/zips/quotes.txt', 'author': 'Peter Levi', 'version': '0.1'}'
INFO: 2024-05-23 15:36:38,372: _walk_modules() 'Jumble loading module in QuotationsPageSource from /usr/lib/python3.12/site-packages/variety/plugins/builtin/quotes/QuotationsPageSource.py'
INFO: 2024-05-23 15:36:38,372: load() 'Jumble found plugin class: <class 'QuotationsPageSource.QuotationsPageSource'>: {'name': 'TheQuotationsPage.com', 'description': 'Fetches quotes from TheQuotationsPage.com', 'author': 'Peter Levi', 'version': '0.1'}'
INFO: 2024-05-23 15:36:38,373: _walk_modules() 'Jumble loading module in UrbanDictionarySource from /usr/lib/python3.12/site-packages/variety/plugins/builtin/quotes/UrbanDictionarySource.py'
INFO: 2024-05-23 15:36:38,373: load() 'Jumble found plugin class: <class 'UrbanDictionarySource.UrbanDictionarySource'>: {'name': 'Urban Dictionary', 'description': 'Displays definitions from Urban Dictionary', 'author': 'James Miller', 'version': '0.1'}'
INFO: 2024-05-23 15:36:38,373: _walk_modules() 'Jumble loading module in __init__ from /usr/lib/python3.12/site-packages/variety/plugins/builtin/quotes/__init__.py'
INFO: 2024-05-23 15:36:38,381: reload_config() 'Creating new downloader for type bing, location Bing Photo of the Day'
INFO: 2024-05-23 15:36:38,382: log_options() 'Loaded options:'
INFO: 2024-05-23 15:36:38,383: log_options() 'change_enabled = True'
INFO: 2024-05-23 15:36:38,383: log_options() 'change_interval = 300'
INFO: 2024-05-23 15:36:38,383: log_options() 'change_on_start = False'
INFO: 2024-05-23 15:36:38,383: log_options() 'clipboard_enabled = False'
INFO: 2024-05-23 15:36:38,383: log_options() 'clipboard_hosts = ['wallhaven.cc', 'wallpapers.net', 'flickr.com', 'imgur.com', 'deviantart.com', 'interfacelift.com', 'vladstudio.com', 'imageshack.us', 'deviantart.net', 'imageshack.com']'
INFO: 2024-05-23 15:36:38,383: log_options() 'clipboard_use_whitelist = True'
INFO: 2024-05-23 15:36:38,383: log_options() 'clock_date_font = Serif 30'
INFO: 2024-05-23 15:36:38,383: log_options() 'clock_enabled = False'
INFO: 2024-05-23 15:36:38,383: log_options() 'clock_filter = -density 100 -font `fc-match -f '%{file[0]}' '%CLOCK_FONT_NAME'` -pointsize %CLOCK_FONT_SIZE -gravity SouthEast -fill '#00000044' -annotate 0x0+[%HOFFSET+58]+[%VOFFSET+108] '%H:%M' -fill white -annotate 0x0+[%HOFFSET+60]+[%VOFFSET+110] '%H:%M' -font `fc-match -f '%{file[0]}' '%DATE_FONT_NAME'` -pointsize %DATE_FONT_SIZE -fill '#00000044' -annotate 0x0+[%HOFFSET+58]+[%VOFFSET+58] '%A, %B %d' -fill white -annotate 0x0+[%HOFFSET+60]+[%VOFFSET+60] '%A, %B %d''
INFO: 2024-05-23 15:36:38,383: log_options() 'clock_font = Serif 70'
INFO: 2024-05-23 15:36:38,383: log_options() 'configfile = /home/amro/.config/variety/variety.conf'
INFO: 2024-05-23 15:36:38,383: log_options() 'copyto_enabled = False'
INFO: 2024-05-23 15:36:38,383: log_options() 'copyto_folder = Default'
INFO: 2024-05-23 15:36:38,383: log_options() 'desired_color = [160, 160, 160]'
INFO: 2024-05-23 15:36:38,383: log_options() 'desired_color_enabled = False'
INFO: 2024-05-23 15:36:38,383: log_options() 'download_folder = /home/amro/.config/variety/Downloaded'
INFO: 2024-05-23 15:36:38,383: log_options() 'download_preference_ratio = 0.9'
INFO: 2024-05-23 15:36:38,383: log_options() 'favorites_folder = /home/amro/.config/variety/Favorites'
INFO: 2024-05-23 15:36:38,384: log_options() 'favorites_operations = [['Downloaded', 'Copy'], ['Fetched', 'Move'], ['Others', 'Copy']]'
INFO: 2024-05-23 15:36:38,384: log_options() 'fetched_folder = /home/amro/.config/variety/Fetched'
INFO: 2024-05-23 15:36:38,384: log_options() 'filters = [[False, 'Keep original', ''], [False, 'Grayscale', '-type Grayscale'], [False, 'Heavy blur', '-scale 20% -blur 0x10 -resize 500%'], [False, 'Soft blur', '-scale 20% -blur 0x2 -resize 500%'], [False, 'Oil painting', '-paint 8'], [False, 'Pointilism', '-spread 10 -noise 3'], [False, 'Pixellate', '-scale 3% -scale 3333%']]'
INFO: 2024-05-23 15:36:38,384: log_options() 'get_wallpaper_script = /home/amro/.config/variety/scripts/get_wallpaper'
INFO: 2024-05-23 15:36:38,384: log_options() 'icon = Light'
INFO: 2024-05-23 15:36:38,384: log_options() 'internet_enabled = True'
INFO: 2024-05-23 15:36:38,384: log_options() 'lightness_enabled = False'
INFO: 2024-05-23 15:36:38,384: log_options() 'lightness_mode = 0'
INFO: 2024-05-23 15:36:38,384: log_options() 'min_rating = 4'
INFO: 2024-05-23 15:36:38,384: log_options() 'min_rating_enabled = False'
INFO: 2024-05-23 15:36:38,384: log_options() 'min_size = 80'
INFO: 2024-05-23 15:36:38,384: log_options() 'min_size_enabled = False'
INFO: 2024-05-23 15:36:38,384: log_options() 'quota_enabled = True'
INFO: 2024-05-23 15:36:38,384: log_options() 'quota_size = 1000'
INFO: 2024-05-23 15:36:38,384: log_options() 'quotes_authors = '
INFO: 2024-05-23 15:36:38,384: log_options() 'quotes_bg_color = [80, 80, 80]'
INFO: 2024-05-23 15:36:38,384: log_options() 'quotes_bg_opacity = 55'
INFO: 2024-05-23 15:36:38,384: log_options() 'quotes_change_enabled = False'
INFO: 2024-05-23 15:36:38,384: log_options() 'quotes_change_interval = 300'
INFO: 2024-05-23 15:36:38,384: log_options() 'quotes_disabled_sources = ['Urban Dictionary']'
INFO: 2024-05-23 15:36:38,384: log_options() 'quotes_enabled = False'
INFO: 2024-05-23 15:36:38,384: log_options() 'quotes_favorites_file = /home/amro/.config/variety/favorite_quotes.txt'
INFO: 2024-05-23 15:36:38,384: log_options() 'quotes_font = Serif 30'
INFO: 2024-05-23 15:36:38,384: log_options() 'quotes_hpos = 100'
INFO: 2024-05-23 15:36:38,384: log_options() 'quotes_max_length = 250'
INFO: 2024-05-23 15:36:38,384: log_options() 'quotes_tags = '
INFO: 2024-05-23 15:36:38,384: log_options() 'quotes_text_color = [255, 255, 255]'
INFO: 2024-05-23 15:36:38,384: log_options() 'quotes_text_shadow = False'
INFO: 2024-05-23 15:36:38,384: log_options() 'quotes_vpos = 40'
INFO: 2024-05-23 15:36:38,384: log_options() 'quotes_width = 70'
INFO: 2024-05-23 15:36:38,384: log_options() 'safe_mode = False'
INFO: 2024-05-23 15:36:38,384: log_options() 'set_wallpaper_script = /home/amro/.config/variety/scripts/set_wallpaper'
INFO: 2024-05-23 15:36:38,384: log_options() 'slideshow_custom_enabled = False'
INFO: 2024-05-23 15:36:38,384: log_options() 'slideshow_custom_folder = /home/amro/Pictures'
INFO: 2024-05-23 15:36:38,384: log_options() 'slideshow_downloads_enabled = False'
INFO: 2024-05-23 15:36:38,384: log_options() 'slideshow_fade = 0.4'
INFO: 2024-05-23 15:36:38,384: log_options() 'slideshow_favorites_enabled = True'
INFO: 2024-05-23 15:36:38,384: log_options() 'slideshow_mode = Fullscreen'
INFO: 2024-05-23 15:36:38,384: log_options() 'slideshow_monitor = All'
INFO: 2024-05-23 15:36:38,384: log_options() 'slideshow_pan = 0.05'
INFO: 2024-05-23 15:36:38,384: log_options() 'slideshow_seconds = 6.0'
INFO: 2024-05-23 15:36:38,384: log_options() 'slideshow_sort_order = Random'
INFO: 2024-05-23 15:36:38,384: log_options() 'slideshow_sources_enabled = True'
INFO: 2024-05-23 15:36:38,384: log_options() 'slideshow_zoom = 0.2'
INFO: 2024-05-23 15:36:38,385: log_options() 'smart_enabled = False'
INFO: 2024-05-23 15:36:38,385: log_options() 'smart_notice_shown = False'
INFO: 2024-05-23 15:36:38,385: log_options() 'smart_register_shown = False'
INFO: 2024-05-23 15:36:38,385: log_options() 'sources = [[False, 'favorites', 'The Favorites folder'], [False, 'fetched', 'The Fetched folder'], [False, 'folder', '/usr/share/backgrounds'], [False, 'flickr', 'user:www.flickr.com/photos/peter-levi/;user_id:93647178@N00;'], [False, 'apod', "NASA's Astronomy Picture of the Day"], [True, 'bing', 'Bing Photo of the Day'], [False, 'earthview', 'Google Earth View Wallpapers'], [False, 'natgeo', "National Geographic's photo of the day"], [False, 'unsplash', 'High-resolution photos from Unsplash.com']]'
INFO: 2024-05-23 15:36:38,385: log_options() 'stats_enabled = True'
INFO: 2024-05-23 15:36:38,385: log_options() 'stats_notice_shown = False'
INFO: 2024-05-23 15:36:38,385: log_options() 'sync_enabled = True'
INFO: 2024-05-23 15:36:38,385: log_options() 'use_landscape_enabled = True'
INFO: 2024-05-23 15:36:38,385: log_options() 'wallhaven_api_key = '
INFO: 2024-05-23 15:36:38,385: log_options() 'wallpaper_auto_rotate = False'
INFO: 2024-05-23 15:36:38,385: log_options() 'wallpaper_display_mode = os'
INFO: 2024-05-23 15:36:38,385: reload_config() 'No need to clear prepared queue'
INFO: 2024-05-23 15:36:38,385: update_indicator() 'Setting file info to: /home/amro/.config/variety/Downloaded/Bing/OHR.EmirganPark_EN-US0659286862_UHD.jpg'
INFO: 2024-05-23 15:36:38,386: load_banned() 'Missing or invalid banned URLs list, no URLs will be banned'
INFO: 2024-05-23 15:36:38,386: load_last_change_time() 'Change interval < 6 hours, ignore persisted last_change_time, wait initially the whole interval: 300'
INFO: 2024-05-23 15:36:38,386: update_indicator() 'Setting file info to: /home/amro/.config/variety/Downloaded/Bing/OHR.EmirganPark_EN-US0659286862_UHD.jpg'
INFO: 2024-05-23 15:36:38,387: regular_change_thread() 'regular_change thread running'
INFO: 2024-05-23 15:36:38,387: prepare_thread() 'Prepare thread running'
INFO: 2024-05-23 15:36:38,387: prepare_thread() 'Prepared buffer contains 0 images'
INFO: 2024-05-23 15:36:38,387: prepare_thread() 'Preparing some images'
INFO: 2024-05-23 15:36:38,387: get_throttling() 'Bing: parsing serverside options'
INFO: 2024-05-23 15:36:38,387: get_throttling() 'Could not parse Bing serverside options, using defaults None, None'
INFO: 2024-05-23 15:36:38,387: get_throttling() 'Bing: parsing serverside options'
INFO: 2024-05-23 15:36:38,387: get_throttling() 'Could not parse Bing serverside options, using defaults None, None'
INFO: 2024-05-23 15:36:38,387: download_one() 'Bing: Downloading an image, config: None'
INFO: 2024-05-23 15:36:38,387: download_one() 'Bing: Queue size: 0'
INFO: 2024-05-23 15:36:38,388: get_throttling() 'Bing: parsing serverside options'
INFO: 2024-05-23 15:36:38,388: get_throttling() 'Could not parse Bing serverside options, using defaults None, None'
INFO: 2024-05-23 15:36:38,388: download_one() 'Bing: Filling queue'
INFO: 2024-05-23 15:36:38,389: update_indicator_icon() 'Creating indicator'
WARNING: 2024-05-23 15:36:38,396: create_menu() 'Variety Slideshow is not installed. This is an optional extension adding pan-and-zoom slideshows to Variety: see https://github.com/peterlevi/variety-slideshow for details'
INFO: 2024-05-23 15:36:38,397: create_indicator() 'indicator backend: AppIndicator3'
INFO: 2024-05-23 15:36:38,399: prepare_thread() 'After search prepared buffer contains 17 images'
INFO: 2024-05-23 15:36:38,406: set_from_theme_icon() 'Showing indicator icon variety-indicator from GTK theme'
INFO: 2024-05-23 15:36:38,486: do_set_wp() 'Calling do_set_wp with /home/amro/.config/variety/Downloaded/Bing/OHR.EmirganPark_EN-US0659286862_UHD.jpg, time: 1716467798.4869595'
INFO: 2024-05-23 15:36:38,493: update_indicator() 'Setting file info to: /home/amro/.config/variety/Downloaded/Bing/OHR.EmirganPark_EN-US0659286862_UHD.jpg'
INFO: 2024-05-23 15:36:38,494: list_files() 'More than 1 files in the folders, stop listing'
ERROR: 2024-05-23 15:36:38,610: download_one_from() 'Could not download wallpaper:'
Traceback (most recent call last):
  File "/usr/lib/python3.12/site-packages/variety/VarietyWindow.py", line 1164, in download_one_from
    file = downloader.download_one()
           ^^^^^^^^^^^^^^^^^^^^^^^^^
  File "/usr/lib/python3.12/site-packages/variety/plugins/downloaders/DefaultDownloader.py", line 141, in download_one
    items = self.fill_queue()
            ^^^^^^^^^^^^^^^^^
  File "/usr/lib/python3.12/site-packages/variety/plugins/builtin/downloaders/BingDownloader.py", line 61, in fill_queue
    s = Util.fetch_json(BingDownloader.BING_JSON_URL)
        ^^^^^^^^^^^^^^^^^^^^^^^^^^^^^^^^^^^^^^^^^^^^^
  File "/usr/lib/python3.12/site-packages/variety/Util.py", line 684, in fetch_json
    return Util.request(url, data, **request_kwargs).json()
           ^^^^^^^^^^^^^^^^^^^^^^^^^^^^^^^^^^^^^^^^^
  File "/usr/lib/python3.12/site-packages/variety/Util.py", line 663, in request
    r.raise_for_status()
  File "/usr/lib/python3.12/site-packages/requests/models.py", line 1021, in raise_for_status
    raise HTTPError(http_error_msg, response=self)
requests.exceptions.HTTPError: 500 Server Error: Internal Server Error for url: https://www.bing.com/HPImageArchive.aspx?format=js&idx=0&n=100&mkt=en-US
INFO: 2024-05-23 15:36:39,571: reload() 'Reloading preferences dialog'
INFO: 2024-05-23 15:36:40,400: trigger_download() 'Triggering download thread to check if download needed and possible'
INFO: 2024-05-23 15:36:58,388: server_options_thread() 'Fetching server options from http://tiny.cc/variety-options-063'
INFO: 2024-05-23 15:36:59,737: server_options_thread() 'Fetched server options: {'flickr': {'min_fill_queue_interval': 1200, 'min_download_interval': 1200}, 'wallbase': {'min_fill_queue_interval': 1800, 'min_download_interval': 1800}, 'wallhaven': {'min_fill_queue_interval': 1800, 'min_download_interval': 1800}, 'wallpapers.net': {'min_fill_queue_interval': 601, 'min_download_interval': 0}, 'unsplash': {'min_fill_queue_interval': 20000000000, 'min_download_interval': 20000000000}, 'unsplash_v2': {'min_fill_queue_interval': 3600, 'min_download_interval': 1800}, 'status_message': {'0.0.1': '', '*': ''}}'
INFO: 2024-05-23 15:39:40,400: get_throttling() 'Bing: parsing serverside options'
INFO: 2024-05-23 15:39:40,400: get_throttling() 'Could not parse Bing serverside options, using defaults None, None'
INFO: 2024-05-23 15:39:40,400: get_throttling() 'Bing: parsing serverside options'
INFO: 2024-05-23 15:39:40,400: get_throttling() 'Could not parse Bing serverside options, using defaults None, None'
INFO: 2024-05-23 15:39:40,400: download_one() 'Bing: Downloading an image, config: None'
INFO: 2024-05-23 15:39:40,400: download_one() 'Bing: Queue size: 0'
INFO: 2024-05-23 15:39:40,400: get_throttling() 'Bing: parsing serverside options'
INFO: 2024-05-23 15:39:40,400: get_throttling() 'Could not parse Bing serverside options, using defaults None, None'
INFO: 2024-05-23 15:39:40,400: download_one() 'Bing: Filling queue'
ERROR: 2024-05-23 15:39:45,602: download_one_from() 'Could not download wallpaper:'
Traceback (most recent call last):
  File "/usr/lib/python3.12/site-packages/urllib3/connectionpool.py", line 467, in _make_request
    six.raise_from(e, None)
  File "<string>", line 3, in raise_from
  File "/usr/lib/python3.12/site-packages/urllib3/connectionpool.py", line 462, in _make_request
    httplib_response = conn.getresponse()
                       ^^^^^^^^^^^^^^^^^^
  File "/usr/lib/python3.12/http/client.py", line 1428, in getresponse
    response.begin()
  File "/usr/lib/python3.12/http/client.py", line 331, in begin
    version, status, reason = self._read_status()
                              ^^^^^^^^^^^^^^^^^^^
  File "/usr/lib/python3.12/http/client.py", line 292, in _read_status
    line = str(self.fp.readline(_MAXLINE + 1), "iso-8859-1")
               ^^^^^^^^^^^^^^^^^^^^^^^^^^^^^^
  File "/usr/lib/python3.12/socket.py", line 707, in readinto
    return self._sock.recv_into(b)
           ^^^^^^^^^^^^^^^^^^^^^^^
  File "/usr/lib/python3.12/ssl.py", line 1252, in recv_into
    return self.read(nbytes, buffer)
           ^^^^^^^^^^^^^^^^^^^^^^^^^
  File "/usr/lib/python3.12/ssl.py", line 1104, in read
    return self._sslobj.read(len, buffer)
           ^^^^^^^^^^^^^^^^^^^^^^^^^^^^^^
TimeoutError: The read operation timed out

During handling of the above exception, another exception occurred:

Traceback (most recent call last):
  File "/usr/lib/python3.12/site-packages/requests/adapters.py", line 486, in send
    resp = conn.urlopen(
           ^^^^^^^^^^^^^
  File "/usr/lib/python3.12/site-packages/urllib3/connectionpool.py", line 799, in urlopen
    retries = retries.increment(
              ^^^^^^^^^^^^^^^^^^
  File "/usr/lib/python3.12/site-packages/urllib3/util/retry.py", line 550, in increment
    raise six.reraise(type(error), error, _stacktrace)
          ^^^^^^^^^^^^^^^^^^^^^^^^^^^^^^^^^^^^^^^^^^^^
  File "/usr/lib/python3.12/site-packages/urllib3/packages/six.py", line 770, in reraise
    raise value
  File "/usr/lib/python3.12/site-packages/urllib3/connectionpool.py", line 715, in urlopen
    httplib_response = self._make_request(
                       ^^^^^^^^^^^^^^^^^^^
  File "/usr/lib/python3.12/site-packages/urllib3/connectionpool.py", line 469, in _make_request
    self._raise_timeout(err=e, url=url, timeout_value=read_timeout)
  File "/usr/lib/python3.12/site-packages/urllib3/connectionpool.py", line 358, in _raise_timeout
    raise ReadTimeoutError(
urllib3.exceptions.ReadTimeoutError: HTTPSConnectionPool(host='www.bing.com', port=443): Read timed out. (read timeout=5)

During handling of the above exception, another exception occurred:

Traceback (most recent call last):
  File "/usr/lib/python3.12/site-packages/variety/VarietyWindow.py", line 1164, in download_one_from
    file = downloader.download_one()
           ^^^^^^^^^^^^^^^^^^^^^^^^^
  File "/usr/lib/python3.12/site-packages/variety/plugins/downloaders/DefaultDownloader.py", line 141, in download_one
    items = self.fill_queue()
            ^^^^^^^^^^^^^^^^^
  File "/usr/lib/python3.12/site-packages/variety/plugins/builtin/downloaders/BingDownloader.py", line 61, in fill_queue
    s = Util.fetch_json(BingDownloader.BING_JSON_URL)
        ^^^^^^^^^^^^^^^^^^^^^^^^^^^^^^^^^^^^^^^^^^^^^
  File "/usr/lib/python3.12/site-packages/variety/Util.py", line 684, in fetch_json
    return Util.request(url, data, **request_kwargs).json()
           ^^^^^^^^^^^^^^^^^^^^^^^^^^^^^^^^^^^^^^^^^
  File "/usr/lib/python3.12/site-packages/variety/Util.py", line 654, in request
    r = requests.request(
        ^^^^^^^^^^^^^^^^^
  File "/usr/lib/python3.12/site-packages/requests/api.py", line 59, in request
    return session.request(method=method, url=url, **kwargs)
           ^^^^^^^^^^^^^^^^^^^^^^^^^^^^^^^^^^^^^^^^^^^^^^^^^
  File "/usr/lib/python3.12/site-packages/requests/sessions.py", line 589, in request
    resp = self.send(prep, **send_kwargs)
           ^^^^^^^^^^^^^^^^^^^^^^^^^^^^^^
  File "/usr/lib/python3.12/site-packages/requests/sessions.py", line 703, in send
    r = adapter.send(request, **kwargs)
        ^^^^^^^^^^^^^^^^^^^^^^^^^^^^^^^
  File "/usr/lib/python3.12/site-packages/requests/adapters.py", line 532, in send
    raise ReadTimeout(e, request=request)
requests.exceptions.ReadTimeout: HTTPSConnectionPool(host='www.bing.com', port=443): Read timed out. (read timeout=5)
INFO: 2024-05-23 15:41:38,386: regular_change_thread() 'regular_change changes wallpaper'
INFO: 2024-05-23 15:41:38,387: set_wallpaper() 'Calling set_wallpaper with /home/amro/.config/variety/Downloaded/Bing/OHR.PortMarseille_EN-US0558123049_UHD.jpg'
INFO: 2024-05-23 15:41:38,387: prepare_thread() 'Prepared buffer contains 16 images'
INFO: 2024-05-23 15:41:38,387: do_set_wp() 'Calling do_set_wp with /home/amro/.config/variety/Downloaded/Bing/OHR.PortMarseille_EN-US0558123049_UHD.jpg, time: 1716468098.3875618'
INFO: 2024-05-23 15:41:38,394: update_indicator() 'Setting file info to: /home/amro/.config/variety/Downloaded/Bing/OHR.PortMarseille_EN-US0558123049_UHD.jpg'
INFO: 2024-05-23 15:41:38,396: list_files() 'More than 1 files in the folders, stop listing'
INFO: 2024-05-23 15:41:40,387: trigger_download() 'Triggering download thread to check if download needed and possible'
INFO: 2024-05-23 15:41:40,387: get_throttling() 'Bing: parsing serverside options'
INFO: 2024-05-23 15:41:40,387: get_throttling() 'Could not parse Bing serverside options, using defaults None, None'
INFO: 2024-05-23 15:41:40,387: get_throttling() 'Bing: parsing serverside options'
INFO: 2024-05-23 15:41:40,387: get_throttling() 'Could not parse Bing serverside options, using defaults None, None'
INFO: 2024-05-23 15:41:40,387: download_one() 'Bing: Downloading an image, config: None'
INFO: 2024-05-23 15:41:40,388: download_one() 'Bing: Queue size: 0'
INFO: 2024-05-23 15:41:40,388: get_throttling() 'Bing: parsing serverside options'
INFO: 2024-05-23 15:41:40,388: get_throttling() 'Could not parse Bing serverside options, using defaults None, None'
INFO: 2024-05-23 15:41:40,388: download_one() 'Bing: Filling queue'
ERROR: 2024-05-23 15:41:40,791: download_one_from() 'Could not download wallpaper:'
Traceback (most recent call last):
  File "/usr/lib/python3.12/site-packages/variety/VarietyWindow.py", line 1164, in download_one_from
    file = downloader.download_one()
           ^^^^^^^^^^^^^^^^^^^^^^^^^
  File "/usr/lib/python3.12/site-packages/variety/plugins/downloaders/DefaultDownloader.py", line 141, in download_one
    items = self.fill_queue()
            ^^^^^^^^^^^^^^^^^
  File "/usr/lib/python3.12/site-packages/variety/plugins/builtin/downloaders/BingDownloader.py", line 61, in fill_queue
    s = Util.fetch_json(BingDownloader.BING_JSON_URL)
        ^^^^^^^^^^^^^^^^^^^^^^^^^^^^^^^^^^^^^^^^^^^^^
  File "/usr/lib/python3.12/site-packages/variety/Util.py", line 684, in fetch_json
    return Util.request(url, data, **request_kwargs).json()
           ^^^^^^^^^^^^^^^^^^^^^^^^^^^^^^^^^^^^^^^^^
  File "/usr/lib/python3.12/site-packages/variety/Util.py", line 663, in request
    r.raise_for_status()
  File "/usr/lib/python3.12/site-packages/requests/models.py", line 1021, in raise_for_status
    raise HTTPError(http_error_msg, response=self)
requests.exceptions.HTTPError: 500 Server Error: Internal Server Error for url: https://www.bing.com/HPImageArchive.aspx?format=js&idx=0&n=100&mkt=en-US
INFO: 2024-05-23 15:44:41,793: get_throttling() 'Bing: parsing serverside options'
INFO: 2024-05-23 15:44:41,794: get_throttling() 'Could not parse Bing serverside options, using defaults None, None'
INFO: 2024-05-23 15:44:41,794: get_throttling() 'Bing: parsing serverside options'
INFO: 2024-05-23 15:44:41,794: get_throttling() 'Could not parse Bing serverside options, using defaults None, None'
INFO: 2024-05-23 15:44:41,794: download_one() 'Bing: Downloading an image, config: None'
INFO: 2024-05-23 15:44:41,794: download_one() 'Bing: Queue size: 0'
INFO: 2024-05-23 15:44:41,794: get_throttling() 'Bing: parsing serverside options'
INFO: 2024-05-23 15:44:41,794: get_throttling() 'Could not parse Bing serverside options, using defaults None, None'
INFO: 2024-05-23 15:44:41,794: download_one() 'Bing: Filling queue'
ERROR: 2024-05-23 15:44:41,947: download_one_from() 'Could not download wallpaper:'
Traceback (most recent call last):
  File "/usr/lib/python3.12/site-packages/variety/VarietyWindow.py", line 1164, in download_one_from
    file = downloader.download_one()
           ^^^^^^^^^^^^^^^^^^^^^^^^^
  File "/usr/lib/python3.12/site-packages/variety/plugins/downloaders/DefaultDownloader.py", line 141, in download_one
    items = self.fill_queue()
            ^^^^^^^^^^^^^^^^^
  File "/usr/lib/python3.12/site-packages/variety/plugins/builtin/downloaders/BingDownloader.py", line 61, in fill_queue
    s = Util.fetch_json(BingDownloader.BING_JSON_URL)
        ^^^^^^^^^^^^^^^^^^^^^^^^^^^^^^^^^^^^^^^^^^^^^
  File "/usr/lib/python3.12/site-packages/variety/Util.py", line 684, in fetch_json
    return Util.request(url, data, **request_kwargs).json()
           ^^^^^^^^^^^^^^^^^^^^^^^^^^^^^^^^^^^^^^^^^
  File "/usr/lib/python3.12/site-packages/variety/Util.py", line 663, in request
    r.raise_for_status()
  File "/usr/lib/python3.12/site-packages/requests/models.py", line 1021, in raise_for_status
    raise HTTPError(http_error_msg, response=self)
requests.exceptions.HTTPError: 500 Server Error: Internal Server Error for url: https://www.bing.com/HPImageArchive.aspx?format=js&idx=0&n=100&mkt=en-US
INFO: 2024-05-23 15:46:38,402: regular_change_thread() 'regular_change changes wallpaper'
INFO: 2024-05-23 15:46:38,403: set_wallpaper() 'Calling set_wallpaper with /home/amro/.config/variety/Downloaded/Bing/OHR.NamibiaCanyon_EN-US1337379319_UHD.jpg'
INFO: 2024-05-23 15:46:38,403: prepare_thread() 'Prepared buffer contains 15 images'
INFO: 2024-05-23 15:46:38,403: do_set_wp() 'Calling do_set_wp with /home/amro/.config/variety/Downloaded/Bing/OHR.NamibiaCanyon_EN-US1337379319_UHD.jpg, time: 1716468398.4033868'
INFO: 2024-05-23 15:46:38,409: update_indicator() 'Setting file info to: /home/amro/.config/variety/Downloaded/Bing/OHR.NamibiaCanyon_EN-US1337379319_UHD.jpg'
INFO: 2024-05-23 15:46:38,410: list_files() 'More than 1 files in the folders, stop listing'
INFO: 2024-05-23 15:46:40,403: trigger_download() 'Triggering download thread to check if download needed and possible'
INFO: 2024-05-23 15:46:40,404: get_throttling() 'Bing: parsing serverside options'
INFO: 2024-05-23 15:46:40,404: get_throttling() 'Could not parse Bing serverside options, using defaults None, None'
INFO: 2024-05-23 15:46:40,404: get_throttling() 'Bing: parsing serverside options'
INFO: 2024-05-23 15:46:40,404: get_throttling() 'Could not parse Bing serverside options, using defaults None, None'
INFO: 2024-05-23 15:46:40,404: download_one() 'Bing: Downloading an image, config: None'
INFO: 2024-05-23 15:46:40,404: download_one() 'Bing: Queue size: 0'
INFO: 2024-05-23 15:46:40,404: get_throttling() 'Bing: parsing serverside options'
INFO: 2024-05-23 15:46:40,404: get_throttling() 'Could not parse Bing serverside options, using defaults None, None'
INFO: 2024-05-23 15:46:40,404: download_one() 'Bing: Filling queue'
ERROR: 2024-05-23 15:46:42,534: download_one_from() 'Could not download wallpaper:'
Traceback (most recent call last):
  File "/usr/lib/python3.12/site-packages/variety/VarietyWindow.py", line 1164, in download_one_from
    file = downloader.download_one()
           ^^^^^^^^^^^^^^^^^^^^^^^^^
  File "/usr/lib/python3.12/site-packages/variety/plugins/downloaders/DefaultDownloader.py", line 141, in download_one
    items = self.fill_queue()
            ^^^^^^^^^^^^^^^^^
  File "/usr/lib/python3.12/site-packages/variety/plugins/builtin/downloaders/BingDownloader.py", line 61, in fill_queue
    s = Util.fetch_json(BingDownloader.BING_JSON_URL)
        ^^^^^^^^^^^^^^^^^^^^^^^^^^^^^^^^^^^^^^^^^^^^^
  File "/usr/lib/python3.12/site-packages/variety/Util.py", line 684, in fetch_json
    return Util.request(url, data, **request_kwargs).json()
           ^^^^^^^^^^^^^^^^^^^^^^^^^^^^^^^^^^^^^^^^^
  File "/usr/lib/python3.12/site-packages/variety/Util.py", line 663, in request
    r.raise_for_status()
  File "/usr/lib/python3.12/site-packages/requests/models.py", line 1021, in raise_for_status
    raise HTTPError(http_error_msg, response=self)
requests.exceptions.HTTPError: 500 Server Error: Internal Server Error for url: https://www.bing.com/HPImageArchive.aspx?format=js&idx=0&n=100&mkt=en-US
INFO: 2024-05-23 15:49:43,536: get_throttling() 'Bing: parsing serverside options'
INFO: 2024-05-23 15:49:43,536: get_throttling() 'Could not parse Bing serverside options, using defaults None, None'
INFO: 2024-05-23 15:49:43,537: get_throttling() 'Bing: parsing serverside options'
INFO: 2024-05-23 15:49:43,537: get_throttling() 'Could not parse Bing serverside options, using defaults None, None'
INFO: 2024-05-23 15:49:43,537: download_one() 'Bing: Downloading an image, config: None'
INFO: 2024-05-23 15:49:43,537: download_one() 'Bing: Queue size: 0'
INFO: 2024-05-23 15:49:43,537: get_throttling() 'Bing: parsing serverside options'
INFO: 2024-05-23 15:49:43,537: get_throttling() 'Could not parse Bing serverside options, using defaults None, None'
INFO: 2024-05-23 15:49:43,537: download_one() 'Bing: Filling queue'
ERROR: 2024-05-23 15:49:53,603: download_one_from() 'Could not download wallpaper:'
Traceback (most recent call last):
  File "/usr/lib/python3.12/site-packages/urllib3/connectionpool.py", line 467, in _make_request
    six.raise_from(e, None)
  File "<string>", line 3, in raise_from
  File "/usr/lib/python3.12/site-packages/urllib3/connectionpool.py", line 462, in _make_request
    httplib_response = conn.getresponse()
                       ^^^^^^^^^^^^^^^^^^
  File "/usr/lib/python3.12/http/client.py", line 1428, in getresponse
    response.begin()
  File "/usr/lib/python3.12/http/client.py", line 331, in begin
    version, status, reason = self._read_status()
                              ^^^^^^^^^^^^^^^^^^^
  File "/usr/lib/python3.12/http/client.py", line 292, in _read_status
    line = str(self.fp.readline(_MAXLINE + 1), "iso-8859-1")
               ^^^^^^^^^^^^^^^^^^^^^^^^^^^^^^
  File "/usr/lib/python3.12/socket.py", line 707, in readinto
    return self._sock.recv_into(b)
           ^^^^^^^^^^^^^^^^^^^^^^^
  File "/usr/lib/python3.12/ssl.py", line 1252, in recv_into
    return self.read(nbytes, buffer)
           ^^^^^^^^^^^^^^^^^^^^^^^^^
  File "/usr/lib/python3.12/ssl.py", line 1104, in read
    return self._sslobj.read(len, buffer)
           ^^^^^^^^^^^^^^^^^^^^^^^^^^^^^^
TimeoutError: The read operation timed out

During handling of the above exception, another exception occurred:

Traceback (most recent call last):
  File "/usr/lib/python3.12/site-packages/requests/adapters.py", line 486, in send
    resp = conn.urlopen(
           ^^^^^^^^^^^^^
  File "/usr/lib/python3.12/site-packages/urllib3/connectionpool.py", line 799, in urlopen
    retries = retries.increment(
              ^^^^^^^^^^^^^^^^^^
  File "/usr/lib/python3.12/site-packages/urllib3/util/retry.py", line 550, in increment
    raise six.reraise(type(error), error, _stacktrace)
          ^^^^^^^^^^^^^^^^^^^^^^^^^^^^^^^^^^^^^^^^^^^^
  File "/usr/lib/python3.12/site-packages/urllib3/packages/six.py", line 770, in reraise
    raise value
  File "/usr/lib/python3.12/site-packages/urllib3/connectionpool.py", line 715, in urlopen
    httplib_response = self._make_request(
                       ^^^^^^^^^^^^^^^^^^^
  File "/usr/lib/python3.12/site-packages/urllib3/connectionpool.py", line 469, in _make_request
    self._raise_timeout(err=e, url=url, timeout_value=read_timeout)
  File "/usr/lib/python3.12/site-packages/urllib3/connectionpool.py", line 358, in _raise_timeout
    raise ReadTimeoutError(
urllib3.exceptions.ReadTimeoutError: HTTPSConnectionPool(host='www.bing.com', port=443): Read timed out. (read timeout=5)

During handling of the above exception, another exception occurred:

Traceback (most recent call last):
  File "/usr/lib/python3.12/site-packages/variety/VarietyWindow.py", line 1164, in download_one_from
    file = downloader.download_one()
           ^^^^^^^^^^^^^^^^^^^^^^^^^
  File "/usr/lib/python3.12/site-packages/variety/plugins/downloaders/DefaultDownloader.py", line 141, in download_one
    items = self.fill_queue()
            ^^^^^^^^^^^^^^^^^
  File "/usr/lib/python3.12/site-packages/variety/plugins/builtin/downloaders/BingDownloader.py", line 61, in fill_queue
    s = Util.fetch_json(BingDownloader.BING_JSON_URL)
        ^^^^^^^^^^^^^^^^^^^^^^^^^^^^^^^^^^^^^^^^^^^^^
  File "/usr/lib/python3.12/site-packages/variety/Util.py", line 684, in fetch_json
    return Util.request(url, data, **request_kwargs).json()
           ^^^^^^^^^^^^^^^^^^^^^^^^^^^^^^^^^^^^^^^^^
  File "/usr/lib/python3.12/site-packages/variety/Util.py", line 654, in request
    r = requests.request(
        ^^^^^^^^^^^^^^^^^
  File "/usr/lib/python3.12/site-packages/requests/api.py", line 59, in request
    return session.request(method=method, url=url, **kwargs)
           ^^^^^^^^^^^^^^^^^^^^^^^^^^^^^^^^^^^^^^^^^^^^^^^^^
  File "/usr/lib/python3.12/site-packages/requests/sessions.py", line 589, in request
    resp = self.send(prep, **send_kwargs)
           ^^^^^^^^^^^^^^^^^^^^^^^^^^^^^^
  File "/usr/lib/python3.12/site-packages/requests/sessions.py", line 703, in send
    r = adapter.send(request, **kwargs)
        ^^^^^^^^^^^^^^^^^^^^^^^^^^^^^^^
  File "/usr/lib/python3.12/site-packages/requests/adapters.py", line 532, in send
    raise ReadTimeout(e, request=request)
requests.exceptions.ReadTimeout: HTTPSConnectionPool(host='www.bing.com', port=443): Read timed out. (read timeout=5)
INFO: 2024-05-23 15:51:38,416: regular_change_thread() 'regular_change changes wallpaper'
INFO: 2024-05-23 15:51:38,417: set_wallpaper() 'Calling set_wallpaper with /home/amro/.config/variety/Downloaded/Bing/OHR.MisoolRajaAmpat_EN-US0805176947_UHD.jpg'
INFO: 2024-05-23 15:51:38,417: prepare_thread() 'Prepared buffer contains 14 images'
INFO: 2024-05-23 15:51:38,417: do_set_wp() 'Calling do_set_wp with /home/amro/.config/variety/Downloaded/Bing/OHR.MisoolRajaAmpat_EN-US0805176947_UHD.jpg, time: 1716468698.417756'
INFO: 2024-05-23 15:51:38,423: update_indicator() 'Setting file info to: /home/amro/.config/variety/Downloaded/Bing/OHR.MisoolRajaAmpat_EN-US0805176947_UHD.jpg'
INFO: 2024-05-23 15:51:38,424: list_files() 'More than 1 files in the folders, stop listing'
INFO: 2024-05-23 15:51:40,417: trigger_download() 'Triggering download thread to check if download needed and possible'
INFO: 2024-05-23 15:51:40,417: get_throttling() 'Bing: parsing serverside options'
INFO: 2024-05-23 15:51:40,417: get_throttling() 'Could not parse Bing serverside options, using defaults None, None'
INFO: 2024-05-23 15:51:40,417: get_throttling() 'Bing: parsing serverside options'
INFO: 2024-05-23 15:51:40,418: get_throttling() 'Could not parse Bing serverside options, using defaults None, None'
INFO: 2024-05-23 15:51:40,418: download_one() 'Bing: Downloading an image, config: None'
INFO: 2024-05-23 15:51:40,418: download_one() 'Bing: Queue size: 0'
INFO: 2024-05-23 15:51:40,418: get_throttling() 'Bing: parsing serverside options'
INFO: 2024-05-23 15:51:40,418: get_throttling() 'Could not parse Bing serverside options, using defaults None, None'
INFO: 2024-05-23 15:51:40,418: download_one() 'Bing: Filling queue'
ERROR: 2024-05-23 15:51:45,727: download_one_from() 'Could not download wallpaper:'
Traceback (most recent call last):
  File "/usr/lib/python3.12/site-packages/variety/VarietyWindow.py", line 1164, in download_one_from
    file = downloader.download_one()
           ^^^^^^^^^^^^^^^^^^^^^^^^^
  File "/usr/lib/python3.12/site-packages/variety/plugins/downloaders/DefaultDownloader.py", line 141, in download_one
    items = self.fill_queue()
            ^^^^^^^^^^^^^^^^^
  File "/usr/lib/python3.12/site-packages/variety/plugins/builtin/downloaders/BingDownloader.py", line 61, in fill_queue
    s = Util.fetch_json(BingDownloader.BING_JSON_URL)
        ^^^^^^^^^^^^^^^^^^^^^^^^^^^^^^^^^^^^^^^^^^^^^
  File "/usr/lib/python3.12/site-packages/variety/Util.py", line 684, in fetch_json
    return Util.request(url, data, **request_kwargs).json()
           ^^^^^^^^^^^^^^^^^^^^^^^^^^^^^^^^^^^^^^^^^
  File "/usr/lib/python3.12/site-packages/variety/Util.py", line 663, in request
    r.raise_for_status()
  File "/usr/lib/python3.12/site-packages/requests/models.py", line 1021, in raise_for_status
    raise HTTPError(http_error_msg, response=self)
requests.exceptions.HTTPError: 500 Server Error: Internal Server Error for url: https://www.bing.com/HPImageArchive.aspx?format=js&idx=0&n=100&mkt=en-US
INFO: 2024-05-23 15:54:46,732: get_throttling() 'Bing: parsing serverside options'
INFO: 2024-05-23 15:54:46,732: get_throttling() 'Could not parse Bing serverside options, using defaults None, None'
INFO: 2024-05-23 15:54:46,732: get_throttling() 'Bing: parsing serverside options'
INFO: 2024-05-23 15:54:46,732: get_throttling() 'Could not parse Bing serverside options, using defaults None, None'
INFO: 2024-05-23 15:54:46,732: download_one() 'Bing: Downloading an image, config: None'
INFO: 2024-05-23 15:54:46,732: download_one() 'Bing: Queue size: 0'
INFO: 2024-05-23 15:54:46,732: get_throttling() 'Bing: parsing serverside options'
INFO: 2024-05-23 15:54:46,732: get_throttling() 'Could not parse Bing serverside options, using defaults None, None'
INFO: 2024-05-23 15:54:46,732: download_one() 'Bing: Filling queue'
ERROR: 2024-05-23 15:54:47,092: download_one_from() 'Could not download wallpaper:'
Traceback (most recent call last):
  File "/usr/lib/python3.12/site-packages/variety/VarietyWindow.py", line 1164, in download_one_from
    file = downloader.download_one()
           ^^^^^^^^^^^^^^^^^^^^^^^^^
  File "/usr/lib/python3.12/site-packages/variety/plugins/downloaders/DefaultDownloader.py", line 141, in download_one
    items = self.fill_queue()
            ^^^^^^^^^^^^^^^^^
  File "/usr/lib/python3.12/site-packages/variety/plugins/builtin/downloaders/BingDownloader.py", line 61, in fill_queue
    s = Util.fetch_json(BingDownloader.BING_JSON_URL)
        ^^^^^^^^^^^^^^^^^^^^^^^^^^^^^^^^^^^^^^^^^^^^^
  File "/usr/lib/python3.12/site-packages/variety/Util.py", line 684, in fetch_json
    return Util.request(url, data, **request_kwargs).json()
           ^^^^^^^^^^^^^^^^^^^^^^^^^^^^^^^^^^^^^^^^^
  File "/usr/lib/python3.12/site-packages/variety/Util.py", line 663, in request
    r.raise_for_status()
  File "/usr/lib/python3.12/site-packages/requests/models.py", line 1021, in raise_for_status
    raise HTTPError(http_error_msg, response=self)
requests.exceptions.HTTPError: 500 Server Error: Internal Server Error for url: https://www.bing.com/HPImageArchive.aspx?format=js&idx=0&n=100&mkt=en-US
INFO: 2024-05-23 15:56:38,430: regular_change_thread() 'regular_change changes wallpaper'
INFO: 2024-05-23 15:56:38,430: set_wallpaper() 'Calling set_wallpaper with /home/amro/.config/variety/Downloaded/Bing/OHR.EmirganPark_EN-US0659286862_UHD.jpg'
INFO: 2024-05-23 15:56:38,431: prepare_thread() 'Prepared buffer contains 13 images'
INFO: 2024-05-23 15:56:38,431: do_set_wp() 'Calling do_set_wp with /home/amro/.config/variety/Downloaded/Bing/OHR.EmirganPark_EN-US0659286862_UHD.jpg, time: 1716468998.4313903'
INFO: 2024-05-23 15:56:38,437: update_indicator() 'Setting file info to: /home/amro/.config/variety/Downloaded/Bing/OHR.EmirganPark_EN-US0659286862_UHD.jpg'
INFO: 2024-05-23 15:56:38,438: list_files() 'More than 1 files in the folders, stop listing'
INFO: 2024-05-23 15:56:40,431: trigger_download() 'Triggering download thread to check if download needed and possible'
INFO: 2024-05-23 15:56:40,431: get_throttling() 'Bing: parsing serverside options'
INFO: 2024-05-23 15:56:40,432: get_throttling() 'Could not parse Bing serverside options, using defaults None, None'
INFO: 2024-05-23 15:56:40,432: get_throttling() 'Bing: parsing serverside options'
INFO: 2024-05-23 15:56:40,432: get_throttling() 'Could not parse Bing serverside options, using defaults None, None'
INFO: 2024-05-23 15:56:40,432: download_one() 'Bing: Downloading an image, config: None'
INFO: 2024-05-23 15:56:40,432: download_one() 'Bing: Queue size: 0'
INFO: 2024-05-23 15:56:40,432: get_throttling() 'Bing: parsing serverside options'
INFO: 2024-05-23 15:56:40,432: get_throttling() 'Could not parse Bing serverside options, using defaults None, None'
INFO: 2024-05-23 15:56:40,432: download_one() 'Bing: Filling queue'
ERROR: 2024-05-23 15:56:40,983: download_one_from() 'Could not download wallpaper:'
Traceback (most recent call last):
  File "/usr/lib/python3.12/site-packages/variety/VarietyWindow.py", line 1164, in download_one_from
    file = downloader.download_one()
           ^^^^^^^^^^^^^^^^^^^^^^^^^
  File "/usr/lib/python3.12/site-packages/variety/plugins/downloaders/DefaultDownloader.py", line 141, in download_one
    items = self.fill_queue()
            ^^^^^^^^^^^^^^^^^
  File "/usr/lib/python3.12/site-packages/variety/plugins/builtin/downloaders/BingDownloader.py", line 61, in fill_queue
    s = Util.fetch_json(BingDownloader.BING_JSON_URL)
        ^^^^^^^^^^^^^^^^^^^^^^^^^^^^^^^^^^^^^^^^^^^^^
  File "/usr/lib/python3.12/site-packages/variety/Util.py", line 684, in fetch_json
    return Util.request(url, data, **request_kwargs).json()
           ^^^^^^^^^^^^^^^^^^^^^^^^^^^^^^^^^^^^^^^^^
  File "/usr/lib/python3.12/site-packages/variety/Util.py", line 663, in request
    r.raise_for_status()
  File "/usr/lib/python3.12/site-packages/requests/models.py", line 1021, in raise_for_status
    raise HTTPError(http_error_msg, response=self)
requests.exceptions.HTTPError: 500 Server Error: Internal Server Error for url: https://www.bing.com/HPImageArchive.aspx?format=js&idx=0&n=100&mkt=en-US
INFO: 2024-05-23 15:59:41,985: get_throttling() 'Bing: parsing serverside options'
INFO: 2024-05-23 15:59:41,985: get_throttling() 'Could not parse Bing serverside options, using defaults None, None'
INFO: 2024-05-23 15:59:41,985: get_throttling() 'Bing: parsing serverside options'
INFO: 2024-05-23 15:59:41,985: get_throttling() 'Could not parse Bing serverside options, using defaults None, None'
INFO: 2024-05-23 15:59:41,985: download_one() 'Bing: Downloading an image, config: None'
INFO: 2024-05-23 15:59:41,985: download_one() 'Bing: Queue size: 0'
INFO: 2024-05-23 15:59:41,985: get_throttling() 'Bing: parsing serverside options'
INFO: 2024-05-23 15:59:41,985: get_throttling() 'Could not parse Bing serverside options, using defaults None, None'
INFO: 2024-05-23 15:59:41,986: download_one() 'Bing: Filling queue'
ERROR: 2024-05-23 15:59:47,057: download_one_from() 'Could not download wallpaper:'
Traceback (most recent call last):
  File "/usr/lib/python3.12/site-packages/urllib3/connectionpool.py", line 467, in _make_request
    six.raise_from(e, None)
  File "<string>", line 3, in raise_from
  File "/usr/lib/python3.12/site-packages/urllib3/connectionpool.py", line 462, in _make_request
    httplib_response = conn.getresponse()
                       ^^^^^^^^^^^^^^^^^^
  File "/usr/lib/python3.12/http/client.py", line 1428, in getresponse
    response.begin()
  File "/usr/lib/python3.12/http/client.py", line 331, in begin
    version, status, reason = self._read_status()
                              ^^^^^^^^^^^^^^^^^^^
  File "/usr/lib/python3.12/http/client.py", line 292, in _read_status
    line = str(self.fp.readline(_MAXLINE + 1), "iso-8859-1")
               ^^^^^^^^^^^^^^^^^^^^^^^^^^^^^^
  File "/usr/lib/python3.12/socket.py", line 707, in readinto
    return self._sock.recv_into(b)
           ^^^^^^^^^^^^^^^^^^^^^^^
  File "/usr/lib/python3.12/ssl.py", line 1252, in recv_into
    return self.read(nbytes, buffer)
           ^^^^^^^^^^^^^^^^^^^^^^^^^
  File "/usr/lib/python3.12/ssl.py", line 1104, in read
    return self._sslobj.read(len, buffer)
           ^^^^^^^^^^^^^^^^^^^^^^^^^^^^^^
TimeoutError: The read operation timed out

During handling of the above exception, another exception occurred:

Traceback (most recent call last):
  File "/usr/lib/python3.12/site-packages/requests/adapters.py", line 486, in send
    resp = conn.urlopen(
           ^^^^^^^^^^^^^
  File "/usr/lib/python3.12/site-packages/urllib3/connectionpool.py", line 799, in urlopen
    retries = retries.increment(
              ^^^^^^^^^^^^^^^^^^
  File "/usr/lib/python3.12/site-packages/urllib3/util/retry.py", line 550, in increment
    raise six.reraise(type(error), error, _stacktrace)
          ^^^^^^^^^^^^^^^^^^^^^^^^^^^^^^^^^^^^^^^^^^^^
  File "/usr/lib/python3.12/site-packages/urllib3/packages/six.py", line 770, in reraise
    raise value
  File "/usr/lib/python3.12/site-packages/urllib3/connectionpool.py", line 715, in urlopen
    httplib_response = self._make_request(
                       ^^^^^^^^^^^^^^^^^^^
  File "/usr/lib/python3.12/site-packages/urllib3/connectionpool.py", line 469, in _make_request
    self._raise_timeout(err=e, url=url, timeout_value=read_timeout)
  File "/usr/lib/python3.12/site-packages/urllib3/connectionpool.py", line 358, in _raise_timeout
    raise ReadTimeoutError(
urllib3.exceptions.ReadTimeoutError: HTTPSConnectionPool(host='www.bing.com', port=443): Read timed out. (read timeout=5)

During handling of the above exception, another exception occurred:

Traceback (most recent call last):
  File "/usr/lib/python3.12/site-packages/variety/VarietyWindow.py", line 1164, in download_one_from
    file = downloader.download_one()
           ^^^^^^^^^^^^^^^^^^^^^^^^^
  File "/usr/lib/python3.12/site-packages/variety/plugins/downloaders/DefaultDownloader.py", line 141, in download_one
    items = self.fill_queue()
            ^^^^^^^^^^^^^^^^^
  File "/usr/lib/python3.12/site-packages/variety/plugins/builtin/downloaders/BingDownloader.py", line 61, in fill_queue
    s = Util.fetch_json(BingDownloader.BING_JSON_URL)
        ^^^^^^^^^^^^^^^^^^^^^^^^^^^^^^^^^^^^^^^^^^^^^
  File "/usr/lib/python3.12/site-packages/variety/Util.py", line 684, in fetch_json
    return Util.request(url, data, **request_kwargs).json()
           ^^^^^^^^^^^^^^^^^^^^^^^^^^^^^^^^^^^^^^^^^
  File "/usr/lib/python3.12/site-packages/variety/Util.py", line 654, in request
    r = requests.request(
        ^^^^^^^^^^^^^^^^^
  File "/usr/lib/python3.12/site-packages/requests/api.py", line 59, in request
    return session.request(method=method, url=url, **kwargs)
           ^^^^^^^^^^^^^^^^^^^^^^^^^^^^^^^^^^^^^^^^^^^^^^^^^
  File "/usr/lib/python3.12/site-packages/requests/sessions.py", line 589, in request
    resp = self.send(prep, **send_kwargs)
           ^^^^^^^^^^^^^^^^^^^^^^^^^^^^^^
  File "/usr/lib/python3.12/site-packages/requests/sessions.py", line 703, in send
    r = adapter.send(request, **kwargs)
        ^^^^^^^^^^^^^^^^^^^^^^^^^^^^^^^
  File "/usr/lib/python3.12/site-packages/requests/adapters.py", line 532, in send
    raise ReadTimeout(e, request=request)
requests.exceptions.ReadTimeout: HTTPSConnectionPool(host='www.bing.com', port=443): Read timed out. (read timeout=5)
INFO: 2024-05-23 16:01:38,445: regular_change_thread() 'regular_change changes wallpaper'
INFO: 2024-05-23 16:01:38,445: set_wallpaper() 'Calling set_wallpaper with /home/amro/.config/variety/Downloaded/Bing/OHR.TexasIndigoBunting_EN-US0916417036_UHD.jpg'
INFO: 2024-05-23 16:01:38,445: prepare_thread() 'Prepared buffer contains 12 images'
INFO: 2024-05-23 16:01:38,445: do_set_wp() 'Calling do_set_wp with /home/amro/.config/variety/Downloaded/Bing/OHR.TexasIndigoBunting_EN-US0916417036_UHD.jpg, time: 1716469298.4459682'
INFO: 2024-05-23 16:01:38,451: update_indicator() 'Setting file info to: /home/amro/.config/variety/Downloaded/Bing/OHR.TexasIndigoBunting_EN-US0916417036_UHD.jpg'
INFO: 2024-05-23 16:01:38,452: list_files() 'More than 1 files in the folders, stop listing'
INFO: 2024-05-23 16:01:40,445: trigger_download() 'Triggering download thread to check if download needed and possible'
INFO: 2024-05-23 16:01:40,446: get_throttling() 'Bing: parsing serverside options'
INFO: 2024-05-23 16:01:40,446: get_throttling() 'Could not parse Bing serverside options, using defaults None, None'
INFO: 2024-05-23 16:01:40,446: get_throttling() 'Bing: parsing serverside options'
INFO: 2024-05-23 16:01:40,446: get_throttling() 'Could not parse Bing serverside options, using defaults None, None'
INFO: 2024-05-23 16:01:40,446: download_one() 'Bing: Downloading an image, config: None'
INFO: 2024-05-23 16:01:40,446: download_one() 'Bing: Queue size: 0'
INFO: 2024-05-23 16:01:40,446: get_throttling() 'Bing: parsing serverside options'
INFO: 2024-05-23 16:01:40,446: get_throttling() 'Could not parse Bing serverside options, using defaults None, None'
INFO: 2024-05-23 16:01:40,446: download_one() 'Bing: Filling queue'
ERROR: 2024-05-23 16:01:43,459: download_one_from() 'Could not download wallpaper:'
Traceback (most recent call last):
  File "/usr/lib/python3.12/site-packages/variety/VarietyWindow.py", line 1164, in download_one_from
    file = downloader.download_one()
           ^^^^^^^^^^^^^^^^^^^^^^^^^
  File "/usr/lib/python3.12/site-packages/variety/plugins/downloaders/DefaultDownloader.py", line 141, in download_one
    items = self.fill_queue()
            ^^^^^^^^^^^^^^^^^
  File "/usr/lib/python3.12/site-packages/variety/plugins/builtin/downloaders/BingDownloader.py", line 61, in fill_queue
    s = Util.fetch_json(BingDownloader.BING_JSON_URL)
        ^^^^^^^^^^^^^^^^^^^^^^^^^^^^^^^^^^^^^^^^^^^^^
  File "/usr/lib/python3.12/site-packages/variety/Util.py", line 684, in fetch_json
    return Util.request(url, data, **request_kwargs).json()
           ^^^^^^^^^^^^^^^^^^^^^^^^^^^^^^^^^^^^^^^^^
  File "/usr/lib/python3.12/site-packages/variety/Util.py", line 663, in request
    r.raise_for_status()
  File "/usr/lib/python3.12/site-packages/requests/models.py", line 1021, in raise_for_status
    raise HTTPError(http_error_msg, response=self)
requests.exceptions.HTTPError: 500 Server Error: Internal Server Error for url: https://www.bing.com/HPImageArchive.aspx?format=js&idx=0&n=100&mkt=en-US
INFO: 2024-05-23 16:04:44,462: get_throttling() 'Bing: parsing serverside options'
INFO: 2024-05-23 16:04:44,462: get_throttling() 'Could not parse Bing serverside options, using defaults None, None'
INFO: 2024-05-23 16:04:44,462: get_throttling() 'Bing: parsing serverside options'
INFO: 2024-05-23 16:04:44,462: get_throttling() 'Could not parse Bing serverside options, using defaults None, None'
INFO: 2024-05-23 16:04:44,462: download_one() 'Bing: Downloading an image, config: None'
INFO: 2024-05-23 16:04:44,462: download_one() 'Bing: Queue size: 0'
INFO: 2024-05-23 16:04:44,462: get_throttling() 'Bing: parsing serverside options'
INFO: 2024-05-23 16:04:44,462: get_throttling() 'Could not parse Bing serverside options, using defaults None, None'
INFO: 2024-05-23 16:04:44,462: download_one() 'Bing: Filling queue'
ERROR: 2024-05-23 16:04:44,725: download_one_from() 'Could not download wallpaper:'
Traceback (most recent call last):
  File "/usr/lib/python3.12/site-packages/variety/VarietyWindow.py", line 1164, in download_one_from
    file = downloader.download_one()
           ^^^^^^^^^^^^^^^^^^^^^^^^^
  File "/usr/lib/python3.12/site-packages/variety/plugins/downloaders/DefaultDownloader.py", line 141, in download_one
    items = self.fill_queue()
            ^^^^^^^^^^^^^^^^^
  File "/usr/lib/python3.12/site-packages/variety/plugins/builtin/downloaders/BingDownloader.py", line 61, in fill_queue
    s = Util.fetch_json(BingDownloader.BING_JSON_URL)
        ^^^^^^^^^^^^^^^^^^^^^^^^^^^^^^^^^^^^^^^^^^^^^
  File "/usr/lib/python3.12/site-packages/variety/Util.py", line 684, in fetch_json
    return Util.request(url, data, **request_kwargs).json()
           ^^^^^^^^^^^^^^^^^^^^^^^^^^^^^^^^^^^^^^^^^
  File "/usr/lib/python3.12/site-packages/variety/Util.py", line 663, in request
    r.raise_for_status()
  File "/usr/lib/python3.12/site-packages/requests/models.py", line 1021, in raise_for_status
    raise HTTPError(http_error_msg, response=self)
requests.exceptions.HTTPError: 500 Server Error: Internal Server Error for url: https://www.bing.com/HPImageArchive.aspx?format=js&idx=0&n=100&mkt=en-US
INFO: 2024-05-23 16:06:38,459: regular_change_thread() 'regular_change changes wallpaper'
INFO: 2024-05-23 16:06:38,459: set_wallpaper() 'Calling set_wallpaper with /home/amro/.config/variety/Downloaded/Bing/OHR.VernazzaItaly_EN-US2643430613_UHD.jpg'
INFO: 2024-05-23 16:06:38,459: prepare_thread() 'Prepared buffer contains 11 images'
INFO: 2024-05-23 16:06:38,460: do_set_wp() 'Calling do_set_wp with /home/amro/.config/variety/Downloaded/Bing/OHR.VernazzaItaly_EN-US2643430613_UHD.jpg, time: 1716469598.4600031'
INFO: 2024-05-23 16:06:38,465: update_indicator() 'Setting file info to: /home/amro/.config/variety/Downloaded/Bing/OHR.VernazzaItaly_EN-US2643430613_UHD.jpg'
INFO: 2024-05-23 16:06:38,466: list_files() 'More than 1 files in the folders, stop listing'
INFO: 2024-05-23 16:06:40,460: trigger_download() 'Triggering download thread to check if download needed and possible'
INFO: 2024-05-23 16:06:40,460: get_throttling() 'Bing: parsing serverside options'
INFO: 2024-05-23 16:06:40,460: get_throttling() 'Could not parse Bing serverside options, using defaults None, None'
INFO: 2024-05-23 16:06:40,460: get_throttling() 'Bing: parsing serverside options'
INFO: 2024-05-23 16:06:40,460: get_throttling() 'Could not parse Bing serverside options, using defaults None, None'
INFO: 2024-05-23 16:06:40,460: download_one() 'Bing: Downloading an image, config: None'
INFO: 2024-05-23 16:06:40,460: download_one() 'Bing: Queue size: 0'
INFO: 2024-05-23 16:06:40,461: get_throttling() 'Bing: parsing serverside options'
INFO: 2024-05-23 16:06:40,461: get_throttling() 'Could not parse Bing serverside options, using defaults None, None'
INFO: 2024-05-23 16:06:40,461: download_one() 'Bing: Filling queue'
ERROR: 2024-05-23 16:06:40,834: download_one_from() 'Could not download wallpaper:'
Traceback (most recent call last):
  File "/usr/lib/python3.12/site-packages/variety/VarietyWindow.py", line 1164, in download_one_from
    file = downloader.download_one()
           ^^^^^^^^^^^^^^^^^^^^^^^^^
  File "/usr/lib/python3.12/site-packages/variety/plugins/downloaders/DefaultDownloader.py", line 141, in download_one
    items = self.fill_queue()
            ^^^^^^^^^^^^^^^^^
  File "/usr/lib/python3.12/site-packages/variety/plugins/builtin/downloaders/BingDownloader.py", line 61, in fill_queue
    s = Util.fetch_json(BingDownloader.BING_JSON_URL)
        ^^^^^^^^^^^^^^^^^^^^^^^^^^^^^^^^^^^^^^^^^^^^^
  File "/usr/lib/python3.12/site-packages/variety/Util.py", line 684, in fetch_json
    return Util.request(url, data, **request_kwargs).json()
           ^^^^^^^^^^^^^^^^^^^^^^^^^^^^^^^^^^^^^^^^^
  File "/usr/lib/python3.12/site-packages/variety/Util.py", line 663, in request
    r.raise_for_status()
  File "/usr/lib/python3.12/site-packages/requests/models.py", line 1021, in raise_for_status
    raise HTTPError(http_error_msg, response=self)
requests.exceptions.HTTPError: 500 Server Error: Internal Server Error for url: https://www.bing.com/HPImageArchive.aspx?format=js&idx=0&n=100&mkt=en-US
INFO: 2024-05-23 16:09:41,836: get_throttling() 'Bing: parsing serverside options'
INFO: 2024-05-23 16:09:41,836: get_throttling() 'Could not parse Bing serverside options, using defaults None, None'
INFO: 2024-05-23 16:09:41,836: get_throttling() 'Bing: parsing serverside options'
INFO: 2024-05-23 16:09:41,836: get_throttling() 'Could not parse Bing serverside options, using defaults None, None'
INFO: 2024-05-23 16:09:41,836: download_one() 'Bing: Downloading an image, config: None'
INFO: 2024-05-23 16:09:41,837: download_one() 'Bing: Queue size: 0'
INFO: 2024-05-23 16:09:41,837: get_throttling() 'Bing: parsing serverside options'
INFO: 2024-05-23 16:09:41,837: get_throttling() 'Could not parse Bing serverside options, using defaults None, None'
INFO: 2024-05-23 16:09:41,837: download_one() 'Bing: Filling queue'
ERROR: 2024-05-23 16:09:46,902: download_one_from() 'Could not download wallpaper:'
Traceback (most recent call last):
  File "/usr/lib/python3.12/site-packages/urllib3/connectionpool.py", line 467, in _make_request
    six.raise_from(e, None)
  File "<string>", line 3, in raise_from
  File "/usr/lib/python3.12/site-packages/urllib3/connectionpool.py", line 462, in _make_request
    httplib_response = conn.getresponse()
                       ^^^^^^^^^^^^^^^^^^
  File "/usr/lib/python3.12/http/client.py", line 1428, in getresponse
    response.begin()
  File "/usr/lib/python3.12/http/client.py", line 331, in begin
    version, status, reason = self._read_status()
                              ^^^^^^^^^^^^^^^^^^^
  File "/usr/lib/python3.12/http/client.py", line 292, in _read_status
    line = str(self.fp.readline(_MAXLINE + 1), "iso-8859-1")
               ^^^^^^^^^^^^^^^^^^^^^^^^^^^^^^
  File "/usr/lib/python3.12/socket.py", line 707, in readinto
    return self._sock.recv_into(b)
           ^^^^^^^^^^^^^^^^^^^^^^^
  File "/usr/lib/python3.12/ssl.py", line 1252, in recv_into
    return self.read(nbytes, buffer)
           ^^^^^^^^^^^^^^^^^^^^^^^^^
  File "/usr/lib/python3.12/ssl.py", line 1104, in read
    return self._sslobj.read(len, buffer)
           ^^^^^^^^^^^^^^^^^^^^^^^^^^^^^^
TimeoutError: The read operation timed out

During handling of the above exception, another exception occurred:

Traceback (most recent call last):
  File "/usr/lib/python3.12/site-packages/requests/adapters.py", line 486, in send
    resp = conn.urlopen(
           ^^^^^^^^^^^^^
  File "/usr/lib/python3.12/site-packages/urllib3/connectionpool.py", line 799, in urlopen
    retries = retries.increment(
              ^^^^^^^^^^^^^^^^^^
  File "/usr/lib/python3.12/site-packages/urllib3/util/retry.py", line 550, in increment
    raise six.reraise(type(error), error, _stacktrace)
          ^^^^^^^^^^^^^^^^^^^^^^^^^^^^^^^^^^^^^^^^^^^^
  File "/usr/lib/python3.12/site-packages/urllib3/packages/six.py", line 770, in reraise
    raise value
  File "/usr/lib/python3.12/site-packages/urllib3/connectionpool.py", line 715, in urlopen
    httplib_response = self._make_request(
                       ^^^^^^^^^^^^^^^^^^^
  File "/usr/lib/python3.12/site-packages/urllib3/connectionpool.py", line 469, in _make_request
    self._raise_timeout(err=e, url=url, timeout_value=read_timeout)
  File "/usr/lib/python3.12/site-packages/urllib3/connectionpool.py", line 358, in _raise_timeout
    raise ReadTimeoutError(
urllib3.exceptions.ReadTimeoutError: HTTPSConnectionPool(host='www.bing.com', port=443): Read timed out. (read timeout=5)

During handling of the above exception, another exception occurred:

Traceback (most recent call last):
  File "/usr/lib/python3.12/site-packages/variety/VarietyWindow.py", line 1164, in download_one_from
    file = downloader.download_one()
           ^^^^^^^^^^^^^^^^^^^^^^^^^
  File "/usr/lib/python3.12/site-packages/variety/plugins/downloaders/DefaultDownloader.py", line 141, in download_one
    items = self.fill_queue()
            ^^^^^^^^^^^^^^^^^
  File "/usr/lib/python3.12/site-packages/variety/plugins/builtin/downloaders/BingDownloader.py", line 61, in fill_queue
    s = Util.fetch_json(BingDownloader.BING_JSON_URL)
        ^^^^^^^^^^^^^^^^^^^^^^^^^^^^^^^^^^^^^^^^^^^^^
  File "/usr/lib/python3.12/site-packages/variety/Util.py", line 684, in fetch_json
    return Util.request(url, data, **request_kwargs).json()
           ^^^^^^^^^^^^^^^^^^^^^^^^^^^^^^^^^^^^^^^^^
  File "/usr/lib/python3.12/site-packages/variety/Util.py", line 654, in request
    r = requests.request(
        ^^^^^^^^^^^^^^^^^
  File "/usr/lib/python3.12/site-packages/requests/api.py", line 59, in request
    return session.request(method=method, url=url, **kwargs)
           ^^^^^^^^^^^^^^^^^^^^^^^^^^^^^^^^^^^^^^^^^^^^^^^^^
  File "/usr/lib/python3.12/site-packages/requests/sessions.py", line 589, in request
    resp = self.send(prep, **send_kwargs)
           ^^^^^^^^^^^^^^^^^^^^^^^^^^^^^^
  File "/usr/lib/python3.12/site-packages/requests/sessions.py", line 703, in send
    r = adapter.send(request, **kwargs)
        ^^^^^^^^^^^^^^^^^^^^^^^^^^^^^^^
  File "/usr/lib/python3.12/site-packages/requests/adapters.py", line 532, in send
    raise ReadTimeout(e, request=request)
requests.exceptions.ReadTimeout: HTTPSConnectionPool(host='www.bing.com', port=443): Read timed out. (read timeout=5)
INFO: 2024-05-23 16:11:38,473: regular_change_thread() 'regular_change changes wallpaper'
INFO: 2024-05-23 16:11:38,473: set_wallpaper() 'Calling set_wallpaper with /home/amro/.config/variety/Downloaded/Bing/OHR.SanMiguelAllende_EN-US9621237021_UHD.jpg'
INFO: 2024-05-23 16:11:38,473: prepare_thread() 'Prepared buffer contains 10 images'
INFO: 2024-05-23 16:11:38,474: do_set_wp() 'Calling do_set_wp with /home/amro/.config/variety/Downloaded/Bing/OHR.SanMiguelAllende_EN-US9621237021_UHD.jpg, time: 1716469898.4741118'
INFO: 2024-05-23 16:11:38,479: update_indicator() 'Setting file info to: /home/amro/.config/variety/Downloaded/Bing/OHR.SanMiguelAllende_EN-US9621237021_UHD.jpg'
INFO: 2024-05-23 16:11:38,480: list_files() 'More than 1 files in the folders, stop listing'
INFO: 2024-05-23 16:11:40,474: trigger_download() 'Triggering download thread to check if download needed and possible'
INFO: 2024-05-23 16:11:40,474: get_throttling() 'Bing: parsing serverside options'
INFO: 2024-05-23 16:11:40,474: get_throttling() 'Could not parse Bing serverside options, using defaults None, None'
INFO: 2024-05-23 16:11:40,474: get_throttling() 'Bing: parsing serverside options'
INFO: 2024-05-23 16:11:40,474: get_throttling() 'Could not parse Bing serverside options, using defaults None, None'
INFO: 2024-05-23 16:11:40,474: download_one() 'Bing: Downloading an image, config: None'
INFO: 2024-05-23 16:11:40,474: download_one() 'Bing: Queue size: 0'
INFO: 2024-05-23 16:11:40,474: get_throttling() 'Bing: parsing serverside options'
INFO: 2024-05-23 16:11:40,474: get_throttling() 'Could not parse Bing serverside options, using defaults None, None'
INFO: 2024-05-23 16:11:40,474: download_one() 'Bing: Filling queue'
ERROR: 2024-05-23 16:11:44,776: download_one_from() 'Could not download wallpaper:'
Traceback (most recent call last):
  File "/usr/lib/python3.12/site-packages/variety/VarietyWindow.py", line 1164, in download_one_from
    file = downloader.download_one()
           ^^^^^^^^^^^^^^^^^^^^^^^^^
  File "/usr/lib/python3.12/site-packages/variety/plugins/downloaders/DefaultDownloader.py", line 141, in download_one
    items = self.fill_queue()
            ^^^^^^^^^^^^^^^^^
  File "/usr/lib/python3.12/site-packages/variety/plugins/builtin/downloaders/BingDownloader.py", line 61, in fill_queue
    s = Util.fetch_json(BingDownloader.BING_JSON_URL)
        ^^^^^^^^^^^^^^^^^^^^^^^^^^^^^^^^^^^^^^^^^^^^^
  File "/usr/lib/python3.12/site-packages/variety/Util.py", line 684, in fetch_json
    return Util.request(url, data, **request_kwargs).json()
           ^^^^^^^^^^^^^^^^^^^^^^^^^^^^^^^^^^^^^^^^^
  File "/usr/lib/python3.12/site-packages/variety/Util.py", line 663, in request
    r.raise_for_status()
  File "/usr/lib/python3.12/site-packages/requests/models.py", line 1021, in raise_for_status
    raise HTTPError(http_error_msg, response=self)
requests.exceptions.HTTPError: 500 Server Error: Internal Server Error for url: https://www.bing.com/HPImageArchive.aspx?format=js&idx=0&n=100&mkt=en-US
INFO: 2024-05-23 16:14:45,778: get_throttling() 'Bing: parsing serverside options'
INFO: 2024-05-23 16:14:45,779: get_throttling() 'Could not parse Bing serverside options, using defaults None, None'
INFO: 2024-05-23 16:14:45,779: get_throttling() 'Bing: parsing serverside options'
INFO: 2024-05-23 16:14:45,779: get_throttling() 'Could not parse Bing serverside options, using defaults None, None'
INFO: 2024-05-23 16:14:45,779: download_one() 'Bing: Downloading an image, config: None'
INFO: 2024-05-23 16:14:45,779: download_one() 'Bing: Queue size: 0'
INFO: 2024-05-23 16:14:45,779: get_throttling() 'Bing: parsing serverside options'
INFO: 2024-05-23 16:14:45,779: get_throttling() 'Could not parse Bing serverside options, using defaults None, None'
INFO: 2024-05-23 16:14:45,779: download_one() 'Bing: Filling queue'
ERROR: 2024-05-23 16:14:50,856: download_one_from() 'Could not download wallpaper:'
Traceback (most recent call last):
  File "/usr/lib/python3.12/site-packages/urllib3/connectionpool.py", line 467, in _make_request
    six.raise_from(e, None)
  File "<string>", line 3, in raise_from
  File "/usr/lib/python3.12/site-packages/urllib3/connectionpool.py", line 462, in _make_request
    httplib_response = conn.getresponse()
                       ^^^^^^^^^^^^^^^^^^
  File "/usr/lib/python3.12/http/client.py", line 1428, in getresponse
    response.begin()
  File "/usr/lib/python3.12/http/client.py", line 331, in begin
    version, status, reason = self._read_status()
                              ^^^^^^^^^^^^^^^^^^^
  File "/usr/lib/python3.12/http/client.py", line 292, in _read_status
    line = str(self.fp.readline(_MAXLINE + 1), "iso-8859-1")
               ^^^^^^^^^^^^^^^^^^^^^^^^^^^^^^
  File "/usr/lib/python3.12/socket.py", line 707, in readinto
    return self._sock.recv_into(b)
           ^^^^^^^^^^^^^^^^^^^^^^^
  File "/usr/lib/python3.12/ssl.py", line 1252, in recv_into
    return self.read(nbytes, buffer)
           ^^^^^^^^^^^^^^^^^^^^^^^^^
  File "/usr/lib/python3.12/ssl.py", line 1104, in read
    return self._sslobj.read(len, buffer)
           ^^^^^^^^^^^^^^^^^^^^^^^^^^^^^^
TimeoutError: The read operation timed out

During handling of the above exception, another exception occurred:

Traceback (most recent call last):
  File "/usr/lib/python3.12/site-packages/requests/adapters.py", line 486, in send
    resp = conn.urlopen(
           ^^^^^^^^^^^^^
  File "/usr/lib/python3.12/site-packages/urllib3/connectionpool.py", line 799, in urlopen
    retries = retries.increment(
              ^^^^^^^^^^^^^^^^^^
  File "/usr/lib/python3.12/site-packages/urllib3/util/retry.py", line 550, in increment
    raise six.reraise(type(error), error, _stacktrace)
          ^^^^^^^^^^^^^^^^^^^^^^^^^^^^^^^^^^^^^^^^^^^^
  File "/usr/lib/python3.12/site-packages/urllib3/packages/six.py", line 770, in reraise
    raise value
  File "/usr/lib/python3.12/site-packages/urllib3/connectionpool.py", line 715, in urlopen
    httplib_response = self._make_request(
                       ^^^^^^^^^^^^^^^^^^^
  File "/usr/lib/python3.12/site-packages/urllib3/connectionpool.py", line 469, in _make_request
    self._raise_timeout(err=e, url=url, timeout_value=read_timeout)
  File "/usr/lib/python3.12/site-packages/urllib3/connectionpool.py", line 358, in _raise_timeout
    raise ReadTimeoutError(
urllib3.exceptions.ReadTimeoutError: HTTPSConnectionPool(host='www.bing.com', port=443): Read timed out. (read timeout=5)

During handling of the above exception, another exception occurred:

Traceback (most recent call last):
  File "/usr/lib/python3.12/site-packages/variety/VarietyWindow.py", line 1164, in download_one_from
    file = downloader.download_one()
           ^^^^^^^^^^^^^^^^^^^^^^^^^
  File "/usr/lib/python3.12/site-packages/variety/plugins/downloaders/DefaultDownloader.py", line 141, in download_one
    items = self.fill_queue()
            ^^^^^^^^^^^^^^^^^
  File "/usr/lib/python3.12/site-packages/variety/plugins/builtin/downloaders/BingDownloader.py", line 61, in fill_queue
    s = Util.fetch_json(BingDownloader.BING_JSON_URL)
        ^^^^^^^^^^^^^^^^^^^^^^^^^^^^^^^^^^^^^^^^^^^^^
  File "/usr/lib/python3.12/site-packages/variety/Util.py", line 684, in fetch_json
    return Util.request(url, data, **request_kwargs).json()
           ^^^^^^^^^^^^^^^^^^^^^^^^^^^^^^^^^^^^^^^^^
  File "/usr/lib/python3.12/site-packages/variety/Util.py", line 654, in request
    r = requests.request(
        ^^^^^^^^^^^^^^^^^
  File "/usr/lib/python3.12/site-packages/requests/api.py", line 59, in request
    return session.request(method=method, url=url, **kwargs)
           ^^^^^^^^^^^^^^^^^^^^^^^^^^^^^^^^^^^^^^^^^^^^^^^^^
  File "/usr/lib/python3.12/site-packages/requests/sessions.py", line 589, in request
    resp = self.send(prep, **send_kwargs)
           ^^^^^^^^^^^^^^^^^^^^^^^^^^^^^^
  File "/usr/lib/python3.12/site-packages/requests/sessions.py", line 703, in send
    r = adapter.send(request, **kwargs)
        ^^^^^^^^^^^^^^^^^^^^^^^^^^^^^^^
  File "/usr/lib/python3.12/site-packages/requests/adapters.py", line 532, in send
    raise ReadTimeout(e, request=request)
requests.exceptions.ReadTimeout: HTTPSConnectionPool(host='www.bing.com', port=443): Read timed out. (read timeout=5)
INFO: 2024-05-23 16:16:38,487: regular_change_thread() 'regular_change changes wallpaper'
INFO: 2024-05-23 16:16:38,487: set_wallpaper() 'Calling set_wallpaper with /home/amro/.config/variety/Downloaded/Bing/OHR.TheRoachesPeakDistrict_EN-US9733115206_UHD.jpg'
INFO: 2024-05-23 16:16:38,488: prepare_thread() 'Prepared buffer contains 9 images'
INFO: 2024-05-23 16:16:38,488: do_set_wp() 'Calling do_set_wp with /home/amro/.config/variety/Downloaded/Bing/OHR.TheRoachesPeakDistrict_EN-US9733115206_UHD.jpg, time: 1716470198.4886138'
INFO: 2024-05-23 16:16:38,494: update_indicator() 'Setting file info to: /home/amro/.config/variety/Downloaded/Bing/OHR.TheRoachesPeakDistrict_EN-US9733115206_UHD.jpg'
INFO: 2024-05-23 16:16:38,496: list_files() 'More than 1 files in the folders, stop listing'
INFO: 2024-05-23 16:16:40,488: trigger_download() 'Triggering download thread to check if download needed and possible'
INFO: 2024-05-23 16:16:40,488: get_throttling() 'Bing: parsing serverside options'
INFO: 2024-05-23 16:16:40,488: get_throttling() 'Could not parse Bing serverside options, using defaults None, None'
INFO: 2024-05-23 16:16:40,488: get_throttling() 'Bing: parsing serverside options'
INFO: 2024-05-23 16:16:40,488: get_throttling() 'Could not parse Bing serverside options, using defaults None, None'
INFO: 2024-05-23 16:16:40,488: download_one() 'Bing: Downloading an image, config: None'
INFO: 2024-05-23 16:16:40,489: download_one() 'Bing: Queue size: 0'
INFO: 2024-05-23 16:16:40,489: get_throttling() 'Bing: parsing serverside options'
INFO: 2024-05-23 16:16:40,489: get_throttling() 'Could not parse Bing serverside options, using defaults None, None'
INFO: 2024-05-23 16:16:40,489: download_one() 'Bing: Filling queue'
ERROR: 2024-05-23 16:16:55,370: download_one_from() 'Could not download wallpaper:'
Traceback (most recent call last):
  File "/usr/lib/python3.12/site-packages/variety/VarietyWindow.py", line 1164, in download_one_from
    file = downloader.download_one()
           ^^^^^^^^^^^^^^^^^^^^^^^^^
  File "/usr/lib/python3.12/site-packages/variety/plugins/downloaders/DefaultDownloader.py", line 141, in download_one
    items = self.fill_queue()
            ^^^^^^^^^^^^^^^^^
  File "/usr/lib/python3.12/site-packages/variety/plugins/builtin/downloaders/BingDownloader.py", line 61, in fill_queue
    s = Util.fetch_json(BingDownloader.BING_JSON_URL)
        ^^^^^^^^^^^^^^^^^^^^^^^^^^^^^^^^^^^^^^^^^^^^^
  File "/usr/lib/python3.12/site-packages/variety/Util.py", line 684, in fetch_json
    return Util.request(url, data, **request_kwargs).json()
           ^^^^^^^^^^^^^^^^^^^^^^^^^^^^^^^^^^^^^^^^^
  File "/usr/lib/python3.12/site-packages/variety/Util.py", line 663, in request
    r.raise_for_status()
  File "/usr/lib/python3.12/site-packages/requests/models.py", line 1021, in raise_for_status
    raise HTTPError(http_error_msg, response=self)
requests.exceptions.HTTPError: 500 Server Error: Internal Server Error for url: https://www.bing.com/HPImageArchive.aspx?format=js&idx=0&n=100&mkt=en-US
INFO: 2024-05-23 16:19:56,372: get_throttling() 'Bing: parsing serverside options'
INFO: 2024-05-23 16:19:56,372: get_throttling() 'Could not parse Bing serverside options, using defaults None, None'
INFO: 2024-05-23 16:19:56,372: get_throttling() 'Bing: parsing serverside options'
INFO: 2024-05-23 16:19:56,372: get_throttling() 'Could not parse Bing serverside options, using defaults None, None'
INFO: 2024-05-23 16:19:56,372: download_one() 'Bing: Downloading an image, config: None'
INFO: 2024-05-23 16:19:56,372: download_one() 'Bing: Queue size: 0'
INFO: 2024-05-23 16:19:56,372: get_throttling() 'Bing: parsing serverside options'
INFO: 2024-05-23 16:19:56,372: get_throttling() 'Could not parse Bing serverside options, using defaults None, None'
INFO: 2024-05-23 16:19:56,372: download_one() 'Bing: Filling queue'
ERROR: 2024-05-23 16:19:56,738: download_one_from() 'Could not download wallpaper:'
Traceback (most recent call last):
  File "/usr/lib/python3.12/site-packages/variety/VarietyWindow.py", line 1164, in download_one_from
    file = downloader.download_one()
           ^^^^^^^^^^^^^^^^^^^^^^^^^
  File "/usr/lib/python3.12/site-packages/variety/plugins/downloaders/DefaultDownloader.py", line 141, in download_one
    items = self.fill_queue()
            ^^^^^^^^^^^^^^^^^
  File "/usr/lib/python3.12/site-packages/variety/plugins/builtin/downloaders/BingDownloader.py", line 61, in fill_queue
    s = Util.fetch_json(BingDownloader.BING_JSON_URL)
        ^^^^^^^^^^^^^^^^^^^^^^^^^^^^^^^^^^^^^^^^^^^^^
  File "/usr/lib/python3.12/site-packages/variety/Util.py", line 684, in fetch_json
    return Util.request(url, data, **request_kwargs).json()
           ^^^^^^^^^^^^^^^^^^^^^^^^^^^^^^^^^^^^^^^^^
  File "/usr/lib/python3.12/site-packages/variety/Util.py", line 663, in request
    r.raise_for_status()
  File "/usr/lib/python3.12/site-packages/requests/models.py", line 1021, in raise_for_status
    raise HTTPError(http_error_msg, response=self)
requests.exceptions.HTTPError: 500 Server Error: Internal Server Error for url: https://www.bing.com/HPImageArchive.aspx?format=js&idx=0&n=100&mkt=en-US
INFO: 2024-05-23 16:21:38,503: regular_change_thread() 'regular_change changes wallpaper'
INFO: 2024-05-23 16:21:38,503: set_wallpaper() 'Calling set_wallpaper with /home/amro/.config/variety/Downloaded/Bing/OHR.GuanacoMother_EN-US1023542218_UHD.jpg'
INFO: 2024-05-23 16:21:38,503: prepare_thread() 'Prepared buffer contains 8 images'
INFO: 2024-05-23 16:21:38,503: do_set_wp() 'Calling do_set_wp with /home/amro/.config/variety/Downloaded/Bing/OHR.GuanacoMother_EN-US1023542218_UHD.jpg, time: 1716470498.5036862'
INFO: 2024-05-23 16:21:38,503: prepare_thread() 'Preparing some images'
INFO: 2024-05-23 16:21:38,506: prepare_thread() 'After search prepared buffer contains 17 images'
INFO: 2024-05-23 16:21:38,510: update_indicator() 'Setting file info to: /home/amro/.config/variety/Downloaded/Bing/OHR.GuanacoMother_EN-US1023542218_UHD.jpg'
INFO: 2024-05-23 16:21:38,511: list_files() 'More than 1 files in the folders, stop listing'
INFO: 2024-05-23 16:21:40,507: trigger_download() 'Triggering download thread to check if download needed and possible'
INFO: 2024-05-23 16:21:40,507: get_throttling() 'Bing: parsing serverside options'
INFO: 2024-05-23 16:21:40,507: get_throttling() 'Could not parse Bing serverside options, using defaults None, None'
INFO: 2024-05-23 16:21:40,507: get_throttling() 'Bing: parsing serverside options'
INFO: 2024-05-23 16:21:40,507: get_throttling() 'Could not parse Bing serverside options, using defaults None, None'
INFO: 2024-05-23 16:21:40,507: download_one() 'Bing: Downloading an image, config: None'
INFO: 2024-05-23 16:21:40,507: download_one() 'Bing: Queue size: 0'
INFO: 2024-05-23 16:21:40,508: get_throttling() 'Bing: parsing serverside options'
INFO: 2024-05-23 16:21:40,508: get_throttling() 'Could not parse Bing serverside options, using defaults None, None'
INFO: 2024-05-23 16:21:40,508: download_one() 'Bing: Filling queue'
ERROR: 2024-05-23 16:21:42,798: download_one_from() 'Could not download wallpaper:'
Traceback (most recent call last):
  File "/usr/lib/python3.12/site-packages/variety/VarietyWindow.py", line 1164, in download_one_from
    file = downloader.download_one()
           ^^^^^^^^^^^^^^^^^^^^^^^^^
  File "/usr/lib/python3.12/site-packages/variety/plugins/downloaders/DefaultDownloader.py", line 141, in download_one
    items = self.fill_queue()
            ^^^^^^^^^^^^^^^^^
  File "/usr/lib/python3.12/site-packages/variety/plugins/builtin/downloaders/BingDownloader.py", line 61, in fill_queue
    s = Util.fetch_json(BingDownloader.BING_JSON_URL)
        ^^^^^^^^^^^^^^^^^^^^^^^^^^^^^^^^^^^^^^^^^^^^^
  File "/usr/lib/python3.12/site-packages/variety/Util.py", line 684, in fetch_json
    return Util.request(url, data, **request_kwargs).json()
           ^^^^^^^^^^^^^^^^^^^^^^^^^^^^^^^^^^^^^^^^^
  File "/usr/lib/python3.12/site-packages/variety/Util.py", line 663, in request
    r.raise_for_status()
  File "/usr/lib/python3.12/site-packages/requests/models.py", line 1021, in raise_for_status
    raise HTTPError(http_error_msg, response=self)
requests.exceptions.HTTPError: 500 Server Error: Internal Server Error for url: https://www.bing.com/HPImageArchive.aspx?format=js&idx=0&n=100&mkt=en-US
INFO: 2024-05-23 16:24:43,801: get_throttling() 'Bing: parsing serverside options'
INFO: 2024-05-23 16:24:43,801: get_throttling() 'Could not parse Bing serverside options, using defaults None, None'
INFO: 2024-05-23 16:24:43,801: get_throttling() 'Bing: parsing serverside options'
INFO: 2024-05-23 16:24:43,801: get_throttling() 'Could not parse Bing serverside options, using defaults None, None'
INFO: 2024-05-23 16:24:43,801: download_one() 'Bing: Downloading an image, config: None'
INFO: 2024-05-23 16:24:43,801: download_one() 'Bing: Queue size: 0'
INFO: 2024-05-23 16:24:43,801: get_throttling() 'Bing: parsing serverside options'
INFO: 2024-05-23 16:24:43,801: get_throttling() 'Could not parse Bing serverside options, using defaults None, None'
INFO: 2024-05-23 16:24:43,801: download_one() 'Bing: Filling queue'
ERROR: 2024-05-23 16:24:48,927: download_one_from() 'Could not download wallpaper:'
Traceback (most recent call last):
  File "/usr/lib/python3.12/site-packages/urllib3/connectionpool.py", line 467, in _make_request
    six.raise_from(e, None)
  File "<string>", line 3, in raise_from
  File "/usr/lib/python3.12/site-packages/urllib3/connectionpool.py", line 462, in _make_request
    httplib_response = conn.getresponse()
                       ^^^^^^^^^^^^^^^^^^
  File "/usr/lib/python3.12/http/client.py", line 1428, in getresponse
    response.begin()
  File "/usr/lib/python3.12/http/client.py", line 331, in begin
    version, status, reason = self._read_status()
                              ^^^^^^^^^^^^^^^^^^^
  File "/usr/lib/python3.12/http/client.py", line 292, in _read_status
    line = str(self.fp.readline(_MAXLINE + 1), "iso-8859-1")
               ^^^^^^^^^^^^^^^^^^^^^^^^^^^^^^
  File "/usr/lib/python3.12/socket.py", line 707, in readinto
    return self._sock.recv_into(b)
           ^^^^^^^^^^^^^^^^^^^^^^^
  File "/usr/lib/python3.12/ssl.py", line 1252, in recv_into
    return self.read(nbytes, buffer)
           ^^^^^^^^^^^^^^^^^^^^^^^^^
  File "/usr/lib/python3.12/ssl.py", line 1104, in read
    return self._sslobj.read(len, buffer)
           ^^^^^^^^^^^^^^^^^^^^^^^^^^^^^^
TimeoutError: The read operation timed out

During handling of the above exception, another exception occurred:

Traceback (most recent call last):
  File "/usr/lib/python3.12/site-packages/requests/adapters.py", line 486, in send
    resp = conn.urlopen(
           ^^^^^^^^^^^^^
  File "/usr/lib/python3.12/site-packages/urllib3/connectionpool.py", line 799, in urlopen
    retries = retries.increment(
              ^^^^^^^^^^^^^^^^^^
  File "/usr/lib/python3.12/site-packages/urllib3/util/retry.py", line 550, in increment
    raise six.reraise(type(error), error, _stacktrace)
          ^^^^^^^^^^^^^^^^^^^^^^^^^^^^^^^^^^^^^^^^^^^^
  File "/usr/lib/python3.12/site-packages/urllib3/packages/six.py", line 770, in reraise
    raise value
  File "/usr/lib/python3.12/site-packages/urllib3/connectionpool.py", line 715, in urlopen
    httplib_response = self._make_request(
                       ^^^^^^^^^^^^^^^^^^^
  File "/usr/lib/python3.12/site-packages/urllib3/connectionpool.py", line 469, in _make_request
    self._raise_timeout(err=e, url=url, timeout_value=read_timeout)
  File "/usr/lib/python3.12/site-packages/urllib3/connectionpool.py", line 358, in _raise_timeout
    raise ReadTimeoutError(
urllib3.exceptions.ReadTimeoutError: HTTPSConnectionPool(host='www.bing.com', port=443): Read timed out. (read timeout=5)

During handling of the above exception, another exception occurred:

Traceback (most recent call last):
  File "/usr/lib/python3.12/site-packages/variety/VarietyWindow.py", line 1164, in download_one_from
    file = downloader.download_one()
           ^^^^^^^^^^^^^^^^^^^^^^^^^
  File "/usr/lib/python3.12/site-packages/variety/plugins/downloaders/DefaultDownloader.py", line 141, in download_one
    items = self.fill_queue()
            ^^^^^^^^^^^^^^^^^
  File "/usr/lib/python3.12/site-packages/variety/plugins/builtin/downloaders/BingDownloader.py", line 61, in fill_queue
    s = Util.fetch_json(BingDownloader.BING_JSON_URL)
        ^^^^^^^^^^^^^^^^^^^^^^^^^^^^^^^^^^^^^^^^^^^^^
  File "/usr/lib/python3.12/site-packages/variety/Util.py", line 684, in fetch_json
    return Util.request(url, data, **request_kwargs).json()
           ^^^^^^^^^^^^^^^^^^^^^^^^^^^^^^^^^^^^^^^^^
  File "/usr/lib/python3.12/site-packages/variety/Util.py", line 654, in request
    r = requests.request(
        ^^^^^^^^^^^^^^^^^
  File "/usr/lib/python3.12/site-packages/requests/api.py", line 59, in request
    return session.request(method=method, url=url, **kwargs)
           ^^^^^^^^^^^^^^^^^^^^^^^^^^^^^^^^^^^^^^^^^^^^^^^^^
  File "/usr/lib/python3.12/site-packages/requests/sessions.py", line 589, in request
    resp = self.send(prep, **send_kwargs)
           ^^^^^^^^^^^^^^^^^^^^^^^^^^^^^^
  File "/usr/lib/python3.12/site-packages/requests/sessions.py", line 703, in send
    r = adapter.send(request, **kwargs)
        ^^^^^^^^^^^^^^^^^^^^^^^^^^^^^^^
  File "/usr/lib/python3.12/site-packages/requests/adapters.py", line 532, in send
    raise ReadTimeout(e, request=request)
requests.exceptions.ReadTimeout: HTTPSConnectionPool(host='www.bing.com', port=443): Read timed out. (read timeout=5)
INFO: 2024-05-23 16:26:38,518: regular_change_thread() 'regular_change changes wallpaper'
INFO: 2024-05-23 16:26:38,518: set_wallpaper() 'Calling set_wallpaper with /home/amro/.config/variety/Downloaded/Bing/OHR.VernazzaItaly_EN-US2643430613_UHD.jpg'
INFO: 2024-05-23 16:26:38,518: prepare_thread() 'Prepared buffer contains 16 images'
INFO: 2024-05-23 16:26:38,518: do_set_wp() 'Calling do_set_wp with /home/amro/.config/variety/Downloaded/Bing/OHR.VernazzaItaly_EN-US2643430613_UHD.jpg, time: 1716470798.5188098'
INFO: 2024-05-23 16:26:38,523: update_indicator() 'Setting file info to: /home/amro/.config/variety/Downloaded/Bing/OHR.VernazzaItaly_EN-US2643430613_UHD.jpg'
INFO: 2024-05-23 16:26:38,524: list_files() 'More than 1 files in the folders, stop listing'
INFO: 2024-05-23 16:26:40,518: trigger_download() 'Triggering download thread to check if download needed and possible'
INFO: 2024-05-23 16:26:40,519: get_throttling() 'Bing: parsing serverside options'
INFO: 2024-05-23 16:26:40,519: get_throttling() 'Could not parse Bing serverside options, using defaults None, None'
INFO: 2024-05-23 16:26:40,519: get_throttling() 'Bing: parsing serverside options'
INFO: 2024-05-23 16:26:40,519: get_throttling() 'Could not parse Bing serverside options, using defaults None, None'
INFO: 2024-05-23 16:26:40,519: download_one() 'Bing: Downloading an image, config: None'
INFO: 2024-05-23 16:26:40,519: download_one() 'Bing: Queue size: 0'
INFO: 2024-05-23 16:26:40,519: get_throttling() 'Bing: parsing serverside options'
INFO: 2024-05-23 16:26:40,519: get_throttling() 'Could not parse Bing serverside options, using defaults None, None'
INFO: 2024-05-23 16:26:40,519: download_one() 'Bing: Filling queue'
ERROR: 2024-05-23 16:26:41,710: download_one_from() 'Could not download wallpaper:'
Traceback (most recent call last):
  File "/usr/lib/python3.12/site-packages/variety/VarietyWindow.py", line 1164, in download_one_from
    file = downloader.download_one()
           ^^^^^^^^^^^^^^^^^^^^^^^^^
  File "/usr/lib/python3.12/site-packages/variety/plugins/downloaders/DefaultDownloader.py", line 141, in download_one
    items = self.fill_queue()
            ^^^^^^^^^^^^^^^^^
  File "/usr/lib/python3.12/site-packages/variety/plugins/builtin/downloaders/BingDownloader.py", line 61, in fill_queue
    s = Util.fetch_json(BingDownloader.BING_JSON_URL)
        ^^^^^^^^^^^^^^^^^^^^^^^^^^^^^^^^^^^^^^^^^^^^^
  File "/usr/lib/python3.12/site-packages/variety/Util.py", line 684, in fetch_json
    return Util.request(url, data, **request_kwargs).json()
           ^^^^^^^^^^^^^^^^^^^^^^^^^^^^^^^^^^^^^^^^^
  File "/usr/lib/python3.12/site-packages/variety/Util.py", line 663, in request
    r.raise_for_status()
  File "/usr/lib/python3.12/site-packages/requests/models.py", line 1021, in raise_for_status
    raise HTTPError(http_error_msg, response=self)
requests.exceptions.HTTPError: 500 Server Error: Internal Server Error for url: https://www.bing.com/HPImageArchive.aspx?format=js&idx=0&n=100&mkt=en-US
INFO: 2024-05-23 16:29:42,713: get_throttling() 'Bing: parsing serverside options'
INFO: 2024-05-23 16:29:42,713: get_throttling() 'Could not parse Bing serverside options, using defaults None, None'
INFO: 2024-05-23 16:29:42,713: get_throttling() 'Bing: parsing serverside options'
INFO: 2024-05-23 16:29:42,713: get_throttling() 'Could not parse Bing serverside options, using defaults None, None'
INFO: 2024-05-23 16:29:42,713: download_one() 'Bing: Downloading an image, config: None'
INFO: 2024-05-23 16:29:42,713: download_one() 'Bing: Queue size: 0'
INFO: 2024-05-23 16:29:42,713: get_throttling() 'Bing: parsing serverside options'
INFO: 2024-05-23 16:29:42,713: get_throttling() 'Could not parse Bing serverside options, using defaults None, None'
INFO: 2024-05-23 16:29:42,713: download_one() 'Bing: Filling queue'
ERROR: 2024-05-23 16:29:58,793: download_one_from() 'Could not download wallpaper:'
Traceback (most recent call last):
  File "/usr/lib/python3.12/site-packages/urllib3/connectionpool.py", line 467, in _make_request
    six.raise_from(e, None)
  File "<string>", line 3, in raise_from
  File "/usr/lib/python3.12/site-packages/urllib3/connectionpool.py", line 462, in _make_request
    httplib_response = conn.getresponse()
                       ^^^^^^^^^^^^^^^^^^
  File "/usr/lib/python3.12/http/client.py", line 1428, in getresponse
    response.begin()
  File "/usr/lib/python3.12/http/client.py", line 331, in begin
    version, status, reason = self._read_status()
                              ^^^^^^^^^^^^^^^^^^^
  File "/usr/lib/python3.12/http/client.py", line 292, in _read_status
    line = str(self.fp.readline(_MAXLINE + 1), "iso-8859-1")
               ^^^^^^^^^^^^^^^^^^^^^^^^^^^^^^
  File "/usr/lib/python3.12/socket.py", line 707, in readinto
    return self._sock.recv_into(b)
           ^^^^^^^^^^^^^^^^^^^^^^^
  File "/usr/lib/python3.12/ssl.py", line 1252, in recv_into
    return self.read(nbytes, buffer)
           ^^^^^^^^^^^^^^^^^^^^^^^^^
  File "/usr/lib/python3.12/ssl.py", line 1104, in read
    return self._sslobj.read(len, buffer)
           ^^^^^^^^^^^^^^^^^^^^^^^^^^^^^^
TimeoutError: The read operation timed out

During handling of the above exception, another exception occurred:

Traceback (most recent call last):
  File "/usr/lib/python3.12/site-packages/requests/adapters.py", line 486, in send
    resp = conn.urlopen(
           ^^^^^^^^^^^^^
  File "/usr/lib/python3.12/site-packages/urllib3/connectionpool.py", line 799, in urlopen
    retries = retries.increment(
              ^^^^^^^^^^^^^^^^^^
  File "/usr/lib/python3.12/site-packages/urllib3/util/retry.py", line 550, in increment
    raise six.reraise(type(error), error, _stacktrace)
          ^^^^^^^^^^^^^^^^^^^^^^^^^^^^^^^^^^^^^^^^^^^^
  File "/usr/lib/python3.12/site-packages/urllib3/packages/six.py", line 770, in reraise
    raise value
  File "/usr/lib/python3.12/site-packages/urllib3/connectionpool.py", line 715, in urlopen
    httplib_response = self._make_request(
                       ^^^^^^^^^^^^^^^^^^^
  File "/usr/lib/python3.12/site-packages/urllib3/connectionpool.py", line 469, in _make_request
    self._raise_timeout(err=e, url=url, timeout_value=read_timeout)
  File "/usr/lib/python3.12/site-packages/urllib3/connectionpool.py", line 358, in _raise_timeout
    raise ReadTimeoutError(
urllib3.exceptions.ReadTimeoutError: HTTPSConnectionPool(host='www.bing.com', port=443): Read timed out. (read timeout=5)

During handling of the above exception, another exception occurred:

Traceback (most recent call last):
  File "/usr/lib/python3.12/site-packages/variety/VarietyWindow.py", line 1164, in download_one_from
    file = downloader.download_one()
           ^^^^^^^^^^^^^^^^^^^^^^^^^
  File "/usr/lib/python3.12/site-packages/variety/plugins/downloaders/DefaultDownloader.py", line 141, in download_one
    items = self.fill_queue()
            ^^^^^^^^^^^^^^^^^
  File "/usr/lib/python3.12/site-packages/variety/plugins/builtin/downloaders/BingDownloader.py", line 61, in fill_queue
    s = Util.fetch_json(BingDownloader.BING_JSON_URL)
        ^^^^^^^^^^^^^^^^^^^^^^^^^^^^^^^^^^^^^^^^^^^^^
  File "/usr/lib/python3.12/site-packages/variety/Util.py", line 684, in fetch_json
    return Util.request(url, data, **request_kwargs).json()
           ^^^^^^^^^^^^^^^^^^^^^^^^^^^^^^^^^^^^^^^^^
  File "/usr/lib/python3.12/site-packages/variety/Util.py", line 654, in request
    r = requests.request(
        ^^^^^^^^^^^^^^^^^
  File "/usr/lib/python3.12/site-packages/requests/api.py", line 59, in request
    return session.request(method=method, url=url, **kwargs)
           ^^^^^^^^^^^^^^^^^^^^^^^^^^^^^^^^^^^^^^^^^^^^^^^^^
  File "/usr/lib/python3.12/site-packages/requests/sessions.py", line 589, in request
    resp = self.send(prep, **send_kwargs)
           ^^^^^^^^^^^^^^^^^^^^^^^^^^^^^^
  File "/usr/lib/python3.12/site-packages/requests/sessions.py", line 703, in send
    r = adapter.send(request, **kwargs)
        ^^^^^^^^^^^^^^^^^^^^^^^^^^^^^^^
  File "/usr/lib/python3.12/site-packages/requests/adapters.py", line 532, in send
    raise ReadTimeout(e, request=request)
requests.exceptions.ReadTimeout: HTTPSConnectionPool(host='www.bing.com', port=443): Read timed out. (read timeout=5)
INFO: 2024-05-23 16:31:38,531: regular_change_thread() 'regular_change changes wallpaper'
INFO: 2024-05-23 16:31:38,532: set_wallpaper() 'Calling set_wallpaper with /home/amro/.config/variety/Downloaded/Bing/OHR.TheRoachesPeakDistrict_EN-US9733115206_UHD.jpg'
INFO: 2024-05-23 16:31:38,532: prepare_thread() 'Prepared buffer contains 15 images'
INFO: 2024-05-23 16:31:38,532: do_set_wp() 'Calling do_set_wp with /home/amro/.config/variety/Downloaded/Bing/OHR.TheRoachesPeakDistrict_EN-US9733115206_UHD.jpg, time: 1716471098.5327299'
INFO: 2024-05-23 16:31:38,537: update_indicator() 'Setting file info to: /home/amro/.config/variety/Downloaded/Bing/OHR.TheRoachesPeakDistrict_EN-US9733115206_UHD.jpg'
INFO: 2024-05-23 16:31:38,538: list_files() 'More than 1 files in the folders, stop listing'
INFO: 2024-05-23 16:31:40,532: trigger_download() 'Triggering download thread to check if download needed and possible'
INFO: 2024-05-23 16:31:40,533: get_throttling() 'Bing: parsing serverside options'
INFO: 2024-05-23 16:31:40,533: get_throttling() 'Could not parse Bing serverside options, using defaults None, None'
INFO: 2024-05-23 16:31:40,533: get_throttling() 'Bing: parsing serverside options'
INFO: 2024-05-23 16:31:40,533: get_throttling() 'Could not parse Bing serverside options, using defaults None, None'
INFO: 2024-05-23 16:31:40,533: download_one() 'Bing: Downloading an image, config: None'
INFO: 2024-05-23 16:31:40,533: download_one() 'Bing: Queue size: 0'
INFO: 2024-05-23 16:31:40,533: get_throttling() 'Bing: parsing serverside options'
INFO: 2024-05-23 16:31:40,533: get_throttling() 'Could not parse Bing serverside options, using defaults None, None'
INFO: 2024-05-23 16:31:40,533: download_one() 'Bing: Filling queue'
ERROR: 2024-05-23 16:31:43,796: download_one_from() 'Could not download wallpaper:'
Traceback (most recent call last):
  File "/usr/lib/python3.12/site-packages/variety/VarietyWindow.py", line 1164, in download_one_from
    file = downloader.download_one()
           ^^^^^^^^^^^^^^^^^^^^^^^^^
  File "/usr/lib/python3.12/site-packages/variety/plugins/downloaders/DefaultDownloader.py", line 141, in download_one
    items = self.fill_queue()
            ^^^^^^^^^^^^^^^^^
  File "/usr/lib/python3.12/site-packages/variety/plugins/builtin/downloaders/BingDownloader.py", line 61, in fill_queue
    s = Util.fetch_json(BingDownloader.BING_JSON_URL)
        ^^^^^^^^^^^^^^^^^^^^^^^^^^^^^^^^^^^^^^^^^^^^^
  File "/usr/lib/python3.12/site-packages/variety/Util.py", line 684, in fetch_json
    return Util.request(url, data, **request_kwargs).json()
           ^^^^^^^^^^^^^^^^^^^^^^^^^^^^^^^^^^^^^^^^^
  File "/usr/lib/python3.12/site-packages/variety/Util.py", line 663, in request
    r.raise_for_status()
  File "/usr/lib/python3.12/site-packages/requests/models.py", line 1021, in raise_for_status
    raise HTTPError(http_error_msg, response=self)
requests.exceptions.HTTPError: 500 Server Error: Internal Server Error for url: https://www.bing.com/HPImageArchive.aspx?format=js&idx=0&n=100&mkt=en-US
INFO: 2024-05-23 16:34:44,799: get_throttling() 'Bing: parsing serverside options'
INFO: 2024-05-23 16:34:44,799: get_throttling() 'Could not parse Bing serverside options, using defaults None, None'
INFO: 2024-05-23 16:34:44,799: get_throttling() 'Bing: parsing serverside options'
INFO: 2024-05-23 16:34:44,799: get_throttling() 'Could not parse Bing serverside options, using defaults None, None'
INFO: 2024-05-23 16:34:44,799: download_one() 'Bing: Downloading an image, config: None'
INFO: 2024-05-23 16:34:44,799: download_one() 'Bing: Queue size: 0'
INFO: 2024-05-23 16:34:44,799: get_throttling() 'Bing: parsing serverside options'
INFO: 2024-05-23 16:34:44,799: get_throttling() 'Could not parse Bing serverside options, using defaults None, None'
INFO: 2024-05-23 16:34:44,799: download_one() 'Bing: Filling queue'
ERROR: 2024-05-23 16:34:49,875: download_one_from() 'Could not download wallpaper:'
Traceback (most recent call last):
  File "/usr/lib/python3.12/site-packages/urllib3/connectionpool.py", line 467, in _make_request
    six.raise_from(e, None)
  File "<string>", line 3, in raise_from
  File "/usr/lib/python3.12/site-packages/urllib3/connectionpool.py", line 462, in _make_request
    httplib_response = conn.getresponse()
                       ^^^^^^^^^^^^^^^^^^
  File "/usr/lib/python3.12/http/client.py", line 1428, in getresponse
    response.begin()
  File "/usr/lib/python3.12/http/client.py", line 331, in begin
    version, status, reason = self._read_status()
                              ^^^^^^^^^^^^^^^^^^^
  File "/usr/lib/python3.12/http/client.py", line 292, in _read_status
    line = str(self.fp.readline(_MAXLINE + 1), "iso-8859-1")
               ^^^^^^^^^^^^^^^^^^^^^^^^^^^^^^
  File "/usr/lib/python3.12/socket.py", line 707, in readinto
    return self._sock.recv_into(b)
           ^^^^^^^^^^^^^^^^^^^^^^^
  File "/usr/lib/python3.12/ssl.py", line 1252, in recv_into
    return self.read(nbytes, buffer)
           ^^^^^^^^^^^^^^^^^^^^^^^^^
  File "/usr/lib/python3.12/ssl.py", line 1104, in read
    return self._sslobj.read(len, buffer)
           ^^^^^^^^^^^^^^^^^^^^^^^^^^^^^^
TimeoutError: The read operation timed out

During handling of the above exception, another exception occurred:

Traceback (most recent call last):
  File "/usr/lib/python3.12/site-packages/requests/adapters.py", line 486, in send
    resp = conn.urlopen(
           ^^^^^^^^^^^^^
  File "/usr/lib/python3.12/site-packages/urllib3/connectionpool.py", line 799, in urlopen
    retries = retries.increment(
              ^^^^^^^^^^^^^^^^^^
  File "/usr/lib/python3.12/site-packages/urllib3/util/retry.py", line 550, in increment
    raise six.reraise(type(error), error, _stacktrace)
          ^^^^^^^^^^^^^^^^^^^^^^^^^^^^^^^^^^^^^^^^^^^^
  File "/usr/lib/python3.12/site-packages/urllib3/packages/six.py", line 770, in reraise
    raise value
  File "/usr/lib/python3.12/site-packages/urllib3/connectionpool.py", line 715, in urlopen
    httplib_response = self._make_request(
                       ^^^^^^^^^^^^^^^^^^^
  File "/usr/lib/python3.12/site-packages/urllib3/connectionpool.py", line 469, in _make_request
    self._raise_timeout(err=e, url=url, timeout_value=read_timeout)
  File "/usr/lib/python3.12/site-packages/urllib3/connectionpool.py", line 358, in _raise_timeout
    raise ReadTimeoutError(
urllib3.exceptions.ReadTimeoutError: HTTPSConnectionPool(host='www.bing.com', port=443): Read timed out. (read timeout=5)

During handling of the above exception, another exception occurred:

Traceback (most recent call last):
  File "/usr/lib/python3.12/site-packages/variety/VarietyWindow.py", line 1164, in download_one_from
    file = downloader.download_one()
           ^^^^^^^^^^^^^^^^^^^^^^^^^
  File "/usr/lib/python3.12/site-packages/variety/plugins/downloaders/DefaultDownloader.py", line 141, in download_one
    items = self.fill_queue()
            ^^^^^^^^^^^^^^^^^
  File "/usr/lib/python3.12/site-packages/variety/plugins/builtin/downloaders/BingDownloader.py", line 61, in fill_queue
    s = Util.fetch_json(BingDownloader.BING_JSON_URL)
        ^^^^^^^^^^^^^^^^^^^^^^^^^^^^^^^^^^^^^^^^^^^^^
  File "/usr/lib/python3.12/site-packages/variety/Util.py", line 684, in fetch_json
    return Util.request(url, data, **request_kwargs).json()
           ^^^^^^^^^^^^^^^^^^^^^^^^^^^^^^^^^^^^^^^^^
  File "/usr/lib/python3.12/site-packages/variety/Util.py", line 654, in request
    r = requests.request(
        ^^^^^^^^^^^^^^^^^
  File "/usr/lib/python3.12/site-packages/requests/api.py", line 59, in request
    return session.request(method=method, url=url, **kwargs)
           ^^^^^^^^^^^^^^^^^^^^^^^^^^^^^^^^^^^^^^^^^^^^^^^^^
  File "/usr/lib/python3.12/site-packages/requests/sessions.py", line 589, in request
    resp = self.send(prep, **send_kwargs)
           ^^^^^^^^^^^^^^^^^^^^^^^^^^^^^^
  File "/usr/lib/python3.12/site-packages/requests/sessions.py", line 703, in send
    r = adapter.send(request, **kwargs)
        ^^^^^^^^^^^^^^^^^^^^^^^^^^^^^^^
  File "/usr/lib/python3.12/site-packages/requests/adapters.py", line 532, in send
    raise ReadTimeout(e, request=request)
requests.exceptions.ReadTimeout: HTTPSConnectionPool(host='www.bing.com', port=443): Read timed out. (read timeout=5)
INFO: 2024-05-23 16:36:38,545: regular_change_thread() 'regular_change changes wallpaper'
INFO: 2024-05-23 16:36:38,545: set_wallpaper() 'Calling set_wallpaper with /home/amro/.config/variety/Downloaded/Bing/OHR.JediMonastery_EN-US9398447907_UHD.jpg'
INFO: 2024-05-23 16:36:38,545: prepare_thread() 'Prepared buffer contains 14 images'
INFO: 2024-05-23 16:36:38,546: do_set_wp() 'Calling do_set_wp with /home/amro/.config/variety/Downloaded/Bing/OHR.JediMonastery_EN-US9398447907_UHD.jpg, time: 1716471398.5463953'
INFO: 2024-05-23 16:36:38,552: update_indicator() 'Setting file info to: /home/amro/.config/variety/Downloaded/Bing/OHR.JediMonastery_EN-US9398447907_UHD.jpg'
INFO: 2024-05-23 16:36:38,553: list_files() 'More than 1 files in the folders, stop listing'
INFO: 2024-05-23 16:36:40,546: trigger_download() 'Triggering download thread to check if download needed and possible'
INFO: 2024-05-23 16:36:40,547: get_throttling() 'Bing: parsing serverside options'
INFO: 2024-05-23 16:36:40,547: get_throttling() 'Could not parse Bing serverside options, using defaults None, None'
INFO: 2024-05-23 16:36:40,547: get_throttling() 'Bing: parsing serverside options'
INFO: 2024-05-23 16:36:40,547: get_throttling() 'Could not parse Bing serverside options, using defaults None, None'
INFO: 2024-05-23 16:36:40,547: download_one() 'Bing: Downloading an image, config: None'
INFO: 2024-05-23 16:36:40,547: download_one() 'Bing: Queue size: 0'
INFO: 2024-05-23 16:36:40,547: get_throttling() 'Bing: parsing serverside options'
INFO: 2024-05-23 16:36:40,547: get_throttling() 'Could not parse Bing serverside options, using defaults None, None'
INFO: 2024-05-23 16:36:40,547: download_one() 'Bing: Filling queue'
ERROR: 2024-05-23 16:36:45,529: download_one_from() 'Could not download wallpaper:'
Traceback (most recent call last):
  File "/usr/lib/python3.12/site-packages/variety/VarietyWindow.py", line 1164, in download_one_from
    file = downloader.download_one()
           ^^^^^^^^^^^^^^^^^^^^^^^^^
  File "/usr/lib/python3.12/site-packages/variety/plugins/downloaders/DefaultDownloader.py", line 141, in download_one
    items = self.fill_queue()
            ^^^^^^^^^^^^^^^^^
  File "/usr/lib/python3.12/site-packages/variety/plugins/builtin/downloaders/BingDownloader.py", line 61, in fill_queue
    s = Util.fetch_json(BingDownloader.BING_JSON_URL)
        ^^^^^^^^^^^^^^^^^^^^^^^^^^^^^^^^^^^^^^^^^^^^^
  File "/usr/lib/python3.12/site-packages/variety/Util.py", line 684, in fetch_json
    return Util.request(url, data, **request_kwargs).json()
           ^^^^^^^^^^^^^^^^^^^^^^^^^^^^^^^^^^^^^^^^^
  File "/usr/lib/python3.12/site-packages/variety/Util.py", line 663, in request
    r.raise_for_status()
  File "/usr/lib/python3.12/site-packages/requests/models.py", line 1021, in raise_for_status
    raise HTTPError(http_error_msg, response=self)
requests.exceptions.HTTPError: 500 Server Error: Internal Server Error for url: https://www.bing.com/HPImageArchive.aspx?format=js&idx=0&n=100&mkt=en-US
INFO: 2024-05-23 16:39:46,531: get_throttling() 'Bing: parsing serverside options'
INFO: 2024-05-23 16:39:46,531: get_throttling() 'Could not parse Bing serverside options, using defaults None, None'
INFO: 2024-05-23 16:39:46,531: get_throttling() 'Bing: parsing serverside options'
INFO: 2024-05-23 16:39:46,531: get_throttling() 'Could not parse Bing serverside options, using defaults None, None'
INFO: 2024-05-23 16:39:46,531: download_one() 'Bing: Downloading an image, config: None'
INFO: 2024-05-23 16:39:46,531: download_one() 'Bing: Queue size: 0'
INFO: 2024-05-23 16:39:46,531: get_throttling() 'Bing: parsing serverside options'
INFO: 2024-05-23 16:39:46,532: get_throttling() 'Could not parse Bing serverside options, using defaults None, None'
INFO: 2024-05-23 16:39:46,532: download_one() 'Bing: Filling queue'
ERROR: 2024-05-23 16:39:47,541: download_one_from() 'Could not download wallpaper:'
Traceback (most recent call last):
  File "/usr/lib/python3.12/site-packages/variety/VarietyWindow.py", line 1164, in download_one_from
    file = downloader.download_one()
           ^^^^^^^^^^^^^^^^^^^^^^^^^
  File "/usr/lib/python3.12/site-packages/variety/plugins/downloaders/DefaultDownloader.py", line 141, in download_one
    items = self.fill_queue()
            ^^^^^^^^^^^^^^^^^
  File "/usr/lib/python3.12/site-packages/variety/plugins/builtin/downloaders/BingDownloader.py", line 61, in fill_queue
    s = Util.fetch_json(BingDownloader.BING_JSON_URL)
        ^^^^^^^^^^^^^^^^^^^^^^^^^^^^^^^^^^^^^^^^^^^^^
  File "/usr/lib/python3.12/site-packages/variety/Util.py", line 684, in fetch_json
    return Util.request(url, data, **request_kwargs).json()
           ^^^^^^^^^^^^^^^^^^^^^^^^^^^^^^^^^^^^^^^^^
  File "/usr/lib/python3.12/site-packages/variety/Util.py", line 663, in request
    r.raise_for_status()
  File "/usr/lib/python3.12/site-packages/requests/models.py", line 1021, in raise_for_status
    raise HTTPError(http_error_msg, response=self)
requests.exceptions.HTTPError: 500 Server Error: Internal Server Error for url: https://www.bing.com/HPImageArchive.aspx?format=js&idx=0&n=100&mkt=en-US
INFO: 2024-05-23 16:41:38,555: regular_change_thread() 'regular_change changes wallpaper'
INFO: 2024-05-23 16:41:38,555: set_wallpaper() 'Calling set_wallpaper with /home/amro/.config/variety/Downloaded/Bing/OHR.TexasIndigoBunting_EN-US0916417036_UHD.jpg'
INFO: 2024-05-23 16:41:38,556: prepare_thread() 'Prepared buffer contains 13 images'
INFO: 2024-05-23 16:41:38,556: do_set_wp() 'Calling do_set_wp with /home/amro/.config/variety/Downloaded/Bing/OHR.TexasIndigoBunting_EN-US0916417036_UHD.jpg, time: 1716471698.5564675'
INFO: 2024-05-23 16:41:38,561: update_indicator() 'Setting file info to: /home/amro/.config/variety/Downloaded/Bing/OHR.TexasIndigoBunting_EN-US0916417036_UHD.jpg'
INFO: 2024-05-23 16:41:38,562: list_files() 'More than 1 files in the folders, stop listing'
INFO: 2024-05-23 16:41:40,556: trigger_download() 'Triggering download thread to check if download needed and possible'
INFO: 2024-05-23 16:41:40,556: get_throttling() 'Bing: parsing serverside options'
INFO: 2024-05-23 16:41:40,557: get_throttling() 'Could not parse Bing serverside options, using defaults None, None'
INFO: 2024-05-23 16:41:40,557: get_throttling() 'Bing: parsing serverside options'
INFO: 2024-05-23 16:41:40,557: get_throttling() 'Could not parse Bing serverside options, using defaults None, None'
INFO: 2024-05-23 16:41:40,557: download_one() 'Bing: Downloading an image, config: None'
INFO: 2024-05-23 16:41:40,557: download_one() 'Bing: Queue size: 0'
INFO: 2024-05-23 16:41:40,557: get_throttling() 'Bing: parsing serverside options'
INFO: 2024-05-23 16:41:40,557: get_throttling() 'Could not parse Bing serverside options, using defaults None, None'
INFO: 2024-05-23 16:41:40,557: download_one() 'Bing: Filling queue'
ERROR: 2024-05-23 16:41:41,616: download_one_from() 'Could not download wallpaper:'
Traceback (most recent call last):
  File "/usr/lib/python3.12/site-packages/variety/VarietyWindow.py", line 1164, in download_one_from
    file = downloader.download_one()
           ^^^^^^^^^^^^^^^^^^^^^^^^^
  File "/usr/lib/python3.12/site-packages/variety/plugins/downloaders/DefaultDownloader.py", line 141, in download_one
    items = self.fill_queue()
            ^^^^^^^^^^^^^^^^^
  File "/usr/lib/python3.12/site-packages/variety/plugins/builtin/downloaders/BingDownloader.py", line 61, in fill_queue
    s = Util.fetch_json(BingDownloader.BING_JSON_URL)
        ^^^^^^^^^^^^^^^^^^^^^^^^^^^^^^^^^^^^^^^^^^^^^
  File "/usr/lib/python3.12/site-packages/variety/Util.py", line 684, in fetch_json
    return Util.request(url, data, **request_kwargs).json()
           ^^^^^^^^^^^^^^^^^^^^^^^^^^^^^^^^^^^^^^^^^
  File "/usr/lib/python3.12/site-packages/variety/Util.py", line 663, in request
    r.raise_for_status()
  File "/usr/lib/python3.12/site-packages/requests/models.py", line 1021, in raise_for_status
    raise HTTPError(http_error_msg, response=self)
requests.exceptions.HTTPError: 500 Server Error: Internal Server Error for url: https://www.bing.com/HPImageArchive.aspx?format=js&idx=0&n=100&mkt=en-US
INFO: 2024-05-23 16:45:29,349: get_throttling() 'Bing: parsing serverside options'
INFO: 2024-05-23 16:45:29,349: get_throttling() 'Could not parse Bing serverside options, using defaults None, None'
INFO: 2024-05-23 16:45:29,349: get_throttling() 'Bing: parsing serverside options'
INFO: 2024-05-23 16:45:29,349: get_throttling() 'Could not parse Bing serverside options, using defaults None, None'
INFO: 2024-05-23 16:45:29,349: download_one() 'Bing: Downloading an image, config: None'
INFO: 2024-05-23 16:45:29,349: download_one() 'Bing: Queue size: 0'
INFO: 2024-05-23 16:45:29,349: get_throttling() 'Bing: parsing serverside options'
INFO: 2024-05-23 16:45:29,349: get_throttling() 'Could not parse Bing serverside options, using defaults None, None'
INFO: 2024-05-23 16:45:29,349: download_one() 'Bing: Filling queue'
ERROR: 2024-05-23 16:45:31,176: download_one_from() 'Could not download wallpaper:'
Traceback (most recent call last):
  File "/usr/lib/python3.12/site-packages/variety/VarietyWindow.py", line 1164, in download_one_from
    file = downloader.download_one()
           ^^^^^^^^^^^^^^^^^^^^^^^^^
  File "/usr/lib/python3.12/site-packages/variety/plugins/downloaders/DefaultDownloader.py", line 141, in download_one
    items = self.fill_queue()
            ^^^^^^^^^^^^^^^^^
  File "/usr/lib/python3.12/site-packages/variety/plugins/builtin/downloaders/BingDownloader.py", line 61, in fill_queue
    s = Util.fetch_json(BingDownloader.BING_JSON_URL)
        ^^^^^^^^^^^^^^^^^^^^^^^^^^^^^^^^^^^^^^^^^^^^^
  File "/usr/lib/python3.12/site-packages/variety/Util.py", line 684, in fetch_json
    return Util.request(url, data, **request_kwargs).json()
           ^^^^^^^^^^^^^^^^^^^^^^^^^^^^^^^^^^^^^^^^^
  File "/usr/lib/python3.12/site-packages/variety/Util.py", line 663, in request
    r.raise_for_status()
  File "/usr/lib/python3.12/site-packages/requests/models.py", line 1021, in raise_for_status
    raise HTTPError(http_error_msg, response=self)
requests.exceptions.HTTPError: 500 Server Error: Internal Server Error for url: https://www.bing.com/HPImageArchive.aspx?format=js&idx=0&n=100&mkt=en-US
INFO: 2024-05-23 16:47:25,287: regular_change_thread() 'regular_change changes wallpaper'
INFO: 2024-05-23 16:47:25,287: set_wallpaper() 'Calling set_wallpaper with /home/amro/.config/variety/Downloaded/Bing/OHR.LittleDuckling_EN-US0447954247_UHD.jpg'
INFO: 2024-05-23 16:47:25,287: prepare_thread() 'Prepared buffer contains 12 images'
INFO: 2024-05-23 16:47:25,288: do_set_wp() 'Calling do_set_wp with /home/amro/.config/variety/Downloaded/Bing/OHR.LittleDuckling_EN-US0447954247_UHD.jpg, time: 1716472045.2885227'
INFO: 2024-05-23 16:47:25,293: update_indicator() 'Setting file info to: /home/amro/.config/variety/Downloaded/Bing/OHR.LittleDuckling_EN-US0447954247_UHD.jpg'
INFO: 2024-05-23 16:47:25,294: list_files() 'More than 1 files in the folders, stop listing'
INFO: 2024-05-23 16:47:27,288: trigger_download() 'Triggering download thread to check if download needed and possible'
INFO: 2024-05-23 16:47:27,288: get_throttling() 'Bing: parsing serverside options'
INFO: 2024-05-23 16:47:27,288: get_throttling() 'Could not parse Bing serverside options, using defaults None, None'
INFO: 2024-05-23 16:47:27,288: get_throttling() 'Bing: parsing serverside options'
INFO: 2024-05-23 16:47:27,288: get_throttling() 'Could not parse Bing serverside options, using defaults None, None'
INFO: 2024-05-23 16:47:27,288: download_one() 'Bing: Downloading an image, config: None'
INFO: 2024-05-23 16:47:27,289: download_one() 'Bing: Queue size: 0'
INFO: 2024-05-23 16:47:27,289: get_throttling() 'Bing: parsing serverside options'
INFO: 2024-05-23 16:47:27,289: get_throttling() 'Could not parse Bing serverside options, using defaults None, None'
INFO: 2024-05-23 16:47:27,289: download_one() 'Bing: Filling queue'
ERROR: 2024-05-23 16:47:32,366: download_one_from() 'Could not download wallpaper:'
Traceback (most recent call last):
  File "/usr/lib/python3.12/site-packages/urllib3/connectionpool.py", line 467, in _make_request
    six.raise_from(e, None)
  File "<string>", line 3, in raise_from
  File "/usr/lib/python3.12/site-packages/urllib3/connectionpool.py", line 462, in _make_request
    httplib_response = conn.getresponse()
                       ^^^^^^^^^^^^^^^^^^
  File "/usr/lib/python3.12/http/client.py", line 1428, in getresponse
    response.begin()
  File "/usr/lib/python3.12/http/client.py", line 331, in begin
    version, status, reason = self._read_status()
                              ^^^^^^^^^^^^^^^^^^^
  File "/usr/lib/python3.12/http/client.py", line 292, in _read_status
    line = str(self.fp.readline(_MAXLINE + 1), "iso-8859-1")
               ^^^^^^^^^^^^^^^^^^^^^^^^^^^^^^
  File "/usr/lib/python3.12/socket.py", line 707, in readinto
    return self._sock.recv_into(b)
           ^^^^^^^^^^^^^^^^^^^^^^^
  File "/usr/lib/python3.12/ssl.py", line 1252, in recv_into
    return self.read(nbytes, buffer)
           ^^^^^^^^^^^^^^^^^^^^^^^^^
  File "/usr/lib/python3.12/ssl.py", line 1104, in read
    return self._sslobj.read(len, buffer)
           ^^^^^^^^^^^^^^^^^^^^^^^^^^^^^^
TimeoutError: The read operation timed out

During handling of the above exception, another exception occurred:

Traceback (most recent call last):
  File "/usr/lib/python3.12/site-packages/requests/adapters.py", line 486, in send
    resp = conn.urlopen(
           ^^^^^^^^^^^^^
  File "/usr/lib/python3.12/site-packages/urllib3/connectionpool.py", line 799, in urlopen
    retries = retries.increment(
              ^^^^^^^^^^^^^^^^^^
  File "/usr/lib/python3.12/site-packages/urllib3/util/retry.py", line 550, in increment
    raise six.reraise(type(error), error, _stacktrace)
          ^^^^^^^^^^^^^^^^^^^^^^^^^^^^^^^^^^^^^^^^^^^^
  File "/usr/lib/python3.12/site-packages/urllib3/packages/six.py", line 770, in reraise
    raise value
  File "/usr/lib/python3.12/site-packages/urllib3/connectionpool.py", line 715, in urlopen
    httplib_response = self._make_request(
                       ^^^^^^^^^^^^^^^^^^^
  File "/usr/lib/python3.12/site-packages/urllib3/connectionpool.py", line 469, in _make_request
    self._raise_timeout(err=e, url=url, timeout_value=read_timeout)
  File "/usr/lib/python3.12/site-packages/urllib3/connectionpool.py", line 358, in _raise_timeout
    raise ReadTimeoutError(
urllib3.exceptions.ReadTimeoutError: HTTPSConnectionPool(host='www.bing.com', port=443): Read timed out. (read timeout=5)

During handling of the above exception, another exception occurred:

Traceback (most recent call last):
  File "/usr/lib/python3.12/site-packages/variety/VarietyWindow.py", line 1164, in download_one_from
    file = downloader.download_one()
           ^^^^^^^^^^^^^^^^^^^^^^^^^
  File "/usr/lib/python3.12/site-packages/variety/plugins/downloaders/DefaultDownloader.py", line 141, in download_one
    items = self.fill_queue()
            ^^^^^^^^^^^^^^^^^
  File "/usr/lib/python3.12/site-packages/variety/plugins/builtin/downloaders/BingDownloader.py", line 61, in fill_queue
    s = Util.fetch_json(BingDownloader.BING_JSON_URL)
        ^^^^^^^^^^^^^^^^^^^^^^^^^^^^^^^^^^^^^^^^^^^^^
  File "/usr/lib/python3.12/site-packages/variety/Util.py", line 684, in fetch_json
    return Util.request(url, data, **request_kwargs).json()
           ^^^^^^^^^^^^^^^^^^^^^^^^^^^^^^^^^^^^^^^^^
  File "/usr/lib/python3.12/site-packages/variety/Util.py", line 654, in request
    r = requests.request(
        ^^^^^^^^^^^^^^^^^
  File "/usr/lib/python3.12/site-packages/requests/api.py", line 59, in request
    return session.request(method=method, url=url, **kwargs)
           ^^^^^^^^^^^^^^^^^^^^^^^^^^^^^^^^^^^^^^^^^^^^^^^^^
  File "/usr/lib/python3.12/site-packages/requests/sessions.py", line 589, in request
    resp = self.send(prep, **send_kwargs)
           ^^^^^^^^^^^^^^^^^^^^^^^^^^^^^^
  File "/usr/lib/python3.12/site-packages/requests/sessions.py", line 703, in send
    r = adapter.send(request, **kwargs)
        ^^^^^^^^^^^^^^^^^^^^^^^^^^^^^^^
  File "/usr/lib/python3.12/site-packages/requests/adapters.py", line 532, in send
    raise ReadTimeout(e, request=request)
requests.exceptions.ReadTimeout: HTTPSConnectionPool(host='www.bing.com', port=443): Read timed out. (read timeout=5)
INFO: 2024-05-23 16:50:33,368: get_throttling() 'Bing: parsing serverside options'
INFO: 2024-05-23 16:50:33,368: get_throttling() 'Could not parse Bing serverside options, using defaults None, None'
INFO: 2024-05-23 16:50:33,368: get_throttling() 'Bing: parsing serverside options'
INFO: 2024-05-23 16:50:33,368: get_throttling() 'Could not parse Bing serverside options, using defaults None, None'
INFO: 2024-05-23 16:50:33,368: download_one() 'Bing: Downloading an image, config: None'
INFO: 2024-05-23 16:50:33,368: download_one() 'Bing: Queue size: 0'
INFO: 2024-05-23 16:50:33,368: get_throttling() 'Bing: parsing serverside options'
INFO: 2024-05-23 16:50:33,368: get_throttling() 'Could not parse Bing serverside options, using defaults None, None'
INFO: 2024-05-23 16:50:33,368: download_one() 'Bing: Filling queue'
ERROR: 2024-05-23 16:50:38,504: download_one_from() 'Could not download wallpaper:'
Traceback (most recent call last):
  File "/usr/lib/python3.12/site-packages/urllib3/connectionpool.py", line 467, in _make_request
    six.raise_from(e, None)
  File "<string>", line 3, in raise_from
  File "/usr/lib/python3.12/site-packages/urllib3/connectionpool.py", line 462, in _make_request
    httplib_response = conn.getresponse()
                       ^^^^^^^^^^^^^^^^^^
  File "/usr/lib/python3.12/http/client.py", line 1428, in getresponse
    response.begin()
  File "/usr/lib/python3.12/http/client.py", line 331, in begin
    version, status, reason = self._read_status()
                              ^^^^^^^^^^^^^^^^^^^
  File "/usr/lib/python3.12/http/client.py", line 292, in _read_status
    line = str(self.fp.readline(_MAXLINE + 1), "iso-8859-1")
               ^^^^^^^^^^^^^^^^^^^^^^^^^^^^^^
  File "/usr/lib/python3.12/socket.py", line 707, in readinto
    return self._sock.recv_into(b)
           ^^^^^^^^^^^^^^^^^^^^^^^
  File "/usr/lib/python3.12/ssl.py", line 1252, in recv_into
    return self.read(nbytes, buffer)
           ^^^^^^^^^^^^^^^^^^^^^^^^^
  File "/usr/lib/python3.12/ssl.py", line 1104, in read
    return self._sslobj.read(len, buffer)
           ^^^^^^^^^^^^^^^^^^^^^^^^^^^^^^
TimeoutError: The read operation timed out

During handling of the above exception, another exception occurred:

Traceback (most recent call last):
  File "/usr/lib/python3.12/site-packages/requests/adapters.py", line 486, in send
    resp = conn.urlopen(
           ^^^^^^^^^^^^^
  File "/usr/lib/python3.12/site-packages/urllib3/connectionpool.py", line 799, in urlopen
    retries = retries.increment(
              ^^^^^^^^^^^^^^^^^^
  File "/usr/lib/python3.12/site-packages/urllib3/util/retry.py", line 550, in increment
    raise six.reraise(type(error), error, _stacktrace)
          ^^^^^^^^^^^^^^^^^^^^^^^^^^^^^^^^^^^^^^^^^^^^
  File "/usr/lib/python3.12/site-packages/urllib3/packages/six.py", line 770, in reraise
    raise value
  File "/usr/lib/python3.12/site-packages/urllib3/connectionpool.py", line 715, in urlopen
    httplib_response = self._make_request(
                       ^^^^^^^^^^^^^^^^^^^
  File "/usr/lib/python3.12/site-packages/urllib3/connectionpool.py", line 469, in _make_request
    self._raise_timeout(err=e, url=url, timeout_value=read_timeout)
  File "/usr/lib/python3.12/site-packages/urllib3/connectionpool.py", line 358, in _raise_timeout
    raise ReadTimeoutError(
urllib3.exceptions.ReadTimeoutError: HTTPSConnectionPool(host='www.bing.com', port=443): Read timed out. (read timeout=5)

During handling of the above exception, another exception occurred:

Traceback (most recent call last):
  File "/usr/lib/python3.12/site-packages/variety/VarietyWindow.py", line 1164, in download_one_from
    file = downloader.download_one()
           ^^^^^^^^^^^^^^^^^^^^^^^^^
  File "/usr/lib/python3.12/site-packages/variety/plugins/downloaders/DefaultDownloader.py", line 141, in download_one
    items = self.fill_queue()
            ^^^^^^^^^^^^^^^^^
  File "/usr/lib/python3.12/site-packages/variety/plugins/builtin/downloaders/BingDownloader.py", line 61, in fill_queue
    s = Util.fetch_json(BingDownloader.BING_JSON_URL)
        ^^^^^^^^^^^^^^^^^^^^^^^^^^^^^^^^^^^^^^^^^^^^^
  File "/usr/lib/python3.12/site-packages/variety/Util.py", line 684, in fetch_json
    return Util.request(url, data, **request_kwargs).json()
           ^^^^^^^^^^^^^^^^^^^^^^^^^^^^^^^^^^^^^^^^^
  File "/usr/lib/python3.12/site-packages/variety/Util.py", line 654, in request
    r = requests.request(
        ^^^^^^^^^^^^^^^^^
  File "/usr/lib/python3.12/site-packages/requests/api.py", line 59, in request
    return session.request(method=method, url=url, **kwargs)
           ^^^^^^^^^^^^^^^^^^^^^^^^^^^^^^^^^^^^^^^^^^^^^^^^^
  File "/usr/lib/python3.12/site-packages/requests/sessions.py", line 589, in request
    resp = self.send(prep, **send_kwargs)
           ^^^^^^^^^^^^^^^^^^^^^^^^^^^^^^
  File "/usr/lib/python3.12/site-packages/requests/sessions.py", line 703, in send
    r = adapter.send(request, **kwargs)
        ^^^^^^^^^^^^^^^^^^^^^^^^^^^^^^^
  File "/usr/lib/python3.12/site-packages/requests/adapters.py", line 532, in send
    raise ReadTimeout(e, request=request)
requests.exceptions.ReadTimeout: HTTPSConnectionPool(host='www.bing.com', port=443): Read timed out. (read timeout=5)
INFO: 2024-05-23 16:52:25,301: regular_change_thread() 'regular_change changes wallpaper'
INFO: 2024-05-23 16:52:25,301: set_wallpaper() 'Calling set_wallpaper with /home/amro/.config/variety/Downloaded/Bing/OHR.TarangireElephants_EN-US8865263185_UHD.jpg'
INFO: 2024-05-23 16:52:25,301: prepare_thread() 'Prepared buffer contains 11 images'
INFO: 2024-05-23 16:52:25,302: do_set_wp() 'Calling do_set_wp with /home/amro/.config/variety/Downloaded/Bing/OHR.TarangireElephants_EN-US8865263185_UHD.jpg, time: 1716472345.3020415'
INFO: 2024-05-23 16:52:25,307: update_indicator() 'Setting file info to: /home/amro/.config/variety/Downloaded/Bing/OHR.TarangireElephants_EN-US8865263185_UHD.jpg'
INFO: 2024-05-23 16:52:25,307: list_files() 'More than 1 files in the folders, stop listing'
INFO: 2024-05-23 16:52:27,302: trigger_download() 'Triggering download thread to check if download needed and possible'
INFO: 2024-05-23 16:52:27,302: get_throttling() 'Bing: parsing serverside options'
INFO: 2024-05-23 16:52:27,302: get_throttling() 'Could not parse Bing serverside options, using defaults None, None'
INFO: 2024-05-23 16:52:27,302: get_throttling() 'Bing: parsing serverside options'
INFO: 2024-05-23 16:52:27,302: get_throttling() 'Could not parse Bing serverside options, using defaults None, None'
INFO: 2024-05-23 16:52:27,302: download_one() 'Bing: Downloading an image, config: None'
INFO: 2024-05-23 16:52:27,302: download_one() 'Bing: Queue size: 0'
INFO: 2024-05-23 16:52:27,302: get_throttling() 'Bing: parsing serverside options'
INFO: 2024-05-23 16:52:27,302: get_throttling() 'Could not parse Bing serverside options, using defaults None, None'
INFO: 2024-05-23 16:52:27,302: download_one() 'Bing: Filling queue'
ERROR: 2024-05-23 16:52:29,893: download_one_from() 'Could not download wallpaper:'
Traceback (most recent call last):
  File "/usr/lib/python3.12/site-packages/variety/VarietyWindow.py", line 1164, in download_one_from
    file = downloader.download_one()
           ^^^^^^^^^^^^^^^^^^^^^^^^^
  File "/usr/lib/python3.12/site-packages/variety/plugins/downloaders/DefaultDownloader.py", line 141, in download_one
    items = self.fill_queue()
            ^^^^^^^^^^^^^^^^^
  File "/usr/lib/python3.12/site-packages/variety/plugins/builtin/downloaders/BingDownloader.py", line 61, in fill_queue
    s = Util.fetch_json(BingDownloader.BING_JSON_URL)
        ^^^^^^^^^^^^^^^^^^^^^^^^^^^^^^^^^^^^^^^^^^^^^
  File "/usr/lib/python3.12/site-packages/variety/Util.py", line 684, in fetch_json
    return Util.request(url, data, **request_kwargs).json()
           ^^^^^^^^^^^^^^^^^^^^^^^^^^^^^^^^^^^^^^^^^
  File "/usr/lib/python3.12/site-packages/variety/Util.py", line 663, in request
    r.raise_for_status()
  File "/usr/lib/python3.12/site-packages/requests/models.py", line 1021, in raise_for_status
    raise HTTPError(http_error_msg, response=self)
requests.exceptions.HTTPError: 500 Server Error: Internal Server Error for url: https://www.bing.com/HPImageArchive.aspx?format=js&idx=0&n=100&mkt=en-US
INFO: 2024-05-23 16:55:30,895: get_throttling() 'Bing: parsing serverside options'
INFO: 2024-05-23 16:55:30,896: get_throttling() 'Could not parse Bing serverside options, using defaults None, None'
INFO: 2024-05-23 16:55:30,896: get_throttling() 'Bing: parsing serverside options'
INFO: 2024-05-23 16:55:30,896: get_throttling() 'Could not parse Bing serverside options, using defaults None, None'
INFO: 2024-05-23 16:55:30,896: download_one() 'Bing: Downloading an image, config: None'
INFO: 2024-05-23 16:55:30,896: download_one() 'Bing: Queue size: 0'
INFO: 2024-05-23 16:55:30,896: get_throttling() 'Bing: parsing serverside options'
INFO: 2024-05-23 16:55:30,896: get_throttling() 'Could not parse Bing serverside options, using defaults None, None'
INFO: 2024-05-23 16:55:30,896: download_one() 'Bing: Filling queue'
ERROR: 2024-05-23 16:55:31,963: download_one_from() 'Could not download wallpaper:'
Traceback (most recent call last):
  File "/usr/lib/python3.12/site-packages/variety/VarietyWindow.py", line 1164, in download_one_from
    file = downloader.download_one()
           ^^^^^^^^^^^^^^^^^^^^^^^^^
  File "/usr/lib/python3.12/site-packages/variety/plugins/downloaders/DefaultDownloader.py", line 141, in download_one
    items = self.fill_queue()
            ^^^^^^^^^^^^^^^^^
  File "/usr/lib/python3.12/site-packages/variety/plugins/builtin/downloaders/BingDownloader.py", line 61, in fill_queue
    s = Util.fetch_json(BingDownloader.BING_JSON_URL)
        ^^^^^^^^^^^^^^^^^^^^^^^^^^^^^^^^^^^^^^^^^^^^^
  File "/usr/lib/python3.12/site-packages/variety/Util.py", line 684, in fetch_json
    return Util.request(url, data, **request_kwargs).json()
           ^^^^^^^^^^^^^^^^^^^^^^^^^^^^^^^^^^^^^^^^^
  File "/usr/lib/python3.12/site-packages/variety/Util.py", line 663, in request
    r.raise_for_status()
  File "/usr/lib/python3.12/site-packages/requests/models.py", line 1021, in raise_for_status
    raise HTTPError(http_error_msg, response=self)
requests.exceptions.HTTPError: 500 Server Error: Internal Server Error for url: https://www.bing.com/HPImageArchive.aspx?format=js&idx=0&n=100&mkt=en-US
INFO: 2024-05-23 16:57:25,310: regular_change_thread() 'regular_change changes wallpaper'
INFO: 2024-05-23 16:57:25,311: set_wallpaper() 'Calling set_wallpaper with /home/amro/.config/variety/Downloaded/Bing/OHR.BlueCityIndia_EN-US1593809891_UHD.jpg'
INFO: 2024-05-23 16:57:25,311: prepare_thread() 'Prepared buffer contains 10 images'
INFO: 2024-05-23 16:57:25,311: do_set_wp() 'Calling do_set_wp with /home/amro/.config/variety/Downloaded/Bing/OHR.BlueCityIndia_EN-US1593809891_UHD.jpg, time: 1716472645.311563'
INFO: 2024-05-23 16:57:25,317: update_indicator() 'Setting file info to: /home/amro/.config/variety/Downloaded/Bing/OHR.BlueCityIndia_EN-US1593809891_UHD.jpg'
INFO: 2024-05-23 16:57:25,318: list_files() 'More than 1 files in the folders, stop listing'
INFO: 2024-05-23 16:57:27,312: trigger_download() 'Triggering download thread to check if download needed and possible'
INFO: 2024-05-23 16:57:27,312: get_throttling() 'Bing: parsing serverside options'
INFO: 2024-05-23 16:57:27,312: get_throttling() 'Could not parse Bing serverside options, using defaults None, None'
INFO: 2024-05-23 16:57:27,312: get_throttling() 'Bing: parsing serverside options'
INFO: 2024-05-23 16:57:27,312: get_throttling() 'Could not parse Bing serverside options, using defaults None, None'
INFO: 2024-05-23 16:57:27,312: download_one() 'Bing: Downloading an image, config: None'
INFO: 2024-05-23 16:57:27,312: download_one() 'Bing: Queue size: 0'
INFO: 2024-05-23 16:57:27,312: get_throttling() 'Bing: parsing serverside options'
INFO: 2024-05-23 16:57:27,313: get_throttling() 'Could not parse Bing serverside options, using defaults None, None'
INFO: 2024-05-23 16:57:27,313: download_one() 'Bing: Filling queue'
ERROR: 2024-05-23 16:57:32,389: download_one_from() 'Could not download wallpaper:'
Traceback (most recent call last):
  File "/usr/lib/python3.12/site-packages/urllib3/connectionpool.py", line 467, in _make_request
    six.raise_from(e, None)
  File "<string>", line 3, in raise_from
  File "/usr/lib/python3.12/site-packages/urllib3/connectionpool.py", line 462, in _make_request
    httplib_response = conn.getresponse()
                       ^^^^^^^^^^^^^^^^^^
  File "/usr/lib/python3.12/http/client.py", line 1428, in getresponse
    response.begin()
  File "/usr/lib/python3.12/http/client.py", line 331, in begin
    version, status, reason = self._read_status()
                              ^^^^^^^^^^^^^^^^^^^
  File "/usr/lib/python3.12/http/client.py", line 292, in _read_status
    line = str(self.fp.readline(_MAXLINE + 1), "iso-8859-1")
               ^^^^^^^^^^^^^^^^^^^^^^^^^^^^^^
  File "/usr/lib/python3.12/socket.py", line 707, in readinto
    return self._sock.recv_into(b)
           ^^^^^^^^^^^^^^^^^^^^^^^
  File "/usr/lib/python3.12/ssl.py", line 1252, in recv_into
    return self.read(nbytes, buffer)
           ^^^^^^^^^^^^^^^^^^^^^^^^^
  File "/usr/lib/python3.12/ssl.py", line 1104, in read
    return self._sslobj.read(len, buffer)
           ^^^^^^^^^^^^^^^^^^^^^^^^^^^^^^
TimeoutError: The read operation timed out

During handling of the above exception, another exception occurred:

Traceback (most recent call last):
  File "/usr/lib/python3.12/site-packages/requests/adapters.py", line 486, in send
    resp = conn.urlopen(
           ^^^^^^^^^^^^^
  File "/usr/lib/python3.12/site-packages/urllib3/connectionpool.py", line 799, in urlopen
    retries = retries.increment(
              ^^^^^^^^^^^^^^^^^^
  File "/usr/lib/python3.12/site-packages/urllib3/util/retry.py", line 550, in increment
    raise six.reraise(type(error), error, _stacktrace)
          ^^^^^^^^^^^^^^^^^^^^^^^^^^^^^^^^^^^^^^^^^^^^
  File "/usr/lib/python3.12/site-packages/urllib3/packages/six.py", line 770, in reraise
    raise value
  File "/usr/lib/python3.12/site-packages/urllib3/connectionpool.py", line 715, in urlopen
    httplib_response = self._make_request(
                       ^^^^^^^^^^^^^^^^^^^
  File "/usr/lib/python3.12/site-packages/urllib3/connectionpool.py", line 469, in _make_request
    self._raise_timeout(err=e, url=url, timeout_value=read_timeout)
  File "/usr/lib/python3.12/site-packages/urllib3/connectionpool.py", line 358, in _raise_timeout
    raise ReadTimeoutError(
urllib3.exceptions.ReadTimeoutError: HTTPSConnectionPool(host='www.bing.com', port=443): Read timed out. (read timeout=5)

During handling of the above exception, another exception occurred:

Traceback (most recent call last):
  File "/usr/lib/python3.12/site-packages/variety/VarietyWindow.py", line 1164, in download_one_from
    file = downloader.download_one()
           ^^^^^^^^^^^^^^^^^^^^^^^^^
  File "/usr/lib/python3.12/site-packages/variety/plugins/downloaders/DefaultDownloader.py", line 141, in download_one
    items = self.fill_queue()
            ^^^^^^^^^^^^^^^^^
  File "/usr/lib/python3.12/site-packages/variety/plugins/builtin/downloaders/BingDownloader.py", line 61, in fill_queue
    s = Util.fetch_json(BingDownloader.BING_JSON_URL)
        ^^^^^^^^^^^^^^^^^^^^^^^^^^^^^^^^^^^^^^^^^^^^^
  File "/usr/lib/python3.12/site-packages/variety/Util.py", line 684, in fetch_json
    return Util.request(url, data, **request_kwargs).json()
           ^^^^^^^^^^^^^^^^^^^^^^^^^^^^^^^^^^^^^^^^^
  File "/usr/lib/python3.12/site-packages/variety/Util.py", line 654, in request
    r = requests.request(
        ^^^^^^^^^^^^^^^^^
  File "/usr/lib/python3.12/site-packages/requests/api.py", line 59, in request
    return session.request(method=method, url=url, **kwargs)
           ^^^^^^^^^^^^^^^^^^^^^^^^^^^^^^^^^^^^^^^^^^^^^^^^^
  File "/usr/lib/python3.12/site-packages/requests/sessions.py", line 589, in request
    resp = self.send(prep, **send_kwargs)
           ^^^^^^^^^^^^^^^^^^^^^^^^^^^^^^
  File "/usr/lib/python3.12/site-packages/requests/sessions.py", line 703, in send
    r = adapter.send(request, **kwargs)
        ^^^^^^^^^^^^^^^^^^^^^^^^^^^^^^^
  File "/usr/lib/python3.12/site-packages/requests/adapters.py", line 532, in send
    raise ReadTimeout(e, request=request)
requests.exceptions.ReadTimeout: HTTPSConnectionPool(host='www.bing.com', port=443): Read timed out. (read timeout=5)
INFO: 2024-05-23 17:00:33,392: get_throttling() 'Bing: parsing serverside options'
INFO: 2024-05-23 17:00:33,392: get_throttling() 'Could not parse Bing serverside options, using defaults None, None'
INFO: 2024-05-23 17:00:33,392: get_throttling() 'Bing: parsing serverside options'
INFO: 2024-05-23 17:00:33,392: get_throttling() 'Could not parse Bing serverside options, using defaults None, None'
INFO: 2024-05-23 17:00:33,392: download_one() 'Bing: Downloading an image, config: None'
INFO: 2024-05-23 17:00:33,392: download_one() 'Bing: Queue size: 0'
INFO: 2024-05-23 17:00:33,392: get_throttling() 'Bing: parsing serverside options'
INFO: 2024-05-23 17:00:33,392: get_throttling() 'Could not parse Bing serverside options, using defaults None, None'
INFO: 2024-05-23 17:00:33,392: download_one() 'Bing: Filling queue'
ERROR: 2024-05-23 17:00:34,660: download_one_from() 'Could not download wallpaper:'
Traceback (most recent call last):
  File "/usr/lib/python3.12/site-packages/variety/VarietyWindow.py", line 1164, in download_one_from
    file = downloader.download_one()
           ^^^^^^^^^^^^^^^^^^^^^^^^^
  File "/usr/lib/python3.12/site-packages/variety/plugins/downloaders/DefaultDownloader.py", line 141, in download_one
    items = self.fill_queue()
            ^^^^^^^^^^^^^^^^^
  File "/usr/lib/python3.12/site-packages/variety/plugins/builtin/downloaders/BingDownloader.py", line 61, in fill_queue
    s = Util.fetch_json(BingDownloader.BING_JSON_URL)
        ^^^^^^^^^^^^^^^^^^^^^^^^^^^^^^^^^^^^^^^^^^^^^
  File "/usr/lib/python3.12/site-packages/variety/Util.py", line 684, in fetch_json
    return Util.request(url, data, **request_kwargs).json()
           ^^^^^^^^^^^^^^^^^^^^^^^^^^^^^^^^^^^^^^^^^
  File "/usr/lib/python3.12/site-packages/variety/Util.py", line 663, in request
    r.raise_for_status()
  File "/usr/lib/python3.12/site-packages/requests/models.py", line 1021, in raise_for_status
    raise HTTPError(http_error_msg, response=self)
requests.exceptions.HTTPError: 500 Server Error: Internal Server Error for url: https://www.bing.com/HPImageArchive.aspx?format=js&idx=0&n=100&mkt=en-US
INFO: 2024-05-23 17:04:26,108: regular_change_thread() 'regular_change changes wallpaper'
INFO: 2024-05-23 17:04:26,108: set_wallpaper() 'Calling set_wallpaper with /home/amro/.config/variety/Downloaded/Bing/OHR.NamibiaCanyon_EN-US1337379319_UHD.jpg'
INFO: 2024-05-23 17:04:26,108: do_set_wp() 'Calling do_set_wp with /home/amro/.config/variety/Downloaded/Bing/OHR.NamibiaCanyon_EN-US1337379319_UHD.jpg, time: 1716473066.108769'
INFO: 2024-05-23 17:04:26,109: prepare_thread() 'Prepared buffer contains 9 images'
INFO: 2024-05-23 17:04:26,114: update_indicator() 'Setting file info to: /home/amro/.config/variety/Downloaded/Bing/OHR.NamibiaCanyon_EN-US1337379319_UHD.jpg'
INFO: 2024-05-23 17:04:26,115: list_files() 'More than 1 files in the folders, stop listing'
INFO: 2024-05-23 17:04:28,109: trigger_download() 'Triggering download thread to check if download needed and possible'
INFO: 2024-05-23 17:04:28,109: get_throttling() 'Bing: parsing serverside options'
INFO: 2024-05-23 17:04:28,109: get_throttling() 'Could not parse Bing serverside options, using defaults None, None'
INFO: 2024-05-23 17:04:28,109: get_throttling() 'Bing: parsing serverside options'
INFO: 2024-05-23 17:04:28,110: get_throttling() 'Could not parse Bing serverside options, using defaults None, None'
INFO: 2024-05-23 17:04:28,110: download_one() 'Bing: Downloading an image, config: None'
INFO: 2024-05-23 17:04:28,110: download_one() 'Bing: Queue size: 0'
INFO: 2024-05-23 17:04:28,110: get_throttling() 'Bing: parsing serverside options'
INFO: 2024-05-23 17:04:28,110: get_throttling() 'Could not parse Bing serverside options, using defaults None, None'
INFO: 2024-05-23 17:04:28,110: download_one() 'Bing: Filling queue'
ERROR: 2024-05-23 17:04:33,179: download_one_from() 'Could not download wallpaper:'
Traceback (most recent call last):
  File "/usr/lib/python3.12/site-packages/urllib3/connectionpool.py", line 467, in _make_request
    six.raise_from(e, None)
  File "<string>", line 3, in raise_from
  File "/usr/lib/python3.12/site-packages/urllib3/connectionpool.py", line 462, in _make_request
    httplib_response = conn.getresponse()
                       ^^^^^^^^^^^^^^^^^^
  File "/usr/lib/python3.12/http/client.py", line 1428, in getresponse
    response.begin()
  File "/usr/lib/python3.12/http/client.py", line 331, in begin
    version, status, reason = self._read_status()
                              ^^^^^^^^^^^^^^^^^^^
  File "/usr/lib/python3.12/http/client.py", line 292, in _read_status
    line = str(self.fp.readline(_MAXLINE + 1), "iso-8859-1")
               ^^^^^^^^^^^^^^^^^^^^^^^^^^^^^^
  File "/usr/lib/python3.12/socket.py", line 707, in readinto
    return self._sock.recv_into(b)
           ^^^^^^^^^^^^^^^^^^^^^^^
  File "/usr/lib/python3.12/ssl.py", line 1252, in recv_into
    return self.read(nbytes, buffer)
           ^^^^^^^^^^^^^^^^^^^^^^^^^
  File "/usr/lib/python3.12/ssl.py", line 1104, in read
    return self._sslobj.read(len, buffer)
           ^^^^^^^^^^^^^^^^^^^^^^^^^^^^^^
TimeoutError: The read operation timed out

During handling of the above exception, another exception occurred:

Traceback (most recent call last):
  File "/usr/lib/python3.12/site-packages/requests/adapters.py", line 486, in send
    resp = conn.urlopen(
           ^^^^^^^^^^^^^
  File "/usr/lib/python3.12/site-packages/urllib3/connectionpool.py", line 799, in urlopen
    retries = retries.increment(
              ^^^^^^^^^^^^^^^^^^
  File "/usr/lib/python3.12/site-packages/urllib3/util/retry.py", line 550, in increment
    raise six.reraise(type(error), error, _stacktrace)
          ^^^^^^^^^^^^^^^^^^^^^^^^^^^^^^^^^^^^^^^^^^^^
  File "/usr/lib/python3.12/site-packages/urllib3/packages/six.py", line 770, in reraise
    raise value
  File "/usr/lib/python3.12/site-packages/urllib3/connectionpool.py", line 715, in urlopen
    httplib_response = self._make_request(
                       ^^^^^^^^^^^^^^^^^^^
  File "/usr/lib/python3.12/site-packages/urllib3/connectionpool.py", line 469, in _make_request
    self._raise_timeout(err=e, url=url, timeout_value=read_timeout)
  File "/usr/lib/python3.12/site-packages/urllib3/connectionpool.py", line 358, in _raise_timeout
    raise ReadTimeoutError(
urllib3.exceptions.ReadTimeoutError: HTTPSConnectionPool(host='www.bing.com', port=443): Read timed out. (read timeout=5)

During handling of the above exception, another exception occurred:

Traceback (most recent call last):
  File "/usr/lib/python3.12/site-packages/variety/VarietyWindow.py", line 1164, in download_one_from
    file = downloader.download_one()
           ^^^^^^^^^^^^^^^^^^^^^^^^^
  File "/usr/lib/python3.12/site-packages/variety/plugins/downloaders/DefaultDownloader.py", line 141, in download_one
    items = self.fill_queue()
            ^^^^^^^^^^^^^^^^^
  File "/usr/lib/python3.12/site-packages/variety/plugins/builtin/downloaders/BingDownloader.py", line 61, in fill_queue
    s = Util.fetch_json(BingDownloader.BING_JSON_URL)
        ^^^^^^^^^^^^^^^^^^^^^^^^^^^^^^^^^^^^^^^^^^^^^
  File "/usr/lib/python3.12/site-packages/variety/Util.py", line 684, in fetch_json
    return Util.request(url, data, **request_kwargs).json()
           ^^^^^^^^^^^^^^^^^^^^^^^^^^^^^^^^^^^^^^^^^
  File "/usr/lib/python3.12/site-packages/variety/Util.py", line 654, in request
    r = requests.request(
        ^^^^^^^^^^^^^^^^^
  File "/usr/lib/python3.12/site-packages/requests/api.py", line 59, in request
    return session.request(method=method, url=url, **kwargs)
           ^^^^^^^^^^^^^^^^^^^^^^^^^^^^^^^^^^^^^^^^^^^^^^^^^
  File "/usr/lib/python3.12/site-packages/requests/sessions.py", line 589, in request
    resp = self.send(prep, **send_kwargs)
           ^^^^^^^^^^^^^^^^^^^^^^^^^^^^^^
  File "/usr/lib/python3.12/site-packages/requests/sessions.py", line 703, in send
    r = adapter.send(request, **kwargs)
        ^^^^^^^^^^^^^^^^^^^^^^^^^^^^^^^
  File "/usr/lib/python3.12/site-packages/requests/adapters.py", line 532, in send
    raise ReadTimeout(e, request=request)
requests.exceptions.ReadTimeout: HTTPSConnectionPool(host='www.bing.com', port=443): Read timed out. (read timeout=5)
INFO: 2024-05-23 17:07:34,181: get_throttling() 'Bing: parsing serverside options'
INFO: 2024-05-23 17:07:34,181: get_throttling() 'Could not parse Bing serverside options, using defaults None, None'
INFO: 2024-05-23 17:07:34,181: get_throttling() 'Bing: parsing serverside options'
INFO: 2024-05-23 17:07:34,181: get_throttling() 'Could not parse Bing serverside options, using defaults None, None'
INFO: 2024-05-23 17:07:34,181: download_one() 'Bing: Downloading an image, config: None'
INFO: 2024-05-23 17:07:34,181: download_one() 'Bing: Queue size: 0'
INFO: 2024-05-23 17:07:34,181: get_throttling() 'Bing: parsing serverside options'
INFO: 2024-05-23 17:07:34,181: get_throttling() 'Could not parse Bing serverside options, using defaults None, None'
INFO: 2024-05-23 17:07:34,181: download_one() 'Bing: Filling queue'
ERROR: 2024-05-23 17:07:37,149: download_one_from() 'Could not download wallpaper:'
Traceback (most recent call last):
  File "/usr/lib/python3.12/site-packages/variety/VarietyWindow.py", line 1164, in download_one_from
    file = downloader.download_one()
           ^^^^^^^^^^^^^^^^^^^^^^^^^
  File "/usr/lib/python3.12/site-packages/variety/plugins/downloaders/DefaultDownloader.py", line 141, in download_one
    items = self.fill_queue()
            ^^^^^^^^^^^^^^^^^
  File "/usr/lib/python3.12/site-packages/variety/plugins/builtin/downloaders/BingDownloader.py", line 61, in fill_queue
    s = Util.fetch_json(BingDownloader.BING_JSON_URL)
        ^^^^^^^^^^^^^^^^^^^^^^^^^^^^^^^^^^^^^^^^^^^^^
  File "/usr/lib/python3.12/site-packages/variety/Util.py", line 684, in fetch_json
    return Util.request(url, data, **request_kwargs).json()
           ^^^^^^^^^^^^^^^^^^^^^^^^^^^^^^^^^^^^^^^^^
  File "/usr/lib/python3.12/site-packages/variety/Util.py", line 663, in request
    r.raise_for_status()
  File "/usr/lib/python3.12/site-packages/requests/models.py", line 1021, in raise_for_status
    raise HTTPError(http_error_msg, response=self)
requests.exceptions.HTTPError: 500 Server Error: Internal Server Error for url: https://www.bing.com/HPImageArchive.aspx?format=js&idx=0&n=100&mkt=en-US
INFO: 2024-05-23 17:09:26,121: regular_change_thread() 'regular_change changes wallpaper'
INFO: 2024-05-23 17:09:26,122: set_wallpaper() 'Calling set_wallpaper with /home/amro/.config/variety/Downloaded/Bing/OHR.HoneycombBee_EN-US2941694554_UHD.jpg'
INFO: 2024-05-23 17:09:26,122: prepare_thread() 'Prepared buffer contains 8 images'
INFO: 2024-05-23 17:09:26,122: do_set_wp() 'Calling do_set_wp with /home/amro/.config/variety/Downloaded/Bing/OHR.HoneycombBee_EN-US2941694554_UHD.jpg, time: 1716473366.1225286'
INFO: 2024-05-23 17:09:26,122: prepare_thread() 'Preparing some images'
INFO: 2024-05-23 17:09:26,125: prepare_thread() 'After search prepared buffer contains 17 images'
INFO: 2024-05-23 17:09:26,127: update_indicator() 'Setting file info to: /home/amro/.config/variety/Downloaded/Bing/OHR.HoneycombBee_EN-US2941694554_UHD.jpg'
INFO: 2024-05-23 17:09:26,128: list_files() 'More than 1 files in the folders, stop listing'
INFO: 2024-05-23 17:09:28,126: trigger_download() 'Triggering download thread to check if download needed and possible'
INFO: 2024-05-23 17:09:28,126: get_throttling() 'Bing: parsing serverside options'
INFO: 2024-05-23 17:09:28,126: get_throttling() 'Could not parse Bing serverside options, using defaults None, None'
INFO: 2024-05-23 17:09:28,126: get_throttling() 'Bing: parsing serverside options'
INFO: 2024-05-23 17:09:28,126: get_throttling() 'Could not parse Bing serverside options, using defaults None, None'
INFO: 2024-05-23 17:09:28,126: download_one() 'Bing: Downloading an image, config: None'
INFO: 2024-05-23 17:09:28,126: download_one() 'Bing: Queue size: 0'
INFO: 2024-05-23 17:09:28,126: get_throttling() 'Bing: parsing serverside options'
INFO: 2024-05-23 17:09:28,126: get_throttling() 'Could not parse Bing serverside options, using defaults None, None'
INFO: 2024-05-23 17:09:28,126: download_one() 'Bing: Filling queue'
ERROR: 2024-05-23 17:09:29,073: download_one_from() 'Could not download wallpaper:'
Traceback (most recent call last):
  File "/usr/lib/python3.12/site-packages/variety/VarietyWindow.py", line 1164, in download_one_from
    file = downloader.download_one()
           ^^^^^^^^^^^^^^^^^^^^^^^^^
  File "/usr/lib/python3.12/site-packages/variety/plugins/downloaders/DefaultDownloader.py", line 141, in download_one
    items = self.fill_queue()
            ^^^^^^^^^^^^^^^^^
  File "/usr/lib/python3.12/site-packages/variety/plugins/builtin/downloaders/BingDownloader.py", line 61, in fill_queue
    s = Util.fetch_json(BingDownloader.BING_JSON_URL)
        ^^^^^^^^^^^^^^^^^^^^^^^^^^^^^^^^^^^^^^^^^^^^^
  File "/usr/lib/python3.12/site-packages/variety/Util.py", line 684, in fetch_json
    return Util.request(url, data, **request_kwargs).json()
           ^^^^^^^^^^^^^^^^^^^^^^^^^^^^^^^^^^^^^^^^^
  File "/usr/lib/python3.12/site-packages/variety/Util.py", line 663, in request
    r.raise_for_status()
  File "/usr/lib/python3.12/site-packages/requests/models.py", line 1021, in raise_for_status
    raise HTTPError(http_error_msg, response=self)
requests.exceptions.HTTPError: 500 Server Error: Internal Server Error for url: https://www.bing.com/HPImageArchive.aspx?format=js&idx=0&n=100&mkt=en-US
INFO: 2024-05-23 17:12:30,076: get_throttling() 'Bing: parsing serverside options'
INFO: 2024-05-23 17:12:30,076: get_throttling() 'Could not parse Bing serverside options, using defaults None, None'
INFO: 2024-05-23 17:12:30,076: get_throttling() 'Bing: parsing serverside options'
INFO: 2024-05-23 17:12:30,076: get_throttling() 'Could not parse Bing serverside options, using defaults None, None'
INFO: 2024-05-23 17:12:30,076: download_one() 'Bing: Downloading an image, config: None'
INFO: 2024-05-23 17:12:30,076: download_one() 'Bing: Queue size: 0'
INFO: 2024-05-23 17:12:30,076: get_throttling() 'Bing: parsing serverside options'
INFO: 2024-05-23 17:12:30,076: get_throttling() 'Could not parse Bing serverside options, using defaults None, None'
INFO: 2024-05-23 17:12:30,076: download_one() 'Bing: Filling queue'
ERROR: 2024-05-23 17:12:31,348: download_one_from() 'Could not download wallpaper:'
Traceback (most recent call last):
  File "/usr/lib/python3.12/site-packages/variety/VarietyWindow.py", line 1164, in download_one_from
    file = downloader.download_one()
           ^^^^^^^^^^^^^^^^^^^^^^^^^
  File "/usr/lib/python3.12/site-packages/variety/plugins/downloaders/DefaultDownloader.py", line 141, in download_one
    items = self.fill_queue()
            ^^^^^^^^^^^^^^^^^
  File "/usr/lib/python3.12/site-packages/variety/plugins/builtin/downloaders/BingDownloader.py", line 61, in fill_queue
    s = Util.fetch_json(BingDownloader.BING_JSON_URL)
        ^^^^^^^^^^^^^^^^^^^^^^^^^^^^^^^^^^^^^^^^^^^^^
  File "/usr/lib/python3.12/site-packages/variety/Util.py", line 684, in fetch_json
    return Util.request(url, data, **request_kwargs).json()
           ^^^^^^^^^^^^^^^^^^^^^^^^^^^^^^^^^^^^^^^^^
  File "/usr/lib/python3.12/site-packages/variety/Util.py", line 663, in request
    r.raise_for_status()
  File "/usr/lib/python3.12/site-packages/requests/models.py", line 1021, in raise_for_status
    raise HTTPError(http_error_msg, response=self)
requests.exceptions.HTTPError: 500 Server Error: Internal Server Error for url: https://www.bing.com/HPImageArchive.aspx?format=js&idx=0&n=100&mkt=en-US
INFO: 2024-05-23 17:14:26,135: regular_change_thread() 'regular_change changes wallpaper'
INFO: 2024-05-23 17:14:26,135: set_wallpaper() 'Calling set_wallpaper with /home/amro/.config/variety/Downloaded/Bing/OHR.BlueCityIndia_EN-US1593809891_UHD.jpg'
INFO: 2024-05-23 17:14:26,135: prepare_thread() 'Prepared buffer contains 16 images'
INFO: 2024-05-23 17:14:26,136: do_set_wp() 'Calling do_set_wp with /home/amro/.config/variety/Downloaded/Bing/OHR.BlueCityIndia_EN-US1593809891_UHD.jpg, time: 1716473666.1360483'
INFO: 2024-05-23 17:14:26,141: update_indicator() 'Setting file info to: /home/amro/.config/variety/Downloaded/Bing/OHR.BlueCityIndia_EN-US1593809891_UHD.jpg'
INFO: 2024-05-23 17:14:26,142: list_files() 'More than 1 files in the folders, stop listing'
INFO: 2024-05-23 17:14:28,136: trigger_download() 'Triggering download thread to check if download needed and possible'
INFO: 2024-05-23 17:14:28,137: get_throttling() 'Bing: parsing serverside options'
INFO: 2024-05-23 17:14:28,137: get_throttling() 'Could not parse Bing serverside options, using defaults None, None'
INFO: 2024-05-23 17:14:28,137: get_throttling() 'Bing: parsing serverside options'
INFO: 2024-05-23 17:14:28,137: get_throttling() 'Could not parse Bing serverside options, using defaults None, None'
INFO: 2024-05-23 17:14:28,137: download_one() 'Bing: Downloading an image, config: None'
INFO: 2024-05-23 17:14:28,137: download_one() 'Bing: Queue size: 0'
INFO: 2024-05-23 17:14:28,137: get_throttling() 'Bing: parsing serverside options'
INFO: 2024-05-23 17:14:28,137: get_throttling() 'Could not parse Bing serverside options, using defaults None, None'
INFO: 2024-05-23 17:14:28,137: download_one() 'Bing: Filling queue'
ERROR: 2024-05-23 17:14:29,131: download_one_from() 'Could not download wallpaper:'
Traceback (most recent call last):
  File "/usr/lib/python3.12/site-packages/variety/VarietyWindow.py", line 1164, in download_one_from
    file = downloader.download_one()
           ^^^^^^^^^^^^^^^^^^^^^^^^^
  File "/usr/lib/python3.12/site-packages/variety/plugins/downloaders/DefaultDownloader.py", line 141, in download_one
    items = self.fill_queue()
            ^^^^^^^^^^^^^^^^^
  File "/usr/lib/python3.12/site-packages/variety/plugins/builtin/downloaders/BingDownloader.py", line 61, in fill_queue
    s = Util.fetch_json(BingDownloader.BING_JSON_URL)
        ^^^^^^^^^^^^^^^^^^^^^^^^^^^^^^^^^^^^^^^^^^^^^
  File "/usr/lib/python3.12/site-packages/variety/Util.py", line 684, in fetch_json
    return Util.request(url, data, **request_kwargs).json()
           ^^^^^^^^^^^^^^^^^^^^^^^^^^^^^^^^^^^^^^^^^
  File "/usr/lib/python3.12/site-packages/variety/Util.py", line 663, in request
    r.raise_for_status()
  File "/usr/lib/python3.12/site-packages/requests/models.py", line 1021, in raise_for_status
    raise HTTPError(http_error_msg, response=self)
requests.exceptions.HTTPError: 500 Server Error: Internal Server Error for url: https://www.bing.com/HPImageArchive.aspx?format=js&idx=0&n=100&mkt=en-US
INFO: 2024-05-23 17:17:30,133: get_throttling() 'Bing: parsing serverside options'
INFO: 2024-05-23 17:17:30,133: get_throttling() 'Could not parse Bing serverside options, using defaults None, None'
INFO: 2024-05-23 17:17:30,133: get_throttling() 'Bing: parsing serverside options'
INFO: 2024-05-23 17:17:30,133: get_throttling() 'Could not parse Bing serverside options, using defaults None, None'
INFO: 2024-05-23 17:17:30,133: download_one() 'Bing: Downloading an image, config: None'
INFO: 2024-05-23 17:17:30,133: download_one() 'Bing: Queue size: 0'
INFO: 2024-05-23 17:17:30,133: get_throttling() 'Bing: parsing serverside options'
INFO: 2024-05-23 17:17:30,133: get_throttling() 'Could not parse Bing serverside options, using defaults None, None'
INFO: 2024-05-23 17:17:30,133: download_one() 'Bing: Filling queue'
ERROR: 2024-05-23 17:17:31,076: download_one_from() 'Could not download wallpaper:'
Traceback (most recent call last):
  File "/usr/lib/python3.12/site-packages/variety/VarietyWindow.py", line 1164, in download_one_from
    file = downloader.download_one()
           ^^^^^^^^^^^^^^^^^^^^^^^^^
  File "/usr/lib/python3.12/site-packages/variety/plugins/downloaders/DefaultDownloader.py", line 141, in download_one
    items = self.fill_queue()
            ^^^^^^^^^^^^^^^^^
  File "/usr/lib/python3.12/site-packages/variety/plugins/builtin/downloaders/BingDownloader.py", line 61, in fill_queue
    s = Util.fetch_json(BingDownloader.BING_JSON_URL)
        ^^^^^^^^^^^^^^^^^^^^^^^^^^^^^^^^^^^^^^^^^^^^^
  File "/usr/lib/python3.12/site-packages/variety/Util.py", line 684, in fetch_json
    return Util.request(url, data, **request_kwargs).json()
           ^^^^^^^^^^^^^^^^^^^^^^^^^^^^^^^^^^^^^^^^^
  File "/usr/lib/python3.12/site-packages/variety/Util.py", line 663, in request
    r.raise_for_status()
  File "/usr/lib/python3.12/site-packages/requests/models.py", line 1021, in raise_for_status
    raise HTTPError(http_error_msg, response=self)
requests.exceptions.HTTPError: 500 Server Error: Internal Server Error for url: https://www.bing.com/HPImageArchive.aspx?format=js&idx=0&n=100&mkt=en-US
INFO: 2024-05-23 17:23:59,706: regular_change_thread() 'regular_change changes wallpaper'
INFO: 2024-05-23 17:23:59,706: set_wallpaper() 'Calling set_wallpaper with /home/amro/.config/variety/Downloaded/Bing/OHR.GuanacoMother_EN-US1023542218_UHD.jpg'
INFO: 2024-05-23 17:23:59,706: prepare_thread() 'Prepared buffer contains 15 images'
INFO: 2024-05-23 17:23:59,707: do_set_wp() 'Calling do_set_wp with /home/amro/.config/variety/Downloaded/Bing/OHR.GuanacoMother_EN-US1023542218_UHD.jpg, time: 1716474239.7070785'
INFO: 2024-05-23 17:23:59,711: update_indicator() 'Setting file info to: /home/amro/.config/variety/Downloaded/Bing/OHR.GuanacoMother_EN-US1023542218_UHD.jpg'
INFO: 2024-05-23 17:23:59,712: list_files() 'More than 1 files in the folders, stop listing'
INFO: 2024-05-23 17:24:01,707: trigger_download() 'Triggering download thread to check if download needed and possible'
INFO: 2024-05-23 17:24:01,707: get_throttling() 'Bing: parsing serverside options'
INFO: 2024-05-23 17:24:01,707: get_throttling() 'Could not parse Bing serverside options, using defaults None, None'
INFO: 2024-05-23 17:24:01,707: get_throttling() 'Bing: parsing serverside options'
INFO: 2024-05-23 17:24:01,707: get_throttling() 'Could not parse Bing serverside options, using defaults None, None'
INFO: 2024-05-23 17:24:01,708: download_one() 'Bing: Downloading an image, config: None'
INFO: 2024-05-23 17:24:01,708: download_one() 'Bing: Queue size: 0'
INFO: 2024-05-23 17:24:01,708: get_throttling() 'Bing: parsing serverside options'
INFO: 2024-05-23 17:24:01,708: get_throttling() 'Could not parse Bing serverside options, using defaults None, None'
INFO: 2024-05-23 17:24:01,708: download_one() 'Bing: Filling queue'
ERROR: 2024-05-23 17:24:02,647: download_one_from() 'Could not download wallpaper:'
Traceback (most recent call last):
  File "/usr/lib/python3.12/site-packages/variety/VarietyWindow.py", line 1164, in download_one_from
    file = downloader.download_one()
           ^^^^^^^^^^^^^^^^^^^^^^^^^
  File "/usr/lib/python3.12/site-packages/variety/plugins/downloaders/DefaultDownloader.py", line 141, in download_one
    items = self.fill_queue()
            ^^^^^^^^^^^^^^^^^
  File "/usr/lib/python3.12/site-packages/variety/plugins/builtin/downloaders/BingDownloader.py", line 61, in fill_queue
    s = Util.fetch_json(BingDownloader.BING_JSON_URL)
        ^^^^^^^^^^^^^^^^^^^^^^^^^^^^^^^^^^^^^^^^^^^^^
  File "/usr/lib/python3.12/site-packages/variety/Util.py", line 684, in fetch_json
    return Util.request(url, data, **request_kwargs).json()
           ^^^^^^^^^^^^^^^^^^^^^^^^^^^^^^^^^^^^^^^^^
  File "/usr/lib/python3.12/site-packages/variety/Util.py", line 663, in request
    r.raise_for_status()
  File "/usr/lib/python3.12/site-packages/requests/models.py", line 1021, in raise_for_status
    raise HTTPError(http_error_msg, response=self)
requests.exceptions.HTTPError: 500 Server Error: Internal Server Error for url: https://www.bing.com/HPImageArchive.aspx?format=js&idx=0&n=100&mkt=en-US
INFO: 2024-05-23 17:27:03,649: get_throttling() 'Bing: parsing serverside options'
INFO: 2024-05-23 17:27:03,649: get_throttling() 'Could not parse Bing serverside options, using defaults None, None'
INFO: 2024-05-23 17:27:03,649: get_throttling() 'Bing: parsing serverside options'
INFO: 2024-05-23 17:27:03,650: get_throttling() 'Could not parse Bing serverside options, using defaults None, None'
INFO: 2024-05-23 17:27:03,650: download_one() 'Bing: Downloading an image, config: None'
INFO: 2024-05-23 17:27:03,650: download_one() 'Bing: Queue size: 0'
INFO: 2024-05-23 17:27:03,650: get_throttling() 'Bing: parsing serverside options'
INFO: 2024-05-23 17:27:03,650: get_throttling() 'Could not parse Bing serverside options, using defaults None, None'
INFO: 2024-05-23 17:27:03,650: download_one() 'Bing: Filling queue'
ERROR: 2024-05-23 17:27:05,752: download_one_from() 'Could not download wallpaper:'
Traceback (most recent call last):
  File "/usr/lib/python3.12/site-packages/variety/VarietyWindow.py", line 1164, in download_one_from
    file = downloader.download_one()
           ^^^^^^^^^^^^^^^^^^^^^^^^^
  File "/usr/lib/python3.12/site-packages/variety/plugins/downloaders/DefaultDownloader.py", line 141, in download_one
    items = self.fill_queue()
            ^^^^^^^^^^^^^^^^^
  File "/usr/lib/python3.12/site-packages/variety/plugins/builtin/downloaders/BingDownloader.py", line 61, in fill_queue
    s = Util.fetch_json(BingDownloader.BING_JSON_URL)
        ^^^^^^^^^^^^^^^^^^^^^^^^^^^^^^^^^^^^^^^^^^^^^
  File "/usr/lib/python3.12/site-packages/variety/Util.py", line 684, in fetch_json
    return Util.request(url, data, **request_kwargs).json()
           ^^^^^^^^^^^^^^^^^^^^^^^^^^^^^^^^^^^^^^^^^
  File "/usr/lib/python3.12/site-packages/variety/Util.py", line 663, in request
    r.raise_for_status()
  File "/usr/lib/python3.12/site-packages/requests/models.py", line 1021, in raise_for_status
    raise HTTPError(http_error_msg, response=self)
requests.exceptions.HTTPError: 500 Server Error: Internal Server Error for url: https://www.bing.com/HPImageArchive.aspx?format=js&idx=0&n=100&mkt=en-US
INFO: 2024-05-23 17:28:59,719: regular_change_thread() 'regular_change changes wallpaper'
INFO: 2024-05-23 17:28:59,719: set_wallpaper() 'Calling set_wallpaper with /home/amro/.config/variety/Downloaded/Bing/OHR.JediMonastery_EN-US9398447907_UHD.jpg'
INFO: 2024-05-23 17:28:59,719: prepare_thread() 'Prepared buffer contains 14 images'
INFO: 2024-05-23 17:28:59,720: do_set_wp() 'Calling do_set_wp with /home/amro/.config/variety/Downloaded/Bing/OHR.JediMonastery_EN-US9398447907_UHD.jpg, time: 1716474539.7202237'
INFO: 2024-05-23 17:28:59,725: update_indicator() 'Setting file info to: /home/amro/.config/variety/Downloaded/Bing/OHR.JediMonastery_EN-US9398447907_UHD.jpg'
INFO: 2024-05-23 17:28:59,726: list_files() 'More than 1 files in the folders, stop listing'
INFO: 2024-05-23 17:29:01,720: trigger_download() 'Triggering download thread to check if download needed and possible'
INFO: 2024-05-23 17:29:01,720: get_throttling() 'Bing: parsing serverside options'
INFO: 2024-05-23 17:29:01,721: get_throttling() 'Could not parse Bing serverside options, using defaults None, None'
INFO: 2024-05-23 17:29:01,721: get_throttling() 'Bing: parsing serverside options'
INFO: 2024-05-23 17:29:01,721: get_throttling() 'Could not parse Bing serverside options, using defaults None, None'
INFO: 2024-05-23 17:29:01,721: download_one() 'Bing: Downloading an image, config: None'
INFO: 2024-05-23 17:29:01,721: download_one() 'Bing: Queue size: 0'
INFO: 2024-05-23 17:29:01,721: get_throttling() 'Bing: parsing serverside options'
INFO: 2024-05-23 17:29:01,721: get_throttling() 'Could not parse Bing serverside options, using defaults None, None'
INFO: 2024-05-23 17:29:01,721: download_one() 'Bing: Filling queue'
ERROR: 2024-05-23 17:29:06,797: download_one_from() 'Could not download wallpaper:'
Traceback (most recent call last):
  File "/usr/lib/python3.12/site-packages/urllib3/connectionpool.py", line 467, in _make_request
    six.raise_from(e, None)
  File "<string>", line 3, in raise_from
  File "/usr/lib/python3.12/site-packages/urllib3/connectionpool.py", line 462, in _make_request
    httplib_response = conn.getresponse()
                       ^^^^^^^^^^^^^^^^^^
  File "/usr/lib/python3.12/http/client.py", line 1428, in getresponse
    response.begin()
  File "/usr/lib/python3.12/http/client.py", line 331, in begin
    version, status, reason = self._read_status()
                              ^^^^^^^^^^^^^^^^^^^
  File "/usr/lib/python3.12/http/client.py", line 292, in _read_status
    line = str(self.fp.readline(_MAXLINE + 1), "iso-8859-1")
               ^^^^^^^^^^^^^^^^^^^^^^^^^^^^^^
  File "/usr/lib/python3.12/socket.py", line 707, in readinto
    return self._sock.recv_into(b)
           ^^^^^^^^^^^^^^^^^^^^^^^
  File "/usr/lib/python3.12/ssl.py", line 1252, in recv_into
    return self.read(nbytes, buffer)
           ^^^^^^^^^^^^^^^^^^^^^^^^^
  File "/usr/lib/python3.12/ssl.py", line 1104, in read
    return self._sslobj.read(len, buffer)
           ^^^^^^^^^^^^^^^^^^^^^^^^^^^^^^
TimeoutError: The read operation timed out

During handling of the above exception, another exception occurred:

Traceback (most recent call last):
  File "/usr/lib/python3.12/site-packages/requests/adapters.py", line 486, in send
    resp = conn.urlopen(
           ^^^^^^^^^^^^^
  File "/usr/lib/python3.12/site-packages/urllib3/connectionpool.py", line 799, in urlopen
    retries = retries.increment(
              ^^^^^^^^^^^^^^^^^^
  File "/usr/lib/python3.12/site-packages/urllib3/util/retry.py", line 550, in increment
    raise six.reraise(type(error), error, _stacktrace)
          ^^^^^^^^^^^^^^^^^^^^^^^^^^^^^^^^^^^^^^^^^^^^
  File "/usr/lib/python3.12/site-packages/urllib3/packages/six.py", line 770, in reraise
    raise value
  File "/usr/lib/python3.12/site-packages/urllib3/connectionpool.py", line 715, in urlopen
    httplib_response = self._make_request(
                       ^^^^^^^^^^^^^^^^^^^
  File "/usr/lib/python3.12/site-packages/urllib3/connectionpool.py", line 469, in _make_request
    self._raise_timeout(err=e, url=url, timeout_value=read_timeout)
  File "/usr/lib/python3.12/site-packages/urllib3/connectionpool.py", line 358, in _raise_timeout
    raise ReadTimeoutError(
urllib3.exceptions.ReadTimeoutError: HTTPSConnectionPool(host='www.bing.com', port=443): Read timed out. (read timeout=5)

During handling of the above exception, another exception occurred:

Traceback (most recent call last):
  File "/usr/lib/python3.12/site-packages/variety/VarietyWindow.py", line 1164, in download_one_from
    file = downloader.download_one()
           ^^^^^^^^^^^^^^^^^^^^^^^^^
  File "/usr/lib/python3.12/site-packages/variety/plugins/downloaders/DefaultDownloader.py", line 141, in download_one
    items = self.fill_queue()
            ^^^^^^^^^^^^^^^^^
  File "/usr/lib/python3.12/site-packages/variety/plugins/builtin/downloaders/BingDownloader.py", line 61, in fill_queue
    s = Util.fetch_json(BingDownloader.BING_JSON_URL)
        ^^^^^^^^^^^^^^^^^^^^^^^^^^^^^^^^^^^^^^^^^^^^^
  File "/usr/lib/python3.12/site-packages/variety/Util.py", line 684, in fetch_json
    return Util.request(url, data, **request_kwargs).json()
           ^^^^^^^^^^^^^^^^^^^^^^^^^^^^^^^^^^^^^^^^^
  File "/usr/lib/python3.12/site-packages/variety/Util.py", line 654, in request
    r = requests.request(
        ^^^^^^^^^^^^^^^^^
  File "/usr/lib/python3.12/site-packages/requests/api.py", line 59, in request
    return session.request(method=method, url=url, **kwargs)
           ^^^^^^^^^^^^^^^^^^^^^^^^^^^^^^^^^^^^^^^^^^^^^^^^^
  File "/usr/lib/python3.12/site-packages/requests/sessions.py", line 589, in request
    resp = self.send(prep, **send_kwargs)
           ^^^^^^^^^^^^^^^^^^^^^^^^^^^^^^
  File "/usr/lib/python3.12/site-packages/requests/sessions.py", line 703, in send
    r = adapter.send(request, **kwargs)
        ^^^^^^^^^^^^^^^^^^^^^^^^^^^^^^^
  File "/usr/lib/python3.12/site-packages/requests/adapters.py", line 532, in send
    raise ReadTimeout(e, request=request)
requests.exceptions.ReadTimeout: HTTPSConnectionPool(host='www.bing.com', port=443): Read timed out. (read timeout=5)
INFO: 2024-05-23 17:32:07,799: get_throttling() 'Bing: parsing serverside options'
INFO: 2024-05-23 17:32:07,799: get_throttling() 'Could not parse Bing serverside options, using defaults None, None'
INFO: 2024-05-23 17:32:07,799: get_throttling() 'Bing: parsing serverside options'
INFO: 2024-05-23 17:32:07,799: get_throttling() 'Could not parse Bing serverside options, using defaults None, None'
INFO: 2024-05-23 17:32:07,799: download_one() 'Bing: Downloading an image, config: None'
INFO: 2024-05-23 17:32:07,799: download_one() 'Bing: Queue size: 0'
INFO: 2024-05-23 17:32:07,799: get_throttling() 'Bing: parsing serverside options'
INFO: 2024-05-23 17:32:07,799: get_throttling() 'Could not parse Bing serverside options, using defaults None, None'
INFO: 2024-05-23 17:32:07,799: download_one() 'Bing: Filling queue'
INFO: 2024-05-23 17:32:08,141: download_one() 'Bing: Queue populated with 6 URLs'
INFO: 2024-05-23 17:32:08,142: save_locally() 'Origin URL: https://www.bing.com/search?q=Vernazza+Liguria&form=hpcapt&filters=HpDate%3a%2220240519_0700%22'
INFO: 2024-05-23 17:32:08,142: save_locally() 'Image URL: https://www.bing.com/th?id=OHR.VernazzaItaly_EN-US2643430613_UHD.jpg'
INFO: 2024-05-23 17:32:08,142: save_locally() 'Local path: /home/amro/.config/variety/Downloaded/Bing/OHR.VernazzaItaly_EN-US2643430613_UHD.jpg'
INFO: 2024-05-23 17:32:08,142: save_locally() 'File already exists, skip downloading'
INFO: 2024-05-23 17:33:59,729: regular_change_thread() 'regular_change changes wallpaper'
INFO: 2024-05-23 17:33:59,729: set_wallpaper() 'Calling set_wallpaper with /home/amro/.config/variety/Downloaded/Bing/OHR.TexasIndigoBunting_EN-US0916417036_UHD.jpg'
INFO: 2024-05-23 17:33:59,729: prepare_thread() 'Prepared buffer contains 13 images'
INFO: 2024-05-23 17:33:59,729: do_set_wp() 'Calling do_set_wp with /home/amro/.config/variety/Downloaded/Bing/OHR.TexasIndigoBunting_EN-US0916417036_UHD.jpg, time: 1716474839.729661'
INFO: 2024-05-23 17:33:59,734: update_indicator() 'Setting file info to: /home/amro/.config/variety/Downloaded/Bing/OHR.TexasIndigoBunting_EN-US0916417036_UHD.jpg'
INFO: 2024-05-23 17:33:59,735: list_files() 'More than 1 files in the folders, stop listing'
INFO: 2024-05-23 17:34:01,730: trigger_download() 'Triggering download thread to check if download needed and possible'
INFO: 2024-05-23 17:34:01,730: get_throttling() 'Bing: parsing serverside options'
INFO: 2024-05-23 17:34:01,731: get_throttling() 'Could not parse Bing serverside options, using defaults None, None'
INFO: 2024-05-23 17:34:01,731: get_throttling() 'Bing: parsing serverside options'
INFO: 2024-05-23 17:34:01,731: get_throttling() 'Could not parse Bing serverside options, using defaults None, None'
INFO: 2024-05-23 17:34:01,731: download_one() 'Bing: Downloading an image, config: None'
INFO: 2024-05-23 17:34:01,731: download_one() 'Bing: Queue size: 5'
INFO: 2024-05-23 17:34:01,731: download_one() 'Bing: Queue populated with 5 URLs'
INFO: 2024-05-23 17:34:01,731: save_locally() 'Origin URL: https://www.bing.com/search?q=World+Bee+Day&form=hpcapt&filters=HpDate%3a%2220240520_0700%22'
INFO: 2024-05-23 17:34:01,731: save_locally() 'Image URL: https://www.bing.com/th?id=OHR.HoneycombBee_EN-US2941694554_UHD.jpg'
INFO: 2024-05-23 17:34:01,731: save_locally() 'Local path: /home/amro/.config/variety/Downloaded/Bing/OHR.HoneycombBee_EN-US2941694554_UHD.jpg'
INFO: 2024-05-23 17:34:01,731: save_locally() 'File already exists, skip downloading'
INFO: 2024-05-23 17:37:02,732: get_throttling() 'Bing: parsing serverside options'
INFO: 2024-05-23 17:37:02,733: get_throttling() 'Could not parse Bing serverside options, using defaults None, None'
INFO: 2024-05-23 17:37:02,733: get_throttling() 'Bing: parsing serverside options'
INFO: 2024-05-23 17:37:02,733: get_throttling() 'Could not parse Bing serverside options, using defaults None, None'
INFO: 2024-05-23 17:37:02,733: download_one() 'Bing: Downloading an image, config: None'
INFO: 2024-05-23 17:37:02,733: download_one() 'Bing: Queue size: 4'
INFO: 2024-05-23 17:37:02,733: download_one() 'Bing: Queue populated with 4 URLs'
INFO: 2024-05-23 17:37:02,733: save_locally() 'Origin URL: https://www.bing.com/search?q=International+Day+for+Biological+Diversity&form=hpcapt&filters=HpDate%3a%2220240522_0700%22'
INFO: 2024-05-23 17:37:02,733: save_locally() 'Image URL: https://www.bing.com/th?id=OHR.SnowGumTasmania_EN-US4058572259_UHD.jpg'
INFO: 2024-05-23 17:37:02,733: save_locally() 'Local path: /home/amro/.config/variety/Downloaded/Bing/OHR.SnowGumTasmania_EN-US4058572259_UHD.jpg'
INFO: 2024-05-23 17:37:10,076: save_locally() 'Download complete'
INFO: 2024-05-23 17:37:10,077: update_indicator() 'Setting file info to: /home/amro/.config/variety/Downloaded/Bing/OHR.TexasIndigoBunting_EN-US0916417036_UHD.jpg'
INFO: 2024-05-23 17:37:10,078: list_files() 'More than 1 files in the folders, stop listing'
INFO: 2024-05-23 17:37:10,078: download_one_from() 'Adding downloaded file /home/amro/.config/variety/Downloaded/Bing/OHR.SnowGumTasmania_EN-US4058572259_UHD.jpg to unseen_downloads'
INFO: 2024-05-23 17:37:11,079: get_throttling() 'Bing: parsing serverside options'
INFO: 2024-05-23 17:37:11,079: get_throttling() 'Could not parse Bing serverside options, using defaults None, None'
INFO: 2024-05-23 17:37:11,079: get_throttling() 'Bing: parsing serverside options'
INFO: 2024-05-23 17:37:11,079: get_throttling() 'Could not parse Bing serverside options, using defaults None, None'
INFO: 2024-05-23 17:37:11,079: download_one() 'Bing: Downloading an image, config: None'
INFO: 2024-05-23 17:37:11,079: download_one() 'Bing: Queue size: 3'
INFO: 2024-05-23 17:37:11,080: download_one() 'Bing: Queue populated with 3 URLs'
INFO: 2024-05-23 17:37:11,080: save_locally() 'Origin URL: https://www.bing.com/search?q=World+Turtle+Day&form=hpcapt&filters=HpDate%3a%2220240523_0700%22'
INFO: 2024-05-23 17:37:11,080: save_locally() 'Image URL: https://www.bing.com/th?id=OHR.IndianStarTortoise_EN-US4160827746_UHD.jpg'
INFO: 2024-05-23 17:37:11,080: save_locally() 'Local path: /home/amro/.config/variety/Downloaded/Bing/OHR.IndianStarTortoise_EN-US4160827746_UHD.jpg'
INFO: 2024-05-23 17:37:12,927: save_locally() 'Download complete'
INFO: 2024-05-23 17:37:12,928: update_indicator() 'Setting file info to: /home/amro/.config/variety/Downloaded/Bing/OHR.TexasIndigoBunting_EN-US0916417036_UHD.jpg'
INFO: 2024-05-23 17:37:12,929: list_files() 'More than 1 files in the folders, stop listing'
INFO: 2024-05-23 17:37:12,929: download_one_from() 'Adding downloaded file /home/amro/.config/variety/Downloaded/Bing/OHR.IndianStarTortoise_EN-US4160827746_UHD.jpg to unseen_downloads'
INFO: 2024-05-23 17:37:13,930: get_throttling() 'Bing: parsing serverside options'
INFO: 2024-05-23 17:37:13,930: get_throttling() 'Could not parse Bing serverside options, using defaults None, None'
INFO: 2024-05-23 17:37:13,930: get_throttling() 'Bing: parsing serverside options'
INFO: 2024-05-23 17:37:13,930: get_throttling() 'Could not parse Bing serverside options, using defaults None, None'
INFO: 2024-05-23 17:37:13,930: download_one() 'Bing: Downloading an image, config: None'
INFO: 2024-05-23 17:37:13,930: download_one() 'Bing: Queue size: 2'
INFO: 2024-05-23 17:37:13,930: download_one() 'Bing: Queue populated with 2 URLs'
INFO: 2024-05-23 17:37:13,930: save_locally() 'Origin URL: https://www.bing.com/search?q=international+tea+day&form=hpcapt&filters=HpDate%3a%2220240521_0700%22'
INFO: 2024-05-23 17:37:13,930: save_locally() 'Image URL: https://www.bing.com/th?id=OHR.MalaysiaTea_EN-US3322214623_UHD.jpg'
INFO: 2024-05-23 17:37:13,930: save_locally() 'Local path: /home/amro/.config/variety/Downloaded/Bing/OHR.MalaysiaTea_EN-US3322214623_UHD.jpg'
INFO: 2024-05-23 17:37:13,930: save_locally() 'File already exists, skip downloading'
INFO: 2024-05-23 17:38:59,742: regular_change_thread() 'regular_change changes wallpaper'
INFO: 2024-05-23 17:38:59,743: set_wallpaper() 'Calling set_wallpaper with /home/amro/.config/variety/Downloaded/Bing/OHR.IndianStarTortoise_EN-US4160827746_UHD.jpg'
INFO: 2024-05-23 17:38:59,743: prepare_thread() 'Prepared buffer contains 13 images'
INFO: 2024-05-23 17:38:59,743: do_set_wp() 'Calling do_set_wp with /home/amro/.config/variety/Downloaded/Bing/OHR.IndianStarTortoise_EN-US4160827746_UHD.jpg, time: 1716475139.7438707'
INFO: 2024-05-23 17:38:59,749: update_indicator() 'Setting file info to: /home/amro/.config/variety/Downloaded/Bing/OHR.IndianStarTortoise_EN-US4160827746_UHD.jpg'
INFO: 2024-05-23 17:38:59,750: list_files() 'More than 1 files in the folders, stop listing'
INFO: 2024-05-23 17:39:01,743: trigger_download() 'Triggering download thread to check if download needed and possible'
INFO: 2024-05-23 17:39:01,743: trigger_download() 'Triggering download thread to check if download needed and possible'
INFO: 2024-05-23 17:39:01,744: get_throttling() 'Bing: parsing serverside options'
INFO: 2024-05-23 17:39:01,744: get_throttling() 'Could not parse Bing serverside options, using defaults None, None'
INFO: 2024-05-23 17:39:01,744: get_throttling() 'Bing: parsing serverside options'
INFO: 2024-05-23 17:39:01,744: get_throttling() 'Could not parse Bing serverside options, using defaults None, None'
INFO: 2024-05-23 17:39:01,744: download_one() 'Bing: Downloading an image, config: None'
INFO: 2024-05-23 17:39:01,744: download_one() 'Bing: Queue size: 1'
INFO: 2024-05-23 17:39:01,744: download_one() 'Bing: Queue populated with 1 URLs'
INFO: 2024-05-23 17:39:01,744: save_locally() 'Origin URL: https://www.bing.com/search?q=endangered+species+awareness+day&form=hpcapt&filters=HpDate%3a%2220240517_0700%22'
INFO: 2024-05-23 17:39:01,744: save_locally() 'Image URL: https://www.bing.com/th?id=OHR.TarangireElephants_EN-US8865263185_UHD.jpg'
INFO: 2024-05-23 17:39:01,744: save_locally() 'Local path: /home/amro/.config/variety/Downloaded/Bing/OHR.TarangireElephants_EN-US8865263185_UHD.jpg'
INFO: 2024-05-23 17:39:01,744: save_locally() 'File already exists, skip downloading'
